<?xml version="1.0" encoding="utf-8"?>
<TestRun id="bdf149aa-787c-4d44-9210-80a83dc47143" name="Administrator@DESKTOP-M8N84JA 2026-08-04 15:44:25" runUser="DESKTOP-M8N84JA\Administrator" xmlns="http://microsoft.com/schemas/VisualStudio/TeamTest/2010">
  <Times creation="2026-08-04T15:44:26.0068941+08:00" queuing="2026-08-04T15:44:26.0068945+08:00" start="2026-08-04T15:43:08.9746082+08:00" finish="2026-08-04T15:44:46.9000196+08:00" />
  <TestSettings name="default" id="ec2f7c93-7684-4af3-861c-0380f08f9020">
    <Deployment runDeploymentRoot="Administrator_DESKTOP-M8N84JA_2026-08-04_15_44_25" />
  </TestSettings>
  <Results>
    <UnitTestResult executionId="bb95a5c0-21f0-40c0-b9aa-d2d0b9bf1185" testId="a7cbc5d7-e026-7516-2269-5a6f848ae8bd" testName="验收#4 keyEvent 上行 → 事件表落库(IMEI/Method/Kind/AppCode/SlotNum/OccurredAt) + DispatchedToRules=true" computerName="DESKTOP-M8N84JA" duration="00:00:00.1752209" startTime="2026-08-04T15:44:39.8243719+08:00" endTime="2026-08-04T15:44:39.8243722+08:00" testType="13cdc9d9-ddb5-4fa4-a97d-d965ccfc6d4b" outcome="Passed" testListId="8c84fa94-04c1-424b-9868-57a2d4851a1d" relativeResultsDirectory="bb95a5c0-21f0-40c0-b9aa-d2d0b9bf1185" />
    <UnitTestResult executionId="c9bd8348-8cae-480a-824a-6ff05a9edc27" testId="cb67dde9-3057-3e14-f69c-c20834992112" testName="验收#6 GET /catalog 不传 deviceId → 36 条，且字段齐全" computerName="DESKTOP-M8N84JA" duration="00:00:00.1012296" startTime="2026-08-04T15:44:27.1016296+08:00" endTime="2026-08-04T15:44:27.1016298+08:00" testType="13cdc9d9-ddb5-4fa4-a97d-d965ccfc6d4b" outcome="Failed" testListId="8c84fa94-04c1-424b-9868-57a2d4851a1d" relativeResultsDirectory="c9bd8348-8cae-480a-824a-6ff05a9edc27">
      <Output>
        <ErrorInfo>
          <Message>Expected HasPropertyIgnoreCase(item, "params") to be True because 每项必须有 params，实际：{"method":"action","group":"开关动作/延时/电量实时/校准","description":"插槽开关动作","isEvent":false,"isBeta":false,"minFirmware":null,"supportedKinds":["Switch4G","SwitchWiFi"],"parameters":[{"name":"slotNum","type":"Int","required":true,"minFirmware":null,"allowedValues":null,"minimum":0,"maximum":null,"isSecret":false},{"name":"action","type":"String","required":true,"minFirmware":null,"allowedValues":["on","off","toggle"],"minimum":null,"maximum":null,"isSecret":false},{"name":"hasStopDelayTask","type":"Bool","required":false,"minFirmware":null,"allowedValues":null,"minimum":null,"maximum":null,"isSecret":false}]}, but found False.</Message>
          <StackTrace>   at FluentAssertions.Execution.XUnit2TestFramework.Throw(String message)&#xD;
   at FluentAssertions.Execution.TestFrameworkProvider.Throw(String message)&#xD;
   at FluentAssertions.Execution.DefaultAssertionStrategy.HandleFailure(String message)&#xD;
   at FluentAssertions.Execution.AssertionScope.FailWith(Func`1 failReasonFunc)&#xD;
   at FluentAssertions.Execution.AssertionScope.FailWith(Func`1 failReasonFunc)&#xD;
   at FluentAssertions.Execution.AssertionScope.FailWith(String message, Object[] args)&#xD;
   at FluentAssertions.Primitives.BooleanAssertions`1.BeTrue(String because, Object[] becauseArgs)&#xD;
   at IoTPlatform.IntegrationTests.AnSheng.AnShengCommandAcceptanceTests.GetCatalog_Returns36Items() in H:\IoTPlatform\tests\IoTPlatform.IntegrationTests\AnSheng\AnShengCommandAcceptanceTests.cs:line 121&#xD;
--- End of stack trace from previous location ---</StackTrace>
        </ErrorInfo>
      </Output>
    </UnitTestResult>
    <UnitTestResult executionId="88f0633c-6b41-42dd-9c66-62a6ca31d48e" testId="926ee394-1ca9-3add-d4c8-69cd1f582020" testName="验收#6 getDevStatus 自动上报 → DeviceDataRecord 落库(slot1_voltage/slot1_power/temperature + 专用列 + 旧键)" computerName="DESKTOP-M8N84JA" duration="00:00:00.3217792" startTime="2026-08-04T15:44:36.8958734+08:00" endTime="2026-08-04T15:44:36.8958737+08:00" testType="13cdc9d9-ddb5-4fa4-a97d-d965ccfc6d4b" outcome="Passed" testListId="8c84fa94-04c1-424b-9868-57a2d4851a1d" relativeResultsDirectory="88f0633c-6b41-42dd-9c66-62a6ca31d48e" />
    <UnitTestResult executionId="50ebf211-31d1-4b25-8372-36f372e02a57" testId="1f8ab0dc-b8ce-0b7c-1f3a-7b17aa178bc0" testName="验收#5-护栏 close 后无 connected → 窗口到期设备置 offline（证明上一条断言非平凡真）" computerName="DESKTOP-M8N84JA" duration="00:00:02.1491873" startTime="2026-08-04T15:44:39.3275024+08:00" endTime="2026-08-04T15:44:39.3275025+08:00" testType="13cdc9d9-ddb5-4fa4-a97d-d965ccfc6d4b" outcome="Passed" testListId="8c84fa94-04c1-424b-9868-57a2d4851a1d" relativeResultsDirectory="50ebf211-31d1-4b25-8372-36f372e02a57" />
    <UnitTestResult executionId="627da900-6a94-465a-bc7c-9a2cac999969" testId="6b05371f-d0ac-b9c4-9266-38f7ec1bafd7" testName="验收#5 无应答超时 → Record=Timeout/ErrorCode=TIMEOUT/在途表归零" computerName="DESKTOP-M8N84JA" duration="00:00:01.1800720" startTime="2026-08-04T15:44:31.9211506+08:00" endTime="2026-08-04T15:44:31.9211507+08:00" testType="13cdc9d9-ddb5-4fa4-a97d-d965ccfc6d4b" outcome="Passed" testListId="8c84fa94-04c1-424b-9868-57a2d4851a1d" relativeResultsDirectory="627da900-6a94-465a-bc7c-9a2cac999969" />
    <UnitTestResult executionId="c0afba48-ce32-4aca-b43e-8002c4ef3979" testId="388e9dc6-30fb-23e9-8854-de5d9c357858" testName="验收#5 批量无应答 → 一轮清扫后在途表归零且逐条置 Timeout" computerName="DESKTOP-M8N84JA" duration="00:00:02.9505969" startTime="2026-08-04T15:44:30.3841366+08:00" endTime="2026-08-04T15:44:30.3841367+08:00" testType="13cdc9d9-ddb5-4fa4-a97d-d965ccfc6d4b" outcome="Passed" testListId="8c84fa94-04c1-424b-9868-57a2d4851a1d" relativeResultsDirectory="c0afba48-ce32-4aca-b43e-8002c4ef3979" />
    <UnitTestResult executionId="c348e2f0-4c81-4193-b779-34ac38a6aad3" testId="5831a692-258d-9678-b65d-8820e2c9fe81" testName="验收#2 认领 4G 四路开关 → 探测两条指令、品类=Switch4G、Profile 落库、Category=4G开关" computerName="DESKTOP-M8N84JA" duration="00:00:01.0194625" startTime="2026-08-04T15:44:25.9768229+08:00" endTime="2026-08-04T15:44:25.9768404+08:00" testType="13cdc9d9-ddb5-4fa4-a97d-d965ccfc6d4b" outcome="Passed" testListId="8c84fa94-04c1-424b-9868-57a2d4851a1d" relativeResultsDirectory="c348e2f0-4c81-4193-b779-34ac38a6aad3" />
    <UnitTestResult executionId="8e129c05-1a6e-4821-9424-f0ed1ba9ef6d" testId="0a84268f-f2e4-8988-79cd-3ce42386ea4e" testName="验收#4 探测超时 → 返回 PROBE_FAILED、ProbeStatus=ProbeFailed，且不创建任何设备行" computerName="DESKTOP-M8N84JA" duration="00:00:00.4720930" startTime="2026-08-04T15:44:26.8279578+08:00" endTime="2026-08-04T15:44:26.8279579+08:00" testType="13cdc9d9-ddb5-4fa4-a97d-d965ccfc6d4b" outcome="Passed" testListId="8c84fa94-04c1-424b-9868-57a2d4851a1d" relativeResultsDirectory="8e129c05-1a6e-4821-9424-f0ed1ba9ef6d" />
    <UnitTestResult executionId="f3b5d06c-16cf-4290-b601-6d549988d42f" testId="ef2170be-3d71-7f9c-42da-323af5ddacda" testName="验收#6变体 GET /catalog?deviceId → 按 Kind 过滤，条数 ≤36" computerName="DESKTOP-M8N84JA" duration="00:00:00.0652282" startTime="2026-08-04T15:44:30.6297846+08:00" endTime="2026-08-04T15:44:30.6297848+08:00" testType="13cdc9d9-ddb5-4fa4-a97d-d965ccfc6d4b" outcome="Passed" testListId="8c84fa94-04c1-424b-9868-57a2d4851a1d" relativeResultsDirectory="f3b5d06c-16cf-4290-b601-6d549988d42f" />
    <UnitTestResult executionId="7a46695f-a9e8-441d-b4cb-7fc16aa79769" testId="4cda831a-8373-0593-48bb-7d7001cd05ec" testName="验收#5 close 后窗口内收到 connected → 设备保持 online（去抖生效、无直连置离线通路）" computerName="DESKTOP-M8N84JA" duration="00:00:04.2903712" startTime="2026-08-04T15:44:36.3800316+08:00" endTime="2026-08-04T15:44:36.3800318+08:00" testType="13cdc9d9-ddb5-4fa4-a97d-d965ccfc6d4b" outcome="Passed" testListId="8c84fa94-04c1-424b-9868-57a2d4851a1d" relativeResultsDirectory="7a46695f-a9e8-441d-b4cb-7fc16aa79769" />
  </Results>
  <TestDefinitions>
    <UnitTest name="验收#6变体 GET /catalog?deviceId → 按 Kind 过滤，条数 ≤36" storage="h:\iotplatform\tests\iotplatform.integrationtests\bin\debug\net8.0\iotplatform.integrationtests.dll" id="ef2170be-3d71-7f9c-42da-323af5ddacda">
      <Execution id="f3b5d06c-16cf-4290-b601-6d549988d42f" />
      <TestMethod codeBase="H:\IoTPlatform\tests\IoTPlatform.IntegrationTests\bin\Debug\net8.0\IoTPlatform.IntegrationTests.dll" adapterTypeName="executor://xunit/VsTestRunner2/netcoreapp" className="IoTPlatform.IntegrationTests.AnSheng.AnShengCommandAcceptanceTests" name="GetCatalog_WithDeviceId_FiltersByKind" />
    </UnitTest>
    <UnitTest name="验收#6 getDevStatus 自动上报 → DeviceDataRecord 落库(slot1_voltage/slot1_power/temperature + 专用列 + 旧键)" storage="h:\iotplatform\tests\iotplatform.integrationtests\bin\debug\net8.0\iotplatform.integrationtests.dll" id="926ee394-1ca9-3add-d4c8-69cd1f582020">
      <Execution id="88f0633c-6b41-42dd-9c66-62a6ca31d48e" />
      <TestMethod codeBase="H:\IoTPlatform\tests\IoTPlatform.IntegrationTests\bin\Debug\net8.0\IoTPlatform.IntegrationTests.dll" adapterTypeName="executor://xunit/VsTestRunner2/netcoreapp" className="IoTPlatform.IntegrationTests.AnSheng.AnShengEventTests" name="Acceptance6_GetDevStatus_AutoReport_Should_Persist_Flattened_Slot_Fields" />
    </UnitTest>
    <UnitTest name="验收#6 GET /catalog 不传 deviceId → 36 条，且字段齐全" storage="h:\iotplatform\tests\iotplatform.integrationtests\bin\debug\net8.0\iotplatform.integrationtests.dll" id="cb67dde9-3057-3e14-f69c-c20834992112">
      <Execution id="c9bd8348-8cae-480a-824a-6ff05a9edc27" />
      <TestMethod codeBase="H:\IoTPlatform\tests\IoTPlatform.IntegrationTests\bin\Debug\net8.0\IoTPlatform.IntegrationTests.dll" adapterTypeName="executor://xunit/VsTestRunner2/netcoreapp" className="IoTPlatform.IntegrationTests.AnSheng.AnShengCommandAcceptanceTests" name="GetCatalog_Returns36Items" />
    </UnitTest>
    <UnitTest name="验收#4 keyEvent 上行 → 事件表落库(IMEI/Method/Kind/AppCode/SlotNum/OccurredAt) + DispatchedToRules=true" storage="h:\iotplatform\tests\iotplatform.integrationtests\bin\debug\net8.0\iotplatform.integrationtests.dll" id="a7cbc5d7-e026-7516-2269-5a6f848ae8bd">
      <Execution id="bb95a5c0-21f0-40c0-b9aa-d2d0b9bf1185" />
      <TestMethod codeBase="H:\IoTPlatform\tests\IoTPlatform.IntegrationTests\bin\Debug\net8.0\IoTPlatform.IntegrationTests.dll" adapterTypeName="executor://xunit/VsTestRunner2/netcoreapp" className="IoTPlatform.IntegrationTests.AnSheng.AnShengEventTests" name="Acceptance4_KeyEvent_Should_Persist_Event_Row_And_Dispatch_To_Rules" />
    </UnitTest>
    <UnitTest name="验收#5 无应答超时 → Record=Timeout/ErrorCode=TIMEOUT/在途表归零" storage="h:\iotplatform\tests\iotplatform.integrationtests\bin\debug\net8.0\iotplatform.integrationtests.dll" id="6b05371f-d0ac-b9c4-9266-38f7ec1bafd7">
      <Execution id="627da900-6a94-465a-bc7c-9a2cac999969" />
      <TestMethod codeBase="H:\IoTPlatform\tests\IoTPlatform.IntegrationTests\bin\Debug\net8.0\IoTPlatform.IntegrationTests.dll" adapterTypeName="executor://xunit/VsTestRunner2/netcoreapp" className="IoTPlatform.IntegrationTests.AnSheng.AnShengCommandAcceptanceTests" name="Timeout_MarksRecordTimeout_AndClearsStore" />
    </UnitTest>
    <UnitTest name="验收#2 认领 4G 四路开关 → 探测两条指令、品类=Switch4G、Profile 落库、Category=4G开关" storage="h:\iotplatform\tests\iotplatform.integrationtests\bin\debug\net8.0\iotplatform.integrationtests.dll" id="5831a692-258d-9678-b65d-8820e2c9fe81">
      <Execution id="c348e2f0-4c81-4193-b779-34ac38a6aad3" />
      <TestMethod codeBase="H:\IoTPlatform\tests\IoTPlatform.IntegrationTests\bin\Debug\net8.0\IoTPlatform.IntegrationTests.dll" adapterTypeName="executor://xunit/VsTestRunner2/netcoreapp" className="IoTPlatform.IntegrationTests.AnSheng.AnShengClaimTests" name="Claim_4GSwitch_ProbesAndCreatesDeviceWithCorrectProfile" />
    </UnitTest>
    <UnitTest name="验收#4 探测超时 → 返回 PROBE_FAILED、ProbeStatus=ProbeFailed，且不创建任何设备行" storage="h:\iotplatform\tests\iotplatform.integrationtests\bin\debug\net8.0\iotplatform.integrationtests.dll" id="0a84268f-f2e4-8988-79cd-3ce42386ea4e">
      <Execution id="8e129c05-1a6e-4821-9424-f0ed1ba9ef6d" />
      <TestMethod codeBase="H:\IoTPlatform\tests\IoTPlatform.IntegrationTests\bin\Debug\net8.0\IoTPlatform.IntegrationTests.dll" adapterTypeName="executor://xunit/VsTestRunner2/netcoreapp" className="IoTPlatform.IntegrationTests.AnSheng.AnShengClaimTests" name="Claim_WhenProbeTimesOut_ShouldFailExplicitlyAndCreateNoDevice" />
    </UnitTest>
    <UnitTest name="验收#5 批量无应答 → 一轮清扫后在途表归零且逐条置 Timeout" storage="h:\iotplatform\tests\iotplatform.integrationtests\bin\debug\net8.0\iotplatform.integrationtests.dll" id="388e9dc6-30fb-23e9-8854-de5d9c357858">
      <Execution id="c0afba48-ce32-4aca-b43e-8002c4ef3979" />
      <TestMethod codeBase="H:\IoTPlatform\tests\IoTPlatform.IntegrationTests\bin\Debug\net8.0\IoTPlatform.IntegrationTests.dll" adapterTypeName="executor://xunit/VsTestRunner2/netcoreapp" className="IoTPlatform.IntegrationTests.AnSheng.AnShengCommandAcceptanceTests" name="Timeout_ManyCommands_AllMarkedAndStoreDrainsToZero" />
    </UnitTest>
    <UnitTest name="验收#5-护栏 close 后无 connected → 窗口到期设备置 offline（证明上一条断言非平凡真）" storage="h:\iotplatform\tests\iotplatform.integrationtests\bin\debug\net8.0\iotplatform.integrationtests.dll" id="1f8ab0dc-b8ce-0b7c-1f3a-7b17aa178bc0">
      <Execution id="50ebf211-31d1-4b25-8372-36f372e02a57" />
      <TestMethod codeBase="H:\IoTPlatform\tests\IoTPlatform.IntegrationTests\bin\Debug\net8.0\IoTPlatform.IntegrationTests.dll" adapterTypeName="executor://xunit/VsTestRunner2/netcoreapp" className="IoTPlatform.IntegrationTests.AnSheng.AnShengEventTests" name="Guard_Close_Without_Connected_Should_Set_Device_Offline" />
    </UnitTest>
    <UnitTest name="验收#5 close 后窗口内收到 connected → 设备保持 online（去抖生效、无直连置离线通路）" storage="h:\iotplatform\tests\iotplatform.integrationtests\bin\debug\net8.0\iotplatform.integrationtests.dll" id="4cda831a-8373-0593-48bb-7d7001cd05ec">
      <Execution id="7a46695f-a9e8-441d-b4cb-7fc16aa79769" />
      <TestMethod codeBase="H:\IoTPlatform\tests\IoTPlatform.IntegrationTests\bin\Debug\net8.0\IoTPlatform.IntegrationTests.dll" adapterTypeName="executor://xunit/VsTestRunner2/netcoreapp" className="IoTPlatform.IntegrationTests.AnSheng.AnShengEventTests" name="Acceptance5_Connected_Within_DebounceWindow_Should_Keep_Device_Online" />
    </UnitTest>
  </TestDefinitions>
  <TestEntries>
    <TestEntry testId="a7cbc5d7-e026-7516-2269-5a6f848ae8bd" executionId="bb95a5c0-21f0-40c0-b9aa-d2d0b9bf1185" testListId="8c84fa94-04c1-424b-9868-57a2d4851a1d" />
    <TestEntry testId="cb67dde9-3057-3e14-f69c-c20834992112" executionId="c9bd8348-8cae-480a-824a-6ff05a9edc27" testListId="8c84fa94-04c1-424b-9868-57a2d4851a1d" />
    <TestEntry testId="926ee394-1ca9-3add-d4c8-69cd1f582020" executionId="88f0633c-6b41-42dd-9c66-62a6ca31d48e" testListId="8c84fa94-04c1-424b-9868-57a2d4851a1d" />
    <TestEntry testId="1f8ab0dc-b8ce-0b7c-1f3a-7b17aa178bc0" executionId="50ebf211-31d1-4b25-8372-36f372e02a57" testListId="8c84fa94-04c1-424b-9868-57a2d4851a1d" />
    <TestEntry testId="6b05371f-d0ac-b9c4-9266-38f7ec1bafd7" executionId="627da900-6a94-465a-bc7c-9a2cac999969" testListId="8c84fa94-04c1-424b-9868-57a2d4851a1d" />
    <TestEntry testId="388e9dc6-30fb-23e9-8854-de5d9c357858" executionId="c0afba48-ce32-4aca-b43e-8002c4ef3979" testListId="8c84fa94-04c1-424b-9868-57a2d4851a1d" />
    <TestEntry testId="5831a692-258d-9678-b65d-8820e2c9fe81" executionId="c348e2f0-4c81-4193-b779-34ac38a6aad3" testListId="8c84fa94-04c1-424b-9868-57a2d4851a1d" />
    <TestEntry testId="0a84268f-f2e4-8988-79cd-3ce42386ea4e" executionId="8e129c05-1a6e-4821-9424-f0ed1ba9ef6d" testListId="8c84fa94-04c1-424b-9868-57a2d4851a1d" />
    <TestEntry testId="ef2170be-3d71-7f9c-42da-323af5ddacda" executionId="f3b5d06c-16cf-4290-b601-6d549988d42f" testListId="8c84fa94-04c1-424b-9868-57a2d4851a1d" />
    <TestEntry testId="4cda831a-8373-0593-48bb-7d7001cd05ec" executionId="7a46695f-a9e8-441d-b4cb-7fc16aa79769" testListId="8c84fa94-04c1-424b-9868-57a2d4851a1d" />
  </TestEntries>
  <TestLists>
    <TestList name="列表中未列出的结果" id="8c84fa94-04c1-424b-9868-57a2d4851a1d" />
    <TestList name="所有已加载的结果" id="19431567-8539-422a-85d7-44ee4e166bda" />
  </TestLists>
  <ResultSummary outcome="Failed">
    <Counters total="10" executed="10" passed="9" failed="1" error="0" timeout="0" aborted="0" inconclusive="0" passedButRunAborted="0" notRunnable="0" notExecuted="0" disconnected="0" warning="0" completed="0" inProgress="0" pending="0" />
    <Output>
      <StdOut>[xUnit.net 00:00:00.00] xUnit.net VSTest Adapter v2.8.2+699d445a1a (64-bit .NET 8.0.26)&#xD;
[xUnit.net 00:00:00.13]   Discovering: IoTPlatform.IntegrationTests&#xD;
[xUnit.net 00:00:00.17]   Discovered:  IoTPlatform.IntegrationTests&#xD;
[xUnit.net 00:00:00.17]   Starting:    IoTPlatform.IntegrationTests&#xD;
[MySqlDbProvisioner] �Ѵ������Կ� `iot_platform_test_main_20260804154309_0166` @ 192.168.3.7:3306 (server=5.7.26, ��Դ=�ֿ�� appsettings*.json:ConnectionStrings:DefaultConnection���Ѱ��� Database��)&#xD;
[15:43:10 INF] ��鲢Ӧ�����ݿ�Ǩ��...&#xD;
[15:43:11 INF] Executed DbCommand (3ms) [Parameters=[], CommandType='Text', CommandTimeout='30']&#xD;
SELECT 1 FROM INFORMATION_SCHEMA.TABLES WHERE TABLE_SCHEMA='iot_platform_test_main_20260804154309_0166' AND TABLE_NAME='__EFMigrationsHistory';&#xD;
[15:43:12 INF] Executed DbCommand (291ms) [Parameters=[], CommandType='Text', CommandTimeout='30']&#xD;
CREATE TABLE `__EFMigrationsHistory` (&#xD;
    `MigrationId` varchar(150) CHARACTER SET utf8mb4 NOT NULL,&#xD;
    `ProductVersion` varchar(32) CHARACTER SET utf8mb4 NOT NULL,&#xD;
    CONSTRAINT `PK___EFMigrationsHistory` PRIMARY KEY (`MigrationId`)&#xD;
) CHARACTER SET=utf8mb4;&#xD;
[15:43:12 INF] Executed DbCommand (1ms) [Parameters=[], CommandType='Text', CommandTimeout='30']&#xD;
SELECT 1 FROM INFORMATION_SCHEMA.TABLES WHERE TABLE_SCHEMA='iot_platform_test_main_20260804154309_0166' AND TABLE_NAME='__EFMigrationsHistory';&#xD;
[15:43:12 INF] Executed DbCommand (2ms) [Parameters=[], CommandType='Text', CommandTimeout='30']&#xD;
SELECT `MigrationId`, `ProductVersion`&#xD;
FROM `__EFMigrationsHistory`&#xD;
ORDER BY `MigrationId`;&#xD;
[15:43:12 INF] Applying migration '20260330025826_Initial'.&#xD;
[15:43:12 INF] Executed DbCommand (1ms) [Parameters=[], CommandType='Text', CommandTimeout='30']&#xD;
ALTER DATABASE CHARACTER SET utf8mb4;&#xD;
[15:43:12 INF] Executed DbCommand (372ms) [Parameters=[], CommandType='Text', CommandTimeout='30']&#xD;
CREATE TABLE `customers` (&#xD;
    `Id` bigint NOT NULL AUTO_INCREMENT,&#xD;
    `Name` varchar(200) CHARACTER SET utf8mb4 NOT NULL,&#xD;
    `Code` varchar(50) CHARACTER SET utf8mb4 NOT NULL,&#xD;
    `AppCode` varchar(50) CHARACTER SET utf8mb4 NOT NULL,&#xD;
    `ContactPerson` varchar(100) CHARACTER SET utf8mb4 NULL,&#xD;
    `ContactPhone` varchar(20) CHARACTER SET utf8mb4 NULL,&#xD;
    `ContactEmail` varchar(100) CHARACTER SET utf8mb4 NULL,&#xD;
    `Phone` varchar(20) CHARACTER SET utf8mb4 NULL,&#xD;
    `Address` varchar(500) CHARACTER SET utf8mb4 NULL,&#xD;
    `Industry` varchar(100) CHARACTER SET utf8mb4 NULL,&#xD;
    `LicenseKey` varchar(100) CHARACTER SET utf8mb4 NULL,&#xD;
    `LicenseExpireDate` datetime(6) NULL,&#xD;
    `MaxDeviceCount` int NOT NULL,&#xD;
    `MaxUserCount` int NOT NULL,&#xD;
    `MaxAreaCount` int NOT NULL,&#xD;
    `Status` varchar(20) CHARACTER SET utf8mb4 NOT NULL,&#xD;
    `CreatedAt` datetime(6) NOT NULL,&#xD;
    `UpdatedAt` datetime(6) NOT NULL,&#xD;
    CONSTRAINT `PK_customers` PRIMARY KEY (`Id`)&#xD;
) CHARACTER SET=utf8mb4;&#xD;
[15:43:12 INF] Executed DbCommand (205ms) [Parameters=[], CommandType='Text', CommandTimeout='30']&#xD;
CREATE TABLE `dictionary_types` (&#xD;
    `Id` bigint NOT NULL AUTO_INCREMENT,&#xD;
    `Code` varchar(50) CHARACTER SET utf8mb4 NOT NULL,&#xD;
    `Name` varchar(100) CHARACTER SET utf8mb4 NOT NULL,&#xD;
    `Description` varchar(500) CHARACTER SET utf8mb4 NULL,&#xD;
    `SortOrder` int NOT NULL,&#xD;
    `IsActive` tinyint(1) NOT NULL,&#xD;
    `AppCode` varchar(255) CHARACTER SET utf8mb4 NULL,&#xD;
    `CreatedAt` datetime(6) NOT NULL,&#xD;
    `UpdatedAt` datetime(6) NOT NULL,&#xD;
    CONSTRAINT `PK_dictionary_types` PRIMARY KEY (`Id`)&#xD;
) CHARACTER SET=utf8mb4;&#xD;
[15:43:13 INF] Executed DbCommand (219ms) [Parameters=[], CommandType='Text', CommandTimeout='30']&#xD;
CREATE TABLE `login_logs` (&#xD;
    `Id` bigint NOT NULL AUTO_INCREMENT,&#xD;
    `UserId` bigint NULL,&#xD;
    `Email` varchar(200) CHARACTER SET utf8mb4 NULL,&#xD;
    `UserName` varchar(100) CHARACTER SET utf8mb4 NULL,&#xD;
    `Role` varchar(100) CHARACTER SET utf8mb4 NULL,&#xD;
    `IpAddress` varchar(50) CHARACTER SET utf8mb4 NULL,&#xD;
    `IP` varchar(50) CHARACTER SET utf8mb4 NULL,&#xD;
    `UserAgent` varchar(500) CHARACTER SET utf8mb4 NULL,&#xD;
    `Status` varchar(20) CHARACTER SET utf8mb4 NULL,&#xD;
    `FailureReason` varchar(500) CHARACTER SET utf8mb4 NULL,&#xD;
    `LoginTime` datetime(6) NOT NULL,&#xD;
    `Location` varchar(50) CHARACTER SET utf8mb4 NULL,&#xD;
    `AppCode` longtext CHARACTER SET utf8mb4 NULL,&#xD;
    CONSTRAINT `PK_login_logs` PRIMARY KEY (`Id`)&#xD;
) CHARACTER SET=utf8mb4;&#xD;
[15:43:13 INF] Executed DbCommand (357ms) [Parameters=[], CommandType='Text', CommandTimeout='30']&#xD;
CREATE TABLE `operation_logs` (&#xD;
    `Id` bigint NOT NULL AUTO_INCREMENT,&#xD;
    `UserId` bigint NOT NULL,&#xD;
    `UserName` varchar(100) CHARACTER SET utf8mb4 NULL,&#xD;
    `Role` varchar(50) CHARACTER SET utf8mb4 NULL,&#xD;
    `CreatedAt` datetime(6) NOT NULL,&#xD;
    `OperationTime` datetime(6) NOT NULL,&#xD;
    `Time` datetime(6) NOT NULL,&#xD;
    `Module` varchar(50) CHARACTER SET utf8mb4 NULL,&#xD;
    `Operation` varchar(50) CHARACTER SET utf8mb4 NOT NULL,&#xD;
    `Action` varchar(50) CHARACTER SET utf8mb4 NOT NULL,&#xD;
    `Target` varchar(200) CHARACTER SET utf8mb4 NULL,&#xD;
    `Detail` varchar(2000) CHARACTER SET utf8mb4 NULL,&#xD;
    `IP` varchar(50) CHARACTER SET utf8mb4 NULL,&#xD;
    `Status` varchar(20) CHARACTER SET utf8mb4 NOT NULL,&#xD;
    `Duration` int NULL,&#xD;
    `AppCode` longtext CHARACTER SET utf8mb4 NULL,&#xD;
    CONSTRAINT `PK_operation_logs` PRIMARY KEY (`Id`)&#xD;
) CHARACTER SET=utf8mb4;&#xD;
[15:43:14 INF] Executed DbCommand (601ms) [Parameters=[], CommandType='Text', CommandTimeout='30']&#xD;
CREATE TABLE `protocol_configs` (&#xD;
    `Id` bigint NOT NULL AUTO_INCREMENT,&#xD;
    `Name` varchar(100) CHARACTER SET utf8mb4 NOT NULL,&#xD;
    `Type` varchar(50) CHARACTER SET utf8mb4 NOT NULL,&#xD;
    `ProtocolType` varchar(50) CHARACTER SET utf8mb4 NULL,&#xD;
    `Status` varchar(20) CHARACTER SET utf8mb4 NOT NULL,&#xD;
    `IsActive` tinyint(1) NOT NULL,&#xD;
    `DeviceIds` longtext CHARACTER SET utf8mb4 NULL,&#xD;
    `Config` longtext CHARACTER SET utf8mb4 NULL,&#xD;
    `Description` varchar(500) CHARACTER SET utf8mb4 NULL,&#xD;
    `AppCode` varchar(255) CHARACTER SET utf8mb4 NULL,&#xD;
    `CreatedAt` datetime(6) NOT NULL,&#xD;
    `UpdatedAt` datetime(6) NOT NULL,&#xD;
    CONSTRAINT `PK_protocol_configs` PRIMARY KEY (`Id`)&#xD;
) CHARACTER SET=utf8mb4;&#xD;
[15:43:14 INF] Executed DbCommand (194ms) [Parameters=[], CommandType='Text', CommandTimeout='30']&#xD;
CREATE TABLE `roles` (&#xD;
    `Id` bigint NOT NULL AUTO_INCREMENT,&#xD;
    `Code` varchar(50) CHARACTER SET utf8mb4 NOT NULL,&#xD;
    `Name` varchar(100) CHARACTER SET utf8mb4 NOT NULL,&#xD;
    `Description` varchar(500) CHARACTER SET utf8mb4 NULL,&#xD;
    `Permissions` longtext CHARACTER SET utf8mb4 NULL,&#xD;
    `DataScope` varchar(10) CHARACTER SET utf8mb4 NOT NULL,&#xD;
    `AppCode` varchar(255) CHARACTER SET utf8mb4 NULL,&#xD;
    `IsSystem` tinyint(1) NOT NULL,&#xD;
    `IsDefault` tinyint(1) NOT NULL,&#xD;
    `Status` longtext CHARACTER SET utf8mb4 NOT NULL,&#xD;
    `CreatedAt` datetime(6) NOT NULL,&#xD;
    `UpdatedAt` datetime(6) NOT NULL,&#xD;
    CONSTRAINT `PK_roles` PRIMARY KEY (`Id`)&#xD;
) CHARACTER SET=utf8mb4;&#xD;
[15:43:14 INF] Executed DbCommand (231ms) [Parameters=[], CommandType='Text', CommandTimeout='30']&#xD;
CREATE TABLE `system_settings` (&#xD;
    `Id` bigint NOT NULL AUTO_INCREMENT,&#xD;
    `Key` varchar(100) CHARACTER SET utf8mb4 NOT NULL,&#xD;
    `Value` longtext CHARACTER SET utf8mb4 NOT NULL,&#xD;
    `Description` varchar(200) CHARACTER SET utf8mb4 NULL,&#xD;
    `Category` varchar(50) CHARACTER SET utf8mb4 NULL,&#xD;
    `ValueType` varchar(20) CHARACTER SET utf8mb4 NULL,&#xD;
    `AppCode` varchar(255) CHARACTER SET utf8mb4 NULL,&#xD;
    `IsActive` tinyint(1) NOT NULL,&#xD;
    `SortOrder` int NOT NULL,&#xD;
    `CreatedAt` datetime(6) NOT NULL,&#xD;
    `UpdatedAt` datetime(6) NOT NULL,&#xD;
    CONSTRAINT `PK_system_settings` PRIMARY KEY (`Id`)&#xD;
) CHARACTER SET=utf8mb4;&#xD;
[15:43:14 INF] Executed DbCommand (326ms) [Parameters=[], CommandType='Text', CommandTimeout='30']&#xD;
CREATE TABLE `areas` (&#xD;
    `Id` bigint NOT NULL AUTO_INCREMENT,&#xD;
    `Name` varchar(200) CHARACTER SET utf8mb4 NOT NULL,&#xD;
    `Type` varchar(10) CHARACTER SET utf8mb4 NOT NULL,&#xD;
    `Image` varchar(500) CHARACTER SET utf8mb4 NULL,&#xD;
    `ParentId` bigint NULL,&#xD;
    `CustomerId` bigint NULL,&#xD;
    `AppCode` varchar(255) CHARACTER SET utf8mb4 NULL,&#xD;
    `Description` varchar(500) CHARACTER SET utf8mb4 NULL,&#xD;
    `DeviceCount` int NOT NULL,&#xD;
    `SortOrder` int NOT NULL,&#xD;
    `CreatedAt` datetime(6) NOT NULL,&#xD;
    `UpdatedAt` datetime(6) NOT NULL,&#xD;
    CONSTRAINT `PK_areas` PRIMARY KEY (`Id`),&#xD;
    CONSTRAINT `FK_areas_areas_ParentId` FOREIGN KEY (`ParentId`) REFERENCES `areas` (`Id`) ON DELETE RESTRICT,&#xD;
    CONSTRAINT `FK_areas_customers_CustomerId` FOREIGN KEY (`CustomerId`) REFERENCES `customers` (`Id`)&#xD;
) CHARACTER SET=utf8mb4;&#xD;
[15:43:15 INF] Executed DbCommand (388ms) [Parameters=[], CommandType='Text', CommandTimeout='30']&#xD;
CREATE TABLE `projects` (&#xD;
    `Id` bigint NOT NULL AUTO_INCREMENT,&#xD;
    `CustomerId` bigint NOT NULL,&#xD;
    `Name` varchar(200) CHARACTER SET utf8mb4 NOT NULL,&#xD;
    `Address` varchar(500) CHARACTER SET utf8mb4 NULL,&#xD;
    `DeviceCount` int NOT NULL,&#xD;
    `OnlineDate` datetime(6) NULL,&#xD;
    `Status` varchar(20) CHARACTER SET utf8mb4 NOT NULL,&#xD;
    `AppCode` varchar(255) CHARACTER SET utf8mb4 NULL,&#xD;
    `CreatedAt` datetime(6) NOT NULL,&#xD;
    `UpdatedAt` datetime(6) NOT NULL,&#xD;
    CONSTRAINT `PK_projects` PRIMARY KEY (`Id`),&#xD;
    CONSTRAINT `FK_projects_customers_CustomerId` FOREIGN KEY (`CustomerId`) REFERENCES `customers` (`Id`) ON DELETE CASCADE&#xD;
) CHARACTER SET=utf8mb4;&#xD;
[15:43:15 INF] Executed DbCommand (263ms) [Parameters=[], CommandType='Text', CommandTimeout='30']&#xD;
CREATE TABLE `dictionary_items` (&#xD;
    `Id` bigint NOT NULL AUTO_INCREMENT,&#xD;
    `Type` varchar(50) CHARACTER SET utf8mb4 NOT NULL,&#xD;
    `TypeCode` varchar(50) CHARACTER SET utf8mb4 NULL,&#xD;
    `Code` varchar(50) CHARACTER SET utf8mb4 NOT NULL,&#xD;
    `Name` varchar(100) CHARACTER SET utf8mb4 NOT NULL,&#xD;
    `Sort` int NOT NULL,&#xD;
    `Description` varchar(500) CHARACTER SET utf8mb4 NULL,&#xD;
    `Status` varchar(20) CHARACTER SET utf8mb4 NOT NULL,&#xD;
    `AppCode` varchar(255) CHARACTER SET utf8mb4 NULL,&#xD;
    `CreatedAt` datetime(6) NOT NULL,&#xD;
    `UpdatedAt` datetime(6) NOT NULL,&#xD;
    `DictionaryTypeConfigId` bigint NULL,&#xD;
    CONSTRAINT `PK_dictionary_items` PRIMARY KEY (`Id`),&#xD;
    CONSTRAINT `FK_dictionary_items_dictionary_types_DictionaryTypeConfigId` FOREIGN KEY (`DictionaryTypeConfigId`) REFERENCES `dictionary_types` (`Id`)&#xD;
) CHARACTER SET=utf8mb4;&#xD;
[15:43:15 INF] Executed DbCommand (337ms) [Parameters=[], CommandType='Text', CommandTimeout='30']&#xD;
CREATE TABLE `users` (&#xD;
    `Id` bigint NOT NULL AUTO_INCREMENT,&#xD;
    `Username` varchar(100) CHARACTER SET utf8mb4 NOT NULL,&#xD;
    `Password` varchar(500) CHARACTER SET utf8mb4 NOT NULL,&#xD;
    `Name` varchar(100) CHARACTER SET utf8mb4 NOT NULL,&#xD;
    `FullName` varchar(100) CHARACTER SET utf8mb4 NOT NULL,&#xD;
    `Email` varchar(200) CHARACTER SET utf8mb4 NOT NULL,&#xD;
    `Phone` varchar(20) CHARACTER SET utf8mb4 NULL,&#xD;
    `Status` varchar(20) CHARACTER SET utf8mb4 NOT NULL,&#xD;
    `IsSuperAdmin` tinyint(1) NOT NULL,&#xD;
    `RoleId` bigint NULL,&#xD;
    `Role` varchar(50) CHARACTER SET utf8mb4 NOT NULL,&#xD;
    `CustomerId` bigint NULL,&#xD;
    `AppCode` varchar(255) CHARACTER SET utf8mb4 NULL,&#xD;
    `Avatar` varchar(200) CHARACTER SET utf8mb4 NULL,&#xD;
    `AllowedAreaIds` longtext CHARACTER SET utf8mb4 NULL,&#xD;
    `EnergyTypes` json NULL,&#xD;
    `IsActive` tinyint(1) NOT NULL,&#xD;
    `LastLoginTime` datetime(6) NULL,&#xD;
    `CreatedAt` datetime(6) NOT NULL,&#xD;
    `UpdatedAt` datetime(6) NOT NULL,&#xD;
    CONSTRAINT `PK_users` PRIMARY KEY (`Id`),&#xD;
    CONSTRAINT `FK_users_customers_CustomerId` FOREIGN KEY (`CustomerId`) REFERENCES `customers` (`Id`),&#xD;
    CONSTRAINT `FK_users_roles_RoleId` FOREIGN KEY (`RoleId`) REFERENCES `roles` (`Id`)&#xD;
) CHARACTER SET=utf8mb4;&#xD;
[15:43:16 INF] Executed DbCommand (264ms) [Parameters=[], CommandType='Text', CommandTimeout='30']&#xD;
CREATE TABLE `archives` (&#xD;
    `Id` bigint NOT NULL AUTO_INCREMENT,&#xD;
    `Name` varchar(200) CHARACTER SET utf8mb4 NOT NULL,&#xD;
    `AppCode` varchar(50) CHARACTER SET utf8mb4 NULL,&#xD;
    `Type` varchar(50) CHARACTER SET utf8mb4 NULL,&#xD;
    `Size` varchar(20) CHARACTER SET utf8mb4 NULL,&#xD;
    `Date` datetime(6) NULL,&#xD;
    `Category` varchar(50) CHARACTER SET utf8mb4 NULL,&#xD;
    `Is3DModel` tinyint(1) NOT NULL,&#xD;
    `ProjectId` bigint NULL,&#xD;
    `AreaId` bigint NULL,&#xD;
    `ImageUrl` varchar(500) CHARACTER SET utf8mb4 NULL,&#xD;
    `FilePath` varchar(500) CHARACTER SET utf8mb4 NULL,&#xD;
    `SceneConfig` longtext CHARACTER SET utf8mb4 NULL,&#xD;
    `AppCodeTenant` longtext CHARACTER SET utf8mb4 NULL,&#xD;
    `CreatedAt` datetime(6) NOT NULL,&#xD;
    `UpdatedAt` datetime(6) NOT NULL,&#xD;
    CONSTRAINT `PK_archives` PRIMARY KEY (`Id`),&#xD;
    CONSTRAINT `FK_archives_areas_AreaId` FOREIGN KEY (`AreaId`) REFERENCES `areas` (`Id`)&#xD;
) CHARACTER SET=utf8mb4;&#xD;
[15:43:16 INF] Executed DbCommand (545ms) [Parameters=[], CommandType='Text', CommandTimeout='30']&#xD;
CREATE TABLE `cameras` (&#xD;
    `Id` bigint NOT NULL AUTO_INCREMENT,&#xD;
    `Name` varchar(200) CHARACTER SET utf8mb4 NOT NULL,&#xD;
    `AreaId` bigint NULL,&#xD;
    `StreamUrl` varchar(500) CHARACTER SET utf8mb4 NULL,&#xD;
    `ImageUrl` varchar(500) CHARACTER SET utf8mb4 NULL,&#xD;
    `Protocol` varchar(20) CHARACTER SET utf8mb4 NULL,&#xD;
    `Type` varchar(50) CHARACTER SET utf8mb4 NULL,&#xD;
    `Resolution` varchar(20) CHARACTER SET utf8mb4 NULL,&#xD;
    `Status` varchar(20) CHARACTER SET utf8mb4 NOT NULL,&#xD;
    `AppCode` varchar(255) CHARACTER SET utf8mb4 NULL,&#xD;
    `CreatedAt` datetime(6) NOT NULL,&#xD;
    `UpdatedAt` datetime(6) NOT NULL,&#xD;
    CONSTRAINT `PK_cameras` PRIMARY KEY (`Id`),&#xD;
    CONSTRAINT `FK_cameras_areas_AreaId` FOREIGN KEY (`AreaId`) REFERENCES `areas` (`Id`)&#xD;
) CHARACTER SET=utf8mb4;&#xD;
[15:43:16 INF] Executed DbCommand (230ms) [Parameters=[], CommandType='Text', CommandTimeout='30']&#xD;
CREATE TABLE `contracts` (&#xD;
    `Id` bigint NOT NULL AUTO_INCREMENT,&#xD;
    `ProjectId` bigint NOT NULL,&#xD;
    `Name` varchar(200) CHARACTER SET utf8mb4 NOT NULL,&#xD;
    `Type` varchar(20) CHARACTER SET utf8mb4 NOT NULL,&#xD;
    `FileUrl` varchar(500) CHARACTER SET utf8mb4 NULL,&#xD;
    `FileSize` varchar(20) CHARACTER SET utf8mb4 NULL,&#xD;
    `UploadDate` datetime(6) NOT NULL,&#xD;
    `AppCode` varchar(255) CHARACTER SET utf8mb4 NULL,&#xD;
    CONSTRAINT `PK_contracts` PRIMARY KEY (`Id`),&#xD;
    CONSTRAINT `FK_contracts_projects_ProjectId` FOREIGN KEY (`ProjectId`) REFERENCES `projects` (`Id`) ON DELETE CASCADE&#xD;
) CHARACTER SET=utf8mb4;&#xD;
[15:43:17 INF] Executed DbCommand (244ms) [Parameters=[], CommandType='Text', CommandTimeout='30']&#xD;
CREATE TABLE `devices` (&#xD;
    `Id` bigint NOT NULL AUTO_INCREMENT,&#xD;
    `AppCode` varchar(50) CHARACTER SET utf8mb4 NOT NULL,&#xD;
    `Name` varchar(200) CHARACTER SET utf8mb4 NOT NULL,&#xD;
    `Model` varchar(100) CHARACTER SET utf8mb4 NULL,&#xD;
    `SerialNumber` varchar(100) CHARACTER SET utf8mb4 NULL,&#xD;
    `Category` varchar(100) CHARACTER SET utf8mb4 NULL,&#xD;
    `Location` varchar(200) CHARACTER SET utf8mb4 NULL,&#xD;
    `AreaId` bigint NULL,&#xD;
    `ProjectId` bigint NULL,&#xD;
    `ProjectName` varchar(200) CHARACTER SET utf8mb4 NULL,&#xD;
    `EnergyTypes` json NULL,&#xD;
    `Status` varchar(20) CHARACTER SET utf8mb4 NOT NULL,&#xD;
    `InstallDate` datetime(6) NULL,&#xD;
    `LastMaintenance` datetime(6) NULL,&#xD;
    `Supplier` varchar(200) CHARACTER SET utf8mb4 NULL,&#xD;
    `WarrantyDate` datetime(6) NULL,&#xD;
    `Power` double NULL,&#xD;
    `Voltage` varchar(20) CHARACTER SET utf8mb4 NULL,&#xD;
    `MeterInstalled` tinyint(1) NOT NULL,&#xD;
    `CreatedAt` datetime(6) NOT NULL,&#xD;
    `UpdatedAt` datetime(6) NOT NULL,&#xD;
    CONSTRAINT `PK_devices` PRIMARY KEY (`Id`),&#xD;
    CONSTRAINT `FK_devices_areas_AreaId` FOREIGN KEY (`AreaId`) REFERENCES `areas` (`Id`),&#xD;
    CONSTRAINT `FK_devices_projects_ProjectId` FOREIGN KEY (`ProjectId`) REFERENCES `projects` (`Id`)&#xD;
) CHARACTER SET=utf8mb4;&#xD;
[15:43:17 INF] Executed DbCommand (208ms) [Parameters=[], CommandType='Text', CommandTimeout='30']&#xD;
CREATE TABLE `work_summaries` (&#xD;
    `Id` bigint NOT NULL AUTO_INCREMENT,&#xD;
    `ProjectId` bigint NOT NULL,&#xD;
    `FeedbackPerson` varchar(100) CHARACTER SET utf8mb4 NULL,&#xD;
    `Assignee` varchar(100) CHARACTER SET utf8mb4 NULL,&#xD;
    `Assistant` varchar(100) CHARACTER SET utf8mb4 NULL,&#xD;
    `WorkContent` varchar(2000) CHARACTER SET utf8mb4 NULL,&#xD;
    `Date` datetime(6) NOT NULL,&#xD;
    `AppCode` varchar(255) CHARACTER SET utf8mb4 NULL,&#xD;
    CONSTRAINT `PK_work_summaries` PRIMARY KEY (`Id`),&#xD;
    CONSTRAINT `FK_work_summaries_projects_ProjectId` FOREIGN KEY (`ProjectId`) REFERENCES `projects` (`Id`) ON DELETE CASCADE&#xD;
) CHARACTER SET=utf8mb4;&#xD;
[15:43:17 INF] Executed DbCommand (290ms) [Parameters=[], CommandType='Text', CommandTimeout='30']&#xD;
CREATE TABLE `air_quality_data` (&#xD;
    `Id` bigint NOT NULL AUTO_INCREMENT,&#xD;
    `DeviceId` bigint NULL,&#xD;
    `AreaId` bigint NULL,&#xD;
    `AreaName` varchar(200) CHARACTER SET utf8mb4 NULL,&#xD;
    `FreshAirVolume` double NULL,&#xD;
    `ExhaustVolume` double NULL,&#xD;
    `SmokeConcentration` double NULL,&#xD;
    `PM25` double NULL,&#xD;
    `Temperature` double NULL,&#xD;
    `Humidity` double NULL,&#xD;
    `CO2` double NULL,&#xD;
    `OilFume` double NULL,&#xD;
    `RecordTime` datetime(6) NOT NULL,&#xD;
    `Timestamp` datetime(6) NOT NULL,&#xD;
    `AppCode` varchar(255) CHARACTER SET utf8mb4 NULL,&#xD;
    CONSTRAINT `PK_air_quality_data` PRIMARY KEY (`Id`),&#xD;
    CONSTRAINT `FK_air_quality_data_areas_AreaId` FOREIGN KEY (`AreaId`) REFERENCES `areas` (`Id`),&#xD;
    CONSTRAINT `FK_air_quality_data_devices_DeviceId` FOREIGN KEY (`DeviceId`) REFERENCES `devices` (`Id`)&#xD;
) CHARACTER SET=utf8mb4;&#xD;
[15:43:17 INF] Executed DbCommand (388ms) [Parameters=[], CommandType='Text', CommandTimeout='30']&#xD;
CREATE TABLE `alert_records` (&#xD;
    `Id` bigint NOT NULL AUTO_INCREMENT,&#xD;
    `AlertNo` varchar(50) CHARACTER SET utf8mb4 NOT NULL,&#xD;
    `DeviceName` varchar(200) CHARACTER SET utf8mb4 NOT NULL,&#xD;
    `DeviceCode` varchar(50) CHARACTER SET utf8mb4 NULL,&#xD;
    `AreaName` varchar(200) CHARACTER SET utf8mb4 NULL,&#xD;
    `AlertType` varchar(50) CHARACTER SET utf8mb4 NOT NULL,&#xD;
    `Level` varchar(20) CHARACTER SET utf8mb4 NOT NULL,&#xD;
    `Value` double NULL,&#xD;
    `Threshold` double NULL,&#xD;
    `AlertTime` datetime(6) NOT NULL,&#xD;
    `Status` varchar(20) CHARACTER SET utf8mb4 NOT NULL,&#xD;
    `Assignee` varchar(100) CHARACTER SET utf8mb4 NULL,&#xD;
    `ResolveTime` datetime(6) NULL,&#xD;
    `Remark` varchar(1000) CHARACTER SET utf8mb4 NULL,&#xD;
    `DeviceId` bigint NULL,&#xD;
    `AreaId` bigint NULL,&#xD;
    `AppCode` varchar(255) CHARACTER SET utf8mb4 NULL,&#xD;
    `CreatedAt` datetime(6) NOT NULL,&#xD;
    `UpdatedAt` datetime(6) NOT NULL,&#xD;
    CONSTRAINT `PK_alert_records` PRIMARY KEY (`Id`),&#xD;
    CONSTRAINT `FK_alert_records_areas_AreaId` FOREIGN KEY (`AreaId`) REFERENCES `areas` (`Id`),&#xD;
    CONSTRAINT `FK_alert_records_devices_DeviceId` FOREIGN KEY (`DeviceId`) REFERENCES `devices` (`Id`)&#xD;
) CHARACTER SET=utf8mb4;&#xD;
[15:43:18 INF] Executed DbCommand (243ms) [Parameters=[], CommandType='Text', CommandTimeout='30']&#xD;
CREATE TABLE `archive_device_markers` (&#xD;
    `Id` bigint NOT NULL AUTO_INCREMENT,&#xD;
    `ArchiveId` bigint NOT NULL,&#xD;
    `DeviceId` bigint NULL,&#xD;
    `Name` varchar(200) CHARACTER SET utf8mb4 NOT NULL,&#xD;
    `DeviceType` varchar(100) CHARACTER SET utf8mb4 NULL,&#xD;
    `Model` varchar(100) CHARACTER SET utf8mb4 NULL,&#xD;
    `X` double NOT NULL,&#xD;
    `Y` double NOT NULL,&#xD;
    `Z` double NOT NULL,&#xD;
    `Sensors` longtext CHARACTER SET utf8mb4 NULL,&#xD;
    `CreatedAt` datetime(6) NOT NULL,&#xD;
    `UpdatedAt` datetime(6) NOT NULL,&#xD;
    CONSTRAINT `PK_archive_device_markers` PRIMARY KEY (`Id`),&#xD;
    CONSTRAINT `FK_archive_device_markers_archives_ArchiveId` FOREIGN KEY (`ArchiveId`) REFERENCES `archives` (`Id`) ON DELETE CASCADE,&#xD;
    CONSTRAINT `FK_archive_device_markers_devices_DeviceId` FOREIGN KEY (`DeviceId`) REFERENCES `devices` (`Id`)&#xD;
) CHARACTER SET=utf8mb4;&#xD;
[15:43:18 INF] Executed DbCommand (280ms) [Parameters=[], CommandType='Text', CommandTimeout='30']&#xD;
CREATE TABLE `area_devices` (&#xD;
    `Id` bigint NOT NULL AUTO_INCREMENT,&#xD;
    `AreaId` bigint NOT NULL,&#xD;
    `DeviceId` bigint NOT NULL,&#xD;
    `Name` varchar(200) CHARACTER SET utf8mb4 NOT NULL,&#xD;
    `DeviceType` varchar(100) CHARACTER SET utf8mb4 NULL,&#xD;
    `Status` varchar(20) CHARACTER SET utf8mb4 NOT NULL,&#xD;
    `X` double NOT NULL,&#xD;
    `Y` double NOT NULL,&#xD;
    `AppCode` longtext CHARACTER SET utf8mb4 NULL,&#xD;
    CONSTRAINT `PK_area_devices` PRIMARY KEY (`Id`),&#xD;
    CONSTRAINT `FK_area_devices_areas_AreaId` FOREIGN KEY (`AreaId`) REFERENCES `areas` (`Id`) ON DELETE CASCADE,&#xD;
    CONSTRAINT `FK_area_devices_devices_DeviceId` FOREIGN KEY (`DeviceId`) REFERENCES `devices` (`Id`) ON DELETE CASCADE&#xD;
) CHARACTER SET=utf8mb4;&#xD;
[15:43:18 INF] Executed DbCommand (347ms) [Parameters=[], CommandType='Text', CommandTimeout='30']&#xD;
CREATE TABLE `data_rules` (&#xD;
    `Id` bigint NOT NULL AUTO_INCREMENT,&#xD;
    `Name` varchar(100) CHARACTER SET utf8mb4 NOT NULL,&#xD;
    `RuleType` varchar(50) CHARACTER SET utf8mb4 NULL,&#xD;
    `DataType` varchar(50) CHARACTER SET utf8mb4 NULL,&#xD;
    `MinValue` double NULL,&#xD;
    `MaxValue` double NULL,&#xD;
    `Level` varchar(20) CHARACTER SET utf8mb4 NULL,&#xD;
    `Priority` int NOT NULL,&#xD;
    `IsActive` tinyint(1) NOT NULL,&#xD;
    `DeviceId` bigint NULL,&#xD;
    `AreaId` bigint NULL,&#xD;
    `AppCode` varchar(255) CHARACTER SET utf8mb4 NULL,&#xD;
    `RuleExpression` varchar(1000) CHARACTER SET utf8mb4 NULL,&#xD;
    `Description` varchar(1000) CHARACTER SET utf8mb4 NULL,&#xD;
    `CreatedAt` datetime(6) NOT NULL,&#xD;
    `UpdatedAt` datetime(6) NOT NULL,&#xD;
    CONSTRAINT `PK_data_rules` PRIMARY KEY (`Id`),&#xD;
    CONSTRAINT `FK_data_rules_areas_AreaId` FOREIGN KEY (`AreaId`) REFERENCES `areas` (`Id`),&#xD;
    CONSTRAINT `FK_data_rules_devices_DeviceId` FOREIGN KEY (`DeviceId`) REFERENCES `devices` (`Id`)&#xD;
) CHARACTER SET=utf8mb4;&#xD;
[15:43:19 INF] Executed DbCommand (355ms) [Parameters=[], CommandType='Text', CommandTimeout='30']&#xD;
CREATE TABLE `device_data_records` (&#xD;
    `Id` bigint NOT NULL AUTO_INCREMENT,&#xD;
    `DeviceId` bigint NOT NULL,&#xD;
    `SensorData` longtext CHARACTER SET utf8mb4 NULL,&#xD;
    `Temperature` double NULL,&#xD;
    `Humidity` double NULL,&#xD;
    `PM25` double NULL,&#xD;
    `PM10` double NULL,&#xD;
    `CO2` double NULL,&#xD;
    `CO` double NULL,&#xD;
    `FreshAirVolume` double NULL,&#xD;
    `CombustibleGas` double NULL,&#xD;
    `Formaldehyde` double NULL,&#xD;
    `Smoke` double NULL,&#xD;
    `TVOC` double NULL,&#xD;
    `ExhaustVolume` double NULL,&#xD;
    `SmokeConcentration` double NULL,&#xD;
    `OilFume` double NULL,&#xD;
    `Noise` double NULL,&#xD;
    `AreaId` bigint NULL,&#xD;
    `AreaName` longtext CHARACTER SET utf8mb4 NULL,&#xD;
    `DeviceName` longtext CHARACTER SET utf8mb4 NULL,&#xD;
    `Status` longtext CHARACTER SET utf8mb4 NULL,&#xD;
    `Level` longtext CHARACTER SET utf8mb4 NULL,&#xD;
    `RecordTime` datetime(6) NOT NULL,&#xD;
    `Timestamp` datetime(6) NOT NULL,&#xD;
    `AppCode` longtext CHARACTER SET utf8mb4 NULL,&#xD;
    CONSTRAINT `PK_device_data_records` PRIMARY KEY (`Id`),&#xD;
    CONSTRAINT `FK_device_data_records_areas_AreaId` FOREIGN KEY (`AreaId`) REFERENCES `areas` (`Id`),&#xD;
    CONSTRAINT `FK_device_data_records_devices_DeviceId` FOREIGN KEY (`DeviceId`) REFERENCES `devices` (`Id`) ON DELETE CASCADE&#xD;
) CHARACTER SET=utf8mb4;&#xD;
[15:43:19 INF] Executed DbCommand (219ms) [Parameters=[], CommandType='Text', CommandTimeout='30']&#xD;
CREATE TABLE `device_sensors` (&#xD;
    `Id` bigint NOT NULL AUTO_INCREMENT,&#xD;
    `DeviceId` bigint NOT NULL,&#xD;
    `Name` varchar(100) CHARACTER SET utf8mb4 NOT NULL,&#xD;
    `SensorType` varchar(50) CHARACTER SET utf8mb4 NULL,&#xD;
    `LastValue` varchar(50) CHARACTER SET utf8mb4 NULL,&#xD;
    `Unit` varchar(20) CHARACTER SET utf8mb4 NULL,&#xD;
    `AppCode` longtext CHARACTER SET utf8mb4 NULL,&#xD;
    CONSTRAINT `PK_device_sensors` PRIMARY KEY (`Id`),&#xD;
    CONSTRAINT `FK_device_sensors_devices_DeviceId` FOREIGN KEY (`DeviceId`) REFERENCES `devices` (`Id`) ON DELETE CASCADE&#xD;
) CHARACTER SET=utf8mb4;&#xD;
[15:43:19 INF] Executed DbCommand (282ms) [Parameters=[], CommandType='Text', CommandTimeout='30']&#xD;
CREATE TABLE `environment_data` (&#xD;
    `Id` bigint NOT NULL AUTO_INCREMENT,&#xD;
    `DeviceId` bigint NOT NULL,&#xD;
    `DeviceName` varchar(200) CHARACTER SET utf8mb4 NULL,&#xD;
    `AreaId` bigint NULL,&#xD;
    `AreaName` varchar(200) CHARACTER SET utf8mb4 NULL,&#xD;
    `PM25` double NULL,&#xD;
    `PM10` double NULL,&#xD;
    `CO2` double NULL,&#xD;
    `CO` double NULL,&#xD;
    `Temperature` double NULL,&#xD;
    `Humidity` double NULL,&#xD;
    `Noise` double NULL,&#xD;
    `CombustibleGas` double NULL,&#xD;
    `Formaldehyde` double NULL,&#xD;
    `Smoke` double NULL,&#xD;
    `TVOC` double NULL,&#xD;
    `RecordTime` datetime(6) NOT NULL,&#xD;
    `Timestamp` datetime(6) NOT NULL,&#xD;
    `AppCode` varchar(255) CHARACTER SET utf8mb4 NULL,&#xD;
    CONSTRAINT `PK_environment_data` PRIMARY KEY (`Id`),&#xD;
    CONSTRAINT `FK_environment_data_areas_AreaId` FOREIGN KEY (`AreaId`) REFERENCES `areas` (`Id`),&#xD;
    CONSTRAINT `FK_environment_data_devices_DeviceId` FOREIGN KEY (`DeviceId`) REFERENCES `devices` (`Id`) ON DELETE CASCADE&#xD;
) CHARACTER SET=utf8mb4;&#xD;
[15:43:19 INF] Executed DbCommand (197ms) [Parameters=[], CommandType='Text', CommandTimeout='30']&#xD;
CREATE TABLE `alert_process_logs` (&#xD;
    `Id` bigint NOT NULL AUTO_INCREMENT,&#xD;
    `AlertRecordId` bigint NULL,&#xD;
    `ProcessedBy` varchar(100) CHARACTER SET utf8mb4 NULL,&#xD;
    `Action` varchar(50) CHARACTER SET utf8mb4 NOT NULL,&#xD;
    `Comment` varchar(2000) CHARACTER SET utf8mb4 NULL,&#xD;
    `CreatedAt` datetime(6) NOT NULL,&#xD;
    CONSTRAINT `PK_alert_process_logs` PRIMARY KEY (`Id`),&#xD;
    CONSTRAINT `FK_alert_process_logs_alert_records_AlertRecordId` FOREIGN KEY (`AlertRecordId`) REFERENCES `alert_records` (`Id`) ON DELETE CASCADE&#xD;
) CHARACTER SET=utf8mb4;&#xD;
[15:43:20 INF] Executed DbCommand (293ms) [Parameters=[], CommandType='Text', CommandTimeout='30']&#xD;
CREATE TABLE `work_orders` (&#xD;
    `Id` bigint NOT NULL AUTO_INCREMENT,&#xD;
    `OrderNo` varchar(50) CHARACTER SET utf8mb4 NOT NULL,&#xD;
    `Title` varchar(200) CHARACTER SET utf8mb4 NOT NULL,&#xD;
    `Type` varchar(50) CHARACTER SET utf8mb4 NOT NULL,&#xD;
    `Priority` varchar(20) CHARACTER SET utf8mb4 NOT NULL,&#xD;
    `Status` varchar(20) CHARACTER SET utf8mb4 NOT NULL,&#xD;
    `CustomerId` bigint NULL,&#xD;
    `DeviceId` bigint NULL,&#xD;
    `AreaId` bigint NULL,&#xD;
    `DeviceName` varchar(200) CHARACTER SET utf8mb4 NULL,&#xD;
    `DeviceCode` varchar(50) CHARACTER SET utf8mb4 NULL,&#xD;
    `AreaName` varchar(200) CHARACTER SET utf8mb4 NULL,&#xD;
    `Description` varchar(2000) CHARACTER SET utf8mb4 NULL,&#xD;
    `Reporter` varchar(100) CHARACTER SET utf8mb4 NULL,&#xD;
    `ReportTime` datetime(6) NOT NULL,&#xD;
    `Assignee` varchar(100) CHARACTER SET utf8mb4 NULL,&#xD;
    `AssignTime` datetime(6) NULL,&#xD;
    `EstimatedTime` datetime(6) NULL,&#xD;
    `ResolvedTime` datetime(6) NULL,&#xD;
    `ClosedTime` datetime(6) NULL,&#xD;
    `ResolveDescription` varchar(2000) CHARACTER SET utf8mb4 NULL,&#xD;
    `ProjectName` varchar(100) CHARACTER SET utf8mb4 NULL,&#xD;
    `CreatedBy` varchar(100) CHARACTER SET utf8mb4 NULL,&#xD;
    `AppCode` varchar(255) CHARACTER SET utf8mb4 NULL,&#xD;
    `CreatedAt` datetime(6) NOT NULL,&#xD;
    `UpdatedAt` datetime(6) NOT NULL,&#xD;
    `AlertRecordId` bigint NULL,&#xD;
    CONSTRAINT `PK_work_orders` PRIMARY KEY (`Id`),&#xD;
    CONSTRAINT `FK_work_orders_alert_records_AlertRecordId` FOREIGN KEY (`AlertRecordId`) REFERENCES `alert_records` (`Id`),&#xD;
    CONSTRAINT `FK_work_orders_areas_AreaId` FOREIGN KEY (`AreaId`) REFERENCES `areas` (`Id`),&#xD;
    CONSTRAINT `FK_work_orders_customers_CustomerId` FOREIGN KEY (`CustomerId`) REFERENCES `customers` (`Id`),&#xD;
    CONSTRAINT `FK_work_orders_devices_DeviceId` FOREIGN KEY (`DeviceId`) REFERENCES `devices` (`Id`)&#xD;
) CHARACTER SET=utf8mb4;&#xD;
[15:43:20 INF] Executed DbCommand (357ms) [Parameters=[], CommandType='Text', CommandTimeout='30']&#xD;
CREATE TABLE `etl_tasks` (&#xD;
    `Id` bigint NOT NULL AUTO_INCREMENT,&#xD;
    `Name` varchar(100) CHARACTER SET utf8mb4 NOT NULL,&#xD;
    `TaskType` varchar(50) CHARACTER SET utf8mb4 NULL,&#xD;
    `TriggerType` varchar(50) CHARACTER SET utf8mb4 NULL,&#xD;
    `SourceConfig` varchar(1000) CHARACTER SET utf8mb4 NULL,&#xD;
    `TargetConfig` varchar(1000) CHARACTER SET utf8mb4 NULL,&#xD;
    `TransformRule` varchar(1000) CHARACTER SET utf8mb4 NULL,&#xD;
    `Schedule` varchar(20) CHARACTER SET utf8mb4 NULL,&#xD;
    `Status` varchar(20) CHARACTER SET utf8mb4 NULL,&#xD;
    `LastRunTime` datetime(6) NULL,&#xD;
    `NextRunTime` datetime(6) NULL,&#xD;
    `CompletedAt` datetime(6) NULL,&#xD;
    `IsActive` tinyint(1) NOT NULL,&#xD;
    `LastRunAt` varchar(20) CHARACTER SET utf8mb4 NULL,&#xD;
    `NextRunAt` varchar(20) CHARACTER SET utf8mb4 NULL,&#xD;
    `AppCode` varchar(255) CHARACTER SET utf8mb4 NULL,&#xD;
    `DataRuleId` bigint NULL,&#xD;
    `Description` varchar(1000) CHARACTER SET utf8mb4 NULL,&#xD;
    `CreatedAt` datetime(6) NOT NULL,&#xD;
    `UpdatedAt` datetime(6) NOT NULL,&#xD;
    CONSTRAINT `PK_etl_tasks` PRIMARY KEY (`Id`),&#xD;
    CONSTRAINT `FK_etl_tasks_data_rules_DataRuleId` FOREIGN KEY (`DataRuleId`) REFERENCES `data_rules` (`Id`)&#xD;
) CHARACTER SET=utf8mb4;&#xD;
[15:43:20 INF] Executed DbCommand (219ms) [Parameters=[], CommandType='Text', CommandTimeout='30']&#xD;
CREATE TABLE `work_order_attachments` (&#xD;
    `Id` bigint NOT NULL AUTO_INCREMENT,&#xD;
    `WorkOrderId` bigint NOT NULL,&#xD;
    `FileName` varchar(200) CHARACTER SET utf8mb4 NOT NULL,&#xD;
    `FileUrl` varchar(500) CHARACTER SET utf8mb4 NULL,&#xD;
    `FileSize` varchar(20) CHARACTER SET utf8mb4 NULL,&#xD;
    `FileType` varchar(50) CHARACTER SET utf8mb4 NULL,&#xD;
    `FileSizeBytes` bigint NOT NULL,&#xD;
    `CreatedAt` datetime(6) NOT NULL,&#xD;
    CONSTRAINT `PK_work_order_attachments` PRIMARY KEY (`Id`),&#xD;
    CONSTRAINT `FK_work_order_attachments_work_orders_WorkOrderId` FOREIGN KEY (`WorkOrderId`) REFERENCES `work_orders` (`Id`) ON DELETE CASCADE&#xD;
) CHARACTER SET=utf8mb4;&#xD;
[15:43:20 INF] Executed DbCommand (208ms) [Parameters=[], CommandType='Text', CommandTimeout='30']&#xD;
CREATE TABLE `work_order_logs` (&#xD;
    `Id` bigint NOT NULL AUTO_INCREMENT,&#xD;
    `WorkOrderId` bigint NOT NULL,&#xD;
    `Operator` varchar(100) CHARACTER SET utf8mb4 NULL,&#xD;
    `OperatorName` varchar(100) CHARACTER SET utf8mb4 NULL,&#xD;
    `Action` varchar(50) CHARACTER SET utf8mb4 NOT NULL,&#xD;
    `Comment` varchar(2000) CHARACTER SET utf8mb4 NULL,&#xD;
    `CreatedAt` datetime(6) NOT NULL,&#xD;
    CONSTRAINT `PK_work_order_logs` PRIMARY KEY (`Id`),&#xD;
    CONSTRAINT `FK_work_order_logs_work_orders_WorkOrderId` FOREIGN KEY (`WorkOrderId`) REFERENCES `work_orders` (`Id`) ON DELETE CASCADE&#xD;
) CHARACTER SET=utf8mb4;&#xD;
[15:43:21 INF] Executed DbCommand (206ms) [Parameters=[], CommandType='Text', CommandTimeout='30']&#xD;
CREATE INDEX `IX_air_quality_data_AppCode` ON `air_quality_data` (`AppCode`);&#xD;
[15:43:21 INF] Executed DbCommand (229ms) [Parameters=[], CommandType='Text', CommandTimeout='30']&#xD;
CREATE INDEX `IX_air_quality_data_AreaId` ON `air_quality_data` (`AreaId`);&#xD;
[15:43:21 INF] Executed DbCommand (216ms) [Parameters=[], CommandType='Text', CommandTimeout='30']&#xD;
CREATE INDEX `IX_air_quality_data_DeviceId` ON `air_quality_data` (`DeviceId`);&#xD;
[15:43:22 INF] Executed DbCommand (479ms) [Parameters=[], CommandType='Text', CommandTimeout='30']&#xD;
CREATE INDEX `IX_air_quality_data_RecordTime` ON `air_quality_data` (`RecordTime`);&#xD;
[15:43:22 INF] Executed DbCommand (334ms) [Parameters=[], CommandType='Text', CommandTimeout='30']&#xD;
CREATE INDEX `IX_alert_process_logs_AlertRecordId` ON `alert_process_logs` (`AlertRecordId`);&#xD;
[15:43:22 INF] Executed DbCommand (273ms) [Parameters=[], CommandType='Text', CommandTimeout='30']&#xD;
CREATE INDEX `IX_alert_process_logs_ProcessedBy` ON `alert_process_logs` (`ProcessedBy`);&#xD;
[15:43:22 INF] Executed DbCommand (169ms) [Parameters=[], CommandType='Text', CommandTimeout='30']&#xD;
CREATE UNIQUE INDEX `IX_alert_records_AlertNo` ON `alert_records` (`AlertNo`);&#xD;
[15:43:23 INF] Executed DbCommand (269ms) [Parameters=[], CommandType='Text', CommandTimeout='30']&#xD;
CREATE INDEX `IX_alert_records_AlertTime` ON `alert_records` (`AlertTime`);&#xD;
[15:43:23 INF] Executed DbCommand (205ms) [Parameters=[], CommandType='Text', CommandTimeout='30']&#xD;
CREATE INDEX `IX_alert_records_AlertType` ON `alert_records` (`AlertType`);&#xD;
[15:43:23 INF] Executed DbCommand (194ms) [Parameters=[], CommandType='Text', CommandTimeout='30']&#xD;
CREATE INDEX `IX_alert_records_AppCode` ON `alert_records` (`AppCode`);&#xD;
[15:43:23 INF] Executed DbCommand (257ms) [Parameters=[], CommandType='Text', CommandTimeout='30']&#xD;
CREATE INDEX `IX_alert_records_AreaId` ON `alert_records` (`AreaId`);&#xD;
[15:43:24 INF] Executed DbCommand (281ms) [Parameters=[], CommandType='Text', CommandTimeout='30']&#xD;
CREATE INDEX `IX_alert_records_DeviceId` ON `alert_records` (`DeviceId`);&#xD;
[15:43:24 INF] Executed DbCommand (157ms) [Parameters=[], CommandType='Text', CommandTimeout='30']&#xD;
CREATE INDEX `IX_alert_records_Level` ON `alert_records` (`Level`);&#xD;
[15:43:24 INF] Executed DbCommand (328ms) [Parameters=[], CommandType='Text', CommandTimeout='30']&#xD;
CREATE INDEX `IX_alert_records_Status` ON `alert_records` (`Status`);&#xD;
[15:43:24 INF] Executed DbCommand (243ms) [Parameters=[], CommandType='Text', CommandTimeout='30']&#xD;
CREATE INDEX `IX_archive_device_markers_ArchiveId` ON `archive_device_markers` (`ArchiveId`);&#xD;
[15:43:25 INF] Executed DbCommand (239ms) [Parameters=[], CommandType='Text', CommandTimeout='30']&#xD;
CREATE INDEX `IX_archive_device_markers_DeviceId` ON `archive_device_markers` (`DeviceId`);&#xD;
[15:43:25 INF] Executed DbCommand (193ms) [Parameters=[], CommandType='Text', CommandTimeout='30']&#xD;
CREATE INDEX `IX_archives_AppCode` ON `archives` (`AppCode`);&#xD;
[15:43:25 INF] Executed DbCommand (743ms) [Parameters=[], CommandType='Text', CommandTimeout='30']&#xD;
CREATE INDEX `IX_archives_AreaId` ON `archives` (`AreaId`);&#xD;
[15:43:26 INF] Executed DbCommand (178ms) [Parameters=[], CommandType='Text', CommandTimeout='30']&#xD;
CREATE INDEX `IX_archives_ProjectId` ON `archives` (`ProjectId`);&#xD;
[15:43:26 INF] Executed DbCommand (170ms) [Parameters=[], CommandType='Text', CommandTimeout='30']&#xD;
CREATE INDEX `IX_archives_Type` ON `archives` (`Type`);&#xD;
[15:43:26 INF] Executed DbCommand (288ms) [Parameters=[], CommandType='Text', CommandTimeout='30']&#xD;
CREATE INDEX `IX_area_devices_AreaId` ON `area_devices` (`AreaId`);&#xD;
[15:43:27 INF] Executed DbCommand (475ms) [Parameters=[], CommandType='Text', CommandTimeout='30']&#xD;
CREATE INDEX `IX_area_devices_DeviceId` ON `area_devices` (`DeviceId`);&#xD;
[15:43:27 INF] Executed DbCommand (328ms) [Parameters=[], CommandType='Text', CommandTimeout='30']&#xD;
CREATE INDEX `IX_areas_AppCode` ON `areas` (`AppCode`);&#xD;
[15:43:28 INF] Executed DbCommand (710ms) [Parameters=[], CommandType='Text', CommandTimeout='30']&#xD;
CREATE INDEX `IX_areas_CustomerId` ON `areas` (`CustomerId`);&#xD;
[15:43:28 INF] Executed DbCommand (328ms) [Parameters=[], CommandType='Text', CommandTimeout='30']&#xD;
CREATE INDEX `IX_areas_ParentId` ON `areas` (`ParentId`);&#xD;
[15:43:28 INF] Executed DbCommand (314ms) [Parameters=[], CommandType='Text', CommandTimeout='30']&#xD;
CREATE INDEX `IX_areas_Type` ON `areas` (`Type`);&#xD;
[15:43:28 INF] Executed DbCommand (181ms) [Parameters=[], CommandType='Text', CommandTimeout='30']&#xD;
CREATE INDEX `IX_cameras_AppCode` ON `cameras` (`AppCode`);&#xD;
[15:43:29 INF] Executed DbCommand (263ms) [Parameters=[], CommandType='Text', CommandTimeout='30']&#xD;
CREATE INDEX `IX_cameras_AreaId` ON `cameras` (`AreaId`);&#xD;
[15:43:29 INF] Executed DbCommand (170ms) [Parameters=[], CommandType='Text', CommandTimeout='30']&#xD;
CREATE INDEX `IX_contracts_AppCode` ON `contracts` (`AppCode`);&#xD;
[15:43:29 INF] Executed DbCommand (321ms) [Parameters=[], CommandType='Text', CommandTimeout='30']&#xD;
CREATE INDEX `IX_contracts_ProjectId` ON `contracts` (`ProjectId`);&#xD;
[15:43:30 INF] Executed DbCommand (417ms) [Parameters=[], CommandType='Text', CommandTimeout='30']&#xD;
CREATE UNIQUE INDEX `IX_customers_AppCode` ON `customers` (`AppCode`);&#xD;
[15:43:30 INF] Executed DbCommand (170ms) [Parameters=[], CommandType='Text', CommandTimeout='30']&#xD;
CREATE UNIQUE INDEX `IX_customers_Code` ON `customers` (`Code`);&#xD;
[15:43:30 INF] Executed DbCommand (170ms) [Parameters=[], CommandType='Text', CommandTimeout='30']&#xD;
CREATE INDEX `IX_customers_Status` ON `customers` (`Status`);&#xD;
[15:43:30 INF] Executed DbCommand (287ms) [Parameters=[], CommandType='Text', CommandTimeout='30']&#xD;
CREATE INDEX `IX_data_rules_AppCode` ON `data_rules` (`AppCode`);&#xD;
[15:43:30 INF] Executed DbCommand (243ms) [Parameters=[], CommandType='Text', CommandTimeout='30']&#xD;
CREATE INDEX `IX_data_rules_AreaId` ON `data_rules` (`AreaId`);&#xD;
[15:43:31 INF] Executed DbCommand (193ms) [Parameters=[], CommandType='Text', CommandTimeout='30']&#xD;
CREATE INDEX `IX_data_rules_DeviceId` ON `data_rules` (`DeviceId`);&#xD;
[15:43:31 INF] Executed DbCommand (268ms) [Parameters=[], CommandType='Text', CommandTimeout='30']&#xD;
CREATE INDEX `IX_data_rules_IsActive` ON `data_rules` (`IsActive`);&#xD;
[15:43:31 INF] Executed DbCommand (217ms) [Parameters=[], CommandType='Text', CommandTimeout='30']&#xD;
CREATE INDEX `IX_data_rules_RuleType` ON `data_rules` (`RuleType`);&#xD;
[15:43:31 INF] Executed DbCommand (251ms) [Parameters=[], CommandType='Text', CommandTimeout='30']&#xD;
CREATE INDEX `IX_device_data_records_AreaId` ON `device_data_records` (`AreaId`);&#xD;
[15:43:32 INF] Executed DbCommand (217ms) [Parameters=[], CommandType='Text', CommandTimeout='30']&#xD;
CREATE INDEX `IX_device_data_records_DeviceId` ON `device_data_records` (`DeviceId`);&#xD;
[15:43:32 INF] Executed DbCommand (146ms) [Parameters=[], CommandType='Text', CommandTimeout='30']&#xD;
CREATE INDEX `IX_device_data_records_RecordTime` ON `device_data_records` (`RecordTime`);&#xD;
[15:43:32 INF] Executed DbCommand (289ms) [Parameters=[], CommandType='Text', CommandTimeout='30']&#xD;
CREATE INDEX `IX_device_sensors_DeviceId` ON `device_sensors` (`DeviceId`);&#xD;
[15:43:32 INF] Executed DbCommand (284ms) [Parameters=[], CommandType='Text', CommandTimeout='30']&#xD;
CREATE INDEX `IX_devices_AppCode` ON `devices` (`AppCode`);&#xD;
[15:43:33 INF] Executed DbCommand (529ms) [Parameters=[], CommandType='Text', CommandTimeout='30']&#xD;
CREATE INDEX `IX_devices_AreaId` ON `devices` (`AreaId`);&#xD;
[15:43:33 INF] Executed DbCommand (310ms) [Parameters=[], CommandType='Text', CommandTimeout='30']&#xD;
CREATE INDEX `IX_devices_ProjectId` ON `devices` (`ProjectId`);&#xD;
[15:43:33 INF] Executed DbCommand (179ms) [Parameters=[], CommandType='Text', CommandTimeout='30']&#xD;
CREATE INDEX `IX_devices_SerialNumber` ON `devices` (`SerialNumber`);&#xD;
[15:43:34 INF] Executed DbCommand (414ms) [Parameters=[], CommandType='Text', CommandTimeout='30']&#xD;
CREATE INDEX `IX_devices_Status` ON `devices` (`Status`);&#xD;
[15:43:34 INF] Executed DbCommand (204ms) [Parameters=[], CommandType='Text', CommandTimeout='30']&#xD;
CREATE INDEX `IX_dictionary_items_AppCode` ON `dictionary_items` (`AppCode`);&#xD;
[15:43:34 INF] Executed DbCommand (217ms) [Parameters=[], CommandType='Text', CommandTimeout='30']&#xD;
CREATE INDEX `IX_dictionary_items_Code` ON `dictionary_items` (`Code`);&#xD;
[15:43:34 INF] Executed DbCommand (252ms) [Parameters=[], CommandType='Text', CommandTimeout='30']&#xD;
CREATE INDEX `IX_dictionary_items_DictionaryTypeConfigId` ON `dictionary_items` (`DictionaryTypeConfigId`);&#xD;
[15:43:35 INF] Executed DbCommand (168ms) [Parameters=[], CommandType='Text', CommandTimeout='30']&#xD;
CREATE INDEX `IX_dictionary_items_TypeCode` ON `dictionary_items` (`TypeCode`);&#xD;
[15:43:35 INF] Executed DbCommand (305ms) [Parameters=[], CommandType='Text', CommandTimeout='30']&#xD;
CREATE INDEX `IX_dictionary_types_AppCode` ON `dictionary_types` (`AppCode`);&#xD;
[15:43:36 INF] Executed DbCommand (802ms) [Parameters=[], CommandType='Text', CommandTimeout='30']&#xD;
CREATE UNIQUE INDEX `IX_dictionary_types_Code` ON `dictionary_types` (`Code`);&#xD;
[15:43:36 INF] Executed DbCommand (346ms) [Parameters=[], CommandType='Text', CommandTimeout='30']&#xD;
CREATE INDEX `IX_dictionary_types_IsActive` ON `dictionary_types` (`IsActive`);&#xD;
[15:43:37 INF] Executed DbCommand (733ms) [Parameters=[], CommandType='Text', CommandTimeout='30']&#xD;
CREATE INDEX `IX_environment_data_AppCode` ON `environment_data` (`AppCode`);&#xD;
[15:43:37 INF] Executed DbCommand (499ms) [Parameters=[], CommandType='Text', CommandTimeout='30']&#xD;
CREATE INDEX `IX_environment_data_AreaId` ON `environment_data` (`AreaId`);&#xD;
[15:43:38 INF] Executed DbCommand (618ms) [Parameters=[], CommandType='Text', CommandTimeout='30']&#xD;
CREATE INDEX `IX_environment_data_DeviceId` ON `environment_data` (`DeviceId`);&#xD;
[15:43:39 INF] Executed DbCommand (1,352ms) [Parameters=[], CommandType='Text', CommandTimeout='30']&#xD;
CREATE INDEX `IX_environment_data_RecordTime` ON `environment_data` (`RecordTime`);&#xD;
[15:43:40 INF] Executed DbCommand (403ms) [Parameters=[], CommandType='Text', CommandTimeout='30']&#xD;
CREATE INDEX `IX_etl_tasks_AppCode` ON `etl_tasks` (`AppCode`);&#xD;
[15:43:40 INF] Executed DbCommand (777ms) [Parameters=[], CommandType='Text', CommandTimeout='30']&#xD;
CREATE INDEX `IX_etl_tasks_DataRuleId` ON `etl_tasks` (`DataRuleId`);&#xD;
[15:43:41 INF] Executed DbCommand (457ms) [Parameters=[], CommandType='Text', CommandTimeout='30']&#xD;
CREATE INDEX `IX_etl_tasks_Status` ON `etl_tasks` (`Status`);&#xD;
[15:43:41 INF] Executed DbCommand (402ms) [Parameters=[], CommandType='Text', CommandTimeout='30']&#xD;
CREATE INDEX `IX_etl_tasks_TaskType` ON `etl_tasks` (`TaskType`);&#xD;
[15:43:42 INF] Executed DbCommand (603ms) [Parameters=[], CommandType='Text', CommandTimeout='30']&#xD;
CREATE INDEX `IX_login_logs_Email` ON `login_logs` (`Email`);&#xD;
[15:43:42 INF] Executed DbCommand (417ms) [Parameters=[], CommandType='Text', CommandTimeout='30']&#xD;
CREATE INDEX `IX_login_logs_LoginTime` ON `login_logs` (`LoginTime`);&#xD;
[15:43:43 INF] Executed DbCommand (337ms) [Parameters=[], CommandType='Text', CommandTimeout='30']&#xD;
CREATE INDEX `IX_login_logs_UserId` ON `login_logs` (`UserId`);&#xD;
[15:43:43 INF] Executed DbCommand (842ms) [Parameters=[], CommandType='Text', CommandTimeout='30']&#xD;
CREATE INDEX `IX_operation_logs_Module` ON `operation_logs` (`Module`);&#xD;
[15:43:45 INF] Executed DbCommand (1,099ms) [Parameters=[], CommandType='Text', CommandTimeout='30']&#xD;
CREATE INDEX `IX_operation_logs_Operation` ON `operation_logs` (`Operation`);&#xD;
[15:43:45 INF] Executed DbCommand (564ms) [Parameters=[], CommandType='Text', CommandTimeout='30']&#xD;
CREATE INDEX `IX_operation_logs_OperationTime` ON `operation_logs` (`OperationTime`);&#xD;
[15:43:45 INF] Executed DbCommand (249ms) [Parameters=[], CommandType='Text', CommandTimeout='30']&#xD;
CREATE INDEX `IX_operation_logs_UserId` ON `operation_logs` (`UserId`);&#xD;
[15:43:46 INF] Executed DbCommand (204ms) [Parameters=[], CommandType='Text', CommandTimeout='30']&#xD;
CREATE INDEX `IX_projects_AppCode` ON `projects` (`AppCode`);&#xD;
[15:43:46 INF] Executed DbCommand (408ms) [Parameters=[], CommandType='Text', CommandTimeout='30']&#xD;
CREATE INDEX `IX_projects_CustomerId` ON `projects` (`CustomerId`);&#xD;
[15:43:46 INF] Executed DbCommand (192ms) [Parameters=[], CommandType='Text', CommandTimeout='30']&#xD;
CREATE INDEX `IX_projects_Status` ON `projects` (`Status`);&#xD;
[15:43:46 INF] Executed DbCommand (170ms) [Parameters=[], CommandType='Text', CommandTimeout='30']&#xD;
CREATE INDEX `IX_protocol_configs_AppCode` ON `protocol_configs` (`AppCode`);&#xD;
[15:43:47 INF] Executed DbCommand (203ms) [Parameters=[], CommandType='Text', CommandTimeout='30']&#xD;
CREATE INDEX `IX_protocol_configs_IsActive` ON `protocol_configs` (`IsActive`);&#xD;
[15:43:47 INF] Executed DbCommand (182ms) [Parameters=[], CommandType='Text', CommandTimeout='30']&#xD;
CREATE INDEX `IX_protocol_configs_ProtocolType` ON `protocol_configs` (`ProtocolType`);&#xD;
[15:43:47 INF] Executed DbCommand (191ms) [Parameters=[], CommandType='Text', CommandTimeout='30']&#xD;
CREATE INDEX `IX_roles_AppCode` ON `roles` (`AppCode`);&#xD;
[15:43:47 INF] Executed DbCommand (348ms) [Parameters=[], CommandType='Text', CommandTimeout='30']&#xD;
CREATE UNIQUE INDEX `IX_roles_Code` ON `roles` (`Code`);&#xD;
[15:43:47 INF] Executed DbCommand (180ms) [Parameters=[], CommandType='Text', CommandTimeout='30']&#xD;
CREATE INDEX `IX_system_settings_AppCode` ON `system_settings` (`AppCode`);&#xD;
[15:43:48 INF] Executed DbCommand (181ms) [Parameters=[], CommandType='Text', CommandTimeout='30']&#xD;
CREATE INDEX `IX_system_settings_Category` ON `system_settings` (`Category`);&#xD;
[15:43:48 INF] Executed DbCommand (169ms) [Parameters=[], CommandType='Text', CommandTimeout='30']&#xD;
CREATE UNIQUE INDEX `IX_system_settings_Key` ON `system_settings` (`Key`);&#xD;
[15:43:48 INF] Executed DbCommand (193ms) [Parameters=[], CommandType='Text', CommandTimeout='30']&#xD;
CREATE INDEX `IX_users_AppCode` ON `users` (`AppCode`);&#xD;
[15:43:48 INF] Executed DbCommand (299ms) [Parameters=[], CommandType='Text', CommandTimeout='30']&#xD;
CREATE INDEX `IX_users_CustomerId` ON `users` (`CustomerId`);&#xD;
[15:43:49 INF] Executed DbCommand (312ms) [Parameters=[], CommandType='Text', CommandTimeout='30']&#xD;
CREATE UNIQUE INDEX `IX_users_Email` ON `users` (`Email`);&#xD;
[15:43:49 INF] Executed DbCommand (295ms) [Parameters=[], CommandType='Text', CommandTimeout='30']&#xD;
CREATE INDEX `IX_users_IsActive` ON `users` (`IsActive`);&#xD;
[15:43:49 INF] Executed DbCommand (168ms) [Parameters=[], CommandType='Text', CommandTimeout='30']&#xD;
CREATE INDEX `IX_users_Role` ON `users` (`Role`);&#xD;
[15:43:49 INF] Executed DbCommand (288ms) [Parameters=[], CommandType='Text', CommandTimeout='30']&#xD;
CREATE INDEX `IX_users_RoleId` ON `users` (`RoleId`);&#xD;
[15:43:50 INF] Executed DbCommand (710ms) [Parameters=[], CommandType='Text', CommandTimeout='30']&#xD;
CREATE INDEX `IX_work_order_attachments_WorkOrderId` ON `work_order_attachments` (`WorkOrderId`);&#xD;
[15:43:50 INF] Executed DbCommand (351ms) [Parameters=[], CommandType='Text', CommandTimeout='30']&#xD;
CREATE INDEX `IX_work_order_logs_WorkOrderId` ON `work_order_logs` (`WorkOrderId`);&#xD;
[15:43:51 INF] Executed DbCommand (254ms) [Parameters=[], CommandType='Text', CommandTimeout='30']&#xD;
CREATE INDEX `IX_work_orders_AlertRecordId` ON `work_orders` (`AlertRecordId`);&#xD;
[15:43:51 INF] Executed DbCommand (170ms) [Parameters=[], CommandType='Text', CommandTimeout='30']&#xD;
CREATE INDEX `IX_work_orders_AppCode` ON `work_orders` (`AppCode`);&#xD;
[15:43:51 INF] Executed DbCommand (456ms) [Parameters=[], CommandType='Text', CommandTimeout='30']&#xD;
CREATE INDEX `IX_work_orders_AreaId` ON `work_orders` (`AreaId`);&#xD;
[15:43:52 INF] Executed DbCommand (276ms) [Parameters=[], CommandType='Text', CommandTimeout='30']&#xD;
CREATE INDEX `IX_work_orders_CustomerId` ON `work_orders` (`CustomerId`);&#xD;
[15:43:52 INF] Executed DbCommand (218ms) [Parameters=[], CommandType='Text', CommandTimeout='30']&#xD;
CREATE INDEX `IX_work_orders_DeviceId` ON `work_orders` (`DeviceId`);&#xD;
[15:43:52 INF] Executed DbCommand (145ms) [Parameters=[], CommandType='Text', CommandTimeout='30']&#xD;
CREATE UNIQUE INDEX `IX_work_orders_OrderNo` ON `work_orders` (`OrderNo`);&#xD;
[15:43:52 INF] Executed DbCommand (181ms) [Parameters=[], CommandType='Text', CommandTimeout='30']&#xD;
CREATE INDEX `IX_work_orders_Priority` ON `work_orders` (`Priority`);&#xD;
[15:43:52 INF] Executed DbCommand (217ms) [Parameters=[], CommandType='Text', CommandTimeout='30']&#xD;
CREATE INDEX `IX_work_orders_ReportTime` ON `work_orders` (`ReportTime`);&#xD;
[15:43:53 INF] Executed DbCommand (325ms) [Parameters=[], CommandType='Text', CommandTimeout='30']&#xD;
CREATE INDEX `IX_work_orders_Status` ON `work_orders` (`Status`);&#xD;
[15:43:53 INF] Executed DbCommand (214ms) [Parameters=[], CommandType='Text', CommandTimeout='30']&#xD;
CREATE INDEX `IX_work_orders_Type` ON `work_orders` (`Type`);&#xD;
[15:43:53 INF] Executed DbCommand (182ms) [Parameters=[], CommandType='Text', CommandTimeout='30']&#xD;
CREATE INDEX `IX_work_summaries_AppCode` ON `work_summaries` (`AppCode`);&#xD;
[15:43:53 INF] Executed DbCommand (252ms) [Parameters=[], CommandType='Text', CommandTimeout='30']&#xD;
CREATE INDEX `IX_work_summaries_Date` ON `work_summaries` (`Date`);&#xD;
[15:43:54 INF] Executed DbCommand (241ms) [Parameters=[], CommandType='Text', CommandTimeout='30']&#xD;
CREATE INDEX `IX_work_summaries_ProjectId` ON `work_summaries` (`ProjectId`);&#xD;
[15:43:54 INF] Executed DbCommand (34ms) [Parameters=[], CommandType='Text', CommandTimeout='30']&#xD;
INSERT INTO `__EFMigrationsHistory` (`MigrationId`, `ProductVersion`)&#xD;
VALUES ('20260330025826_Initial', '8.0.11');&#xD;
[15:43:54 INF] Applying migration '20260430084917_newtable'.&#xD;
[15:43:54 INF] Executed DbCommand (301ms) [Parameters=[], CommandType='Text', CommandTimeout='30']&#xD;
ALTER TABLE `system_settings` DROP INDEX `IX_system_settings_AppCode`;&#xD;
[15:43:54 INF] Executed DbCommand (168ms) [Parameters=[], CommandType='Text', CommandTimeout='30']&#xD;
ALTER TABLE `system_settings` DROP INDEX `IX_system_settings_Category`;&#xD;
[15:43:54 INF] Executed DbCommand (132ms) [Parameters=[], CommandType='Text', CommandTimeout='30']&#xD;
ALTER TABLE `system_settings` DROP INDEX `IX_system_settings_Key`;&#xD;
[15:43:55 INF] Executed DbCommand (630ms) [Parameters=[], CommandType='Text', CommandTimeout='30']&#xD;
ALTER TABLE `system_settings` MODIFY COLUMN `AppCode` longtext CHARACTER SET utf8mb4 NULL;&#xD;
[15:43:56 INF] Executed DbCommand (1,033ms) [Parameters=[], CommandType='Text', CommandTimeout='30']&#xD;
ALTER TABLE `protocol_configs` MODIFY COLUMN `AppCode` varchar(50) CHARACTER SET utf8mb4 NULL;&#xD;
[15:43:56 INF] Executed DbCommand (217ms) [Parameters=[], CommandType='Text', CommandTimeout='30']&#xD;
CREATE TABLE `attachments` (&#xD;
    `Id` bigint NOT NULL AUTO_INCREMENT,&#xD;
    `Module` varchar(50) CHARACTER SET utf8mb4 NOT NULL,&#xD;
    `BusinessId` bigint NULL,&#xD;
    `Name` varchar(200) CHARACTER SET utf8mb4 NOT NULL,&#xD;
    `OriginalName` varchar(500) CHARACTER SET utf8mb4 NULL,&#xD;
    `Extension` varchar(20) CHARACTER SET utf8mb4 NULL,&#xD;
    `FileUrl` varchar(1000) CHARACTER SET utf8mb4 NULL,&#xD;
    `FileSize` varchar(20) CHARACTER SET utf8mb4 NULL,&#xD;
    `FileSizeBytes` bigint NOT NULL,&#xD;
    `ContentType` varchar(100) CHARACTER SET utf8mb4 NULL,&#xD;
    `UploadDate` datetime(6) NOT NULL,&#xD;
    `UploadUserId` bigint NULL,&#xD;
    `AppCode` varchar(255) CHARACTER SET utf8mb4 NULL,&#xD;
    `Remark` varchar(500) CHARACTER SET utf8mb4 NULL,&#xD;
    CONSTRAINT `PK_attachments` PRIMARY KEY (`Id`)&#xD;
) CHARACTER SET=utf8mb4;&#xD;
[15:43:56 INF] Executed DbCommand (219ms) [Parameters=[], CommandType='Text', CommandTimeout='30']&#xD;
CREATE TABLE `device_commands` (&#xD;
    `Id` bigint NOT NULL AUTO_INCREMENT,&#xD;
    `CommandId` varchar(64) CHARACTER SET utf8mb4 NOT NULL,&#xD;
    `AppCode` varchar(50) CHARACTER SET utf8mb4 NULL,&#xD;
    `DeviceId` bigint NOT NULL,&#xD;
    `SerialNumber` varchar(100) CHARACTER SET utf8mb4 NULL,&#xD;
    `CommandType` varchar(50) CHARACTER SET utf8mb4 NOT NULL,&#xD;
    `Parameters` longtext CHARACTER SET utf8mb4 NULL,&#xD;
    `Status` int NOT NULL,&#xD;
    `SentAt` datetime(6) NULL,&#xD;
    `CompletedAt` datetime(6) NULL,&#xD;
    `Result` varchar(500) CHARACTER SET utf8mb4 NULL,&#xD;
    `ErrorMessage` varchar(1000) CHARACTER SET utf8mb4 NULL,&#xD;
    `TimeoutSeconds` int NOT NULL,&#xD;
    `RetryCount` int NOT NULL,&#xD;
    `MaxRetries` int NOT NULL,&#xD;
    `CreatedAt` datetime(6) NOT NULL,&#xD;
    `UpdatedAt` datetime(6) NOT NULL,&#xD;
    `CreatedBy` bigint NULL,&#xD;
    `CreatedByName` varchar(100) CHARACTER SET utf8mb4 NULL,&#xD;
    CONSTRAINT `PK_device_commands` PRIMARY KEY (`Id`),&#xD;
    CONSTRAINT `FK_device_commands_devices_DeviceId` FOREIGN KEY (`DeviceId`) REFERENCES `devices` (`Id`) ON DELETE CASCADE&#xD;
) CHARACTER SET=utf8mb4;&#xD;
[15:43:57 INF] Executed DbCommand (377ms) [Parameters=[], CommandType='Text', CommandTimeout='30']&#xD;
CREATE TABLE `command_histories` (&#xD;
    `Id` bigint NOT NULL AUTO_INCREMENT,&#xD;
    `AppCode` varchar(50) CHARACTER SET utf8mb4 NULL,&#xD;
    `CommandId` bigint NOT NULL,&#xD;
    `Type` int NOT NULL,&#xD;
    `FromStatus` int NULL,&#xD;
    `ToStatus` int NULL,&#xD;
    `Description` varchar(500) CHARACTER SET utf8mb4 NULL,&#xD;
    `Data` longtext CHARACTER SET utf8mb4 NULL,&#xD;
    `OperatorId` bigint NULL,&#xD;
    `OperatorName` varchar(100) CHARACTER SET utf8mb4 NULL,&#xD;
    `CreatedAt` datetime(6) NOT NULL,&#xD;
    CONSTRAINT `PK_command_histories` PRIMARY KEY (`Id`),&#xD;
    CONSTRAINT `FK_command_histories_device_commands_CommandId` FOREIGN KEY (`CommandId`) REFERENCES `device_commands` (`Id`) ON DELETE CASCADE&#xD;
) CHARACTER SET=utf8mb4;&#xD;
[15:43:57 INF] Executed DbCommand (208ms) [Parameters=[], CommandType='Text', CommandTimeout='30']&#xD;
CREATE INDEX `IX_attachments_AppCode` ON `attachments` (`AppCode`);&#xD;
[15:43:57 INF] Executed DbCommand (227ms) [Parameters=[], CommandType='Text', CommandTimeout='30']&#xD;
CREATE INDEX `IX_attachments_BusinessId` ON `attachments` (`BusinessId`);&#xD;
[15:43:57 INF] Executed DbCommand (180ms) [Parameters=[], CommandType='Text', CommandTimeout='30']&#xD;
CREATE INDEX `IX_attachments_Module` ON `attachments` (`Module`);&#xD;
[15:43:58 INF] Executed DbCommand (194ms) [Parameters=[], CommandType='Text', CommandTimeout='30']&#xD;
CREATE INDEX `IX_attachments_UploadDate` ON `attachments` (`UploadDate`);&#xD;
[15:43:58 INF] Executed DbCommand (180ms) [Parameters=[], CommandType='Text', CommandTimeout='30']&#xD;
CREATE INDEX `IX_command_histories_AppCode` ON `command_histories` (`AppCode`);&#xD;
[15:43:58 INF] Executed DbCommand (443ms) [Parameters=[], CommandType='Text', CommandTimeout='30']&#xD;
CREATE INDEX `IX_command_histories_CommandId` ON `command_histories` (`CommandId`);&#xD;
[15:43:58 INF] Executed DbCommand (190ms) [Parameters=[], CommandType='Text', CommandTimeout='30']&#xD;
CREATE INDEX `IX_command_histories_CreatedAt` ON `command_histories` (`CreatedAt`);&#xD;
[15:43:59 INF] Executed DbCommand (205ms) [Parameters=[], CommandType='Text', CommandTimeout='30']&#xD;
CREATE INDEX `IX_device_commands_AppCode` ON `device_commands` (`AppCode`);&#xD;
[15:43:59 INF] Executed DbCommand (191ms) [Parameters=[], CommandType='Text', CommandTimeout='30']&#xD;
CREATE UNIQUE INDEX `IX_device_commands_CommandId` ON `device_commands` (`CommandId`);&#xD;
[15:43:59 INF] Executed DbCommand (194ms) [Parameters=[], CommandType='Text', CommandTimeout='30']&#xD;
CREATE INDEX `IX_device_commands_CreatedAt` ON `device_commands` (`CreatedAt`);&#xD;
[15:44:00 INF] Executed DbCommand (469ms) [Parameters=[], CommandType='Text', CommandTimeout='30']&#xD;
CREATE INDEX `IX_device_commands_DeviceId` ON `device_commands` (`DeviceId`);&#xD;
[15:44:00 INF] Executed DbCommand (178ms) [Parameters=[], CommandType='Text', CommandTimeout='30']&#xD;
CREATE INDEX `IX_device_commands_Status` ON `device_commands` (`Status`);&#xD;
[15:44:00 INF] Executed DbCommand (45ms) [Parameters=[], CommandType='Text', CommandTimeout='30']&#xD;
INSERT INTO `__EFMigrationsHistory` (`MigrationId`, `ProductVersion`)&#xD;
VALUES ('20260430084917_newtable', '8.0.11');&#xD;
[15:44:00 INF] Applying migration '20260517075650_AddControlledDevices'.&#xD;
[15:44:00 INF] Executed DbCommand (213ms) [Parameters=[], CommandType='Text', CommandTimeout='30']&#xD;
CREATE TABLE `controlled_devices` (&#xD;
    `Id` bigint NOT NULL AUTO_INCREMENT,&#xD;
    `AppCode` varchar(50) CHARACTER SET utf8mb4 NULL,&#xD;
    `DeviceId` bigint NOT NULL,&#xD;
    `DeviceName` varchar(100) CHARACTER SET utf8mb4 NOT NULL,&#xD;
    `SerialNumber` varchar(100) CHARACTER SET utf8mb4 NULL,&#xD;
    `Model` varchar(100) CHARACTER SET utf8mb4 NULL,&#xD;
    `Category` varchar(50) CHARACTER SET utf8mb4 NULL,&#xD;
    `Location` varchar(200) CHARACTER SET utf8mb4 NULL,&#xD;
    `Remark` varchar(500) CHARACTER SET utf8mb4 NULL,&#xD;
    `Priority` int NOT NULL,&#xD;
    `IsEnabled` tinyint(1) NOT NULL,&#xD;
    `IsFavorite` tinyint(1) NOT NULL,&#xD;
    `RegisteredAt` datetime(6) NOT NULL,&#xD;
    `LastCommandAt` datetime(6) NULL,&#xD;
    `CommandCount` int NOT NULL,&#xD;
    `CreatedBy` bigint NULL,&#xD;
    `CreatedByName` varchar(100) CHARACTER SET utf8mb4 NULL,&#xD;
    `CreatedAt` datetime(6) NOT NULL,&#xD;
    `UpdatedAt` datetime(6) NOT NULL,&#xD;
    CONSTRAINT `PK_controlled_devices` PRIMARY KEY (`Id`),&#xD;
    CONSTRAINT `FK_controlled_devices_devices_DeviceId` FOREIGN KEY (`DeviceId`) REFERENCES `devices` (`Id`) ON DELETE CASCADE&#xD;
) CHARACTER SET=utf8mb4;&#xD;
[15:44:00 INF] Executed DbCommand (219ms) [Parameters=[], CommandType='Text', CommandTimeout='30']&#xD;
CREATE INDEX `IX_controlled_devices_AppCode` ON `controlled_devices` (`AppCode`);&#xD;
[15:44:01 INF] Executed DbCommand (259ms) [Parameters=[], CommandType='Text', CommandTimeout='30']&#xD;
CREATE UNIQUE INDEX `IX_controlled_devices_DeviceId` ON `controlled_devices` (`DeviceId`);&#xD;
[15:44:01 INF] Executed DbCommand (848ms) [Parameters=[], CommandType='Text', CommandTimeout='30']&#xD;
CREATE INDEX `IX_controlled_devices_IsEnabled` ON `controlled_devices` (`IsEnabled`);&#xD;
[15:44:02 INF] Executed DbCommand (193ms) [Parameters=[], CommandType='Text', CommandTimeout='30']&#xD;
CREATE INDEX `IX_controlled_devices_IsFavorite` ON `controlled_devices` (`IsFavorite`);&#xD;
[15:44:02 INF] Executed DbCommand (182ms) [Parameters=[], CommandType='Text', CommandTimeout='30']&#xD;
CREATE INDEX `IX_controlled_devices_Priority` ON `controlled_devices` (`Priority`);&#xD;
[15:44:02 INF] Executed DbCommand (182ms) [Parameters=[], CommandType='Text', CommandTimeout='30']&#xD;
CREATE INDEX `IX_controlled_devices_RegisteredAt` ON `controlled_devices` (`RegisteredAt`);&#xD;
[15:44:02 INF] Executed DbCommand (32ms) [Parameters=[], CommandType='Text', CommandTimeout='30']&#xD;
INSERT INTO `__EFMigrationsHistory` (`MigrationId`, `ProductVersion`)&#xD;
VALUES ('20260517075650_AddControlledDevices', '8.0.11');&#xD;
[15:44:02 INF] Applying migration '20260517094239_AddDataCollectionModules'.&#xD;
[15:44:02 INF] Executed DbCommand (269ms) [Parameters=[], CommandType='Text', CommandTimeout='30']&#xD;
CREATE TABLE `database_configs` (&#xD;
    `Id` bigint NOT NULL AUTO_INCREMENT,&#xD;
    `Name` varchar(100) CHARACTER SET utf8mb4 NOT NULL,&#xD;
    `DatabaseType` varchar(50) CHARACTER SET utf8mb4 NOT NULL,&#xD;
    `Status` varchar(20) CHARACTER SET utf8mb4 NOT NULL,&#xD;
    `IsActive` tinyint(1) NOT NULL,&#xD;
    `Host` varchar(255) CHARACTER SET utf8mb4 NOT NULL,&#xD;
    `Port` int NOT NULL,&#xD;
    `DatabaseName` varchar(100) CHARACTER SET utf8mb4 NOT NULL,&#xD;
    `Username` varchar(100) CHARACTER SET utf8mb4 NULL,&#xD;
    `EncryptedPassword` longtext CHARACTER SET utf8mb4 NULL,&#xD;
    `ConnectionString` longtext CHARACTER SET utf8mb4 NULL,&#xD;
    `Config` longtext CHARACTER SET utf8mb4 NULL,&#xD;
    `Description` varchar(500) CHARACTER SET utf8mb4 NULL,&#xD;
    `LastTestAt` datetime(6) NULL,&#xD;
    `AppCode` varchar(50) CHARACTER SET utf8mb4 NULL,&#xD;
    `CreatedAt` datetime(6) NOT NULL,&#xD;
    `UpdatedAt` datetime(6) NOT NULL,&#xD;
    CONSTRAINT `PK_database_configs` PRIMARY KEY (`Id`)&#xD;
) CHARACTER SET=utf8mb4;&#xD;
[15:44:02 INF] Executed DbCommand (194ms) [Parameters=[], CommandType='Text', CommandTimeout='30']&#xD;
CREATE TABLE `gateways` (&#xD;
    `Id` bigint NOT NULL AUTO_INCREMENT,&#xD;
    `Name` varchar(100) CHARACTER SET utf8mb4 NOT NULL,&#xD;
    `GatewayType` varchar(50) CHARACTER SET utf8mb4 NULL,&#xD;
    `SourceProtocol` varchar(50) CHARACTER SET utf8mb4 NOT NULL,&#xD;
    `TargetProtocol` varchar(50) CHARACTER SET utf8mb4 NOT NULL,&#xD;
    `Status` varchar(20) CHARACTER SET utf8mb4 NOT NULL,&#xD;
    `IsActive` tinyint(1) NOT NULL,&#xD;
    `Throughput` int NOT NULL,&#xD;
    `Config` longtext CHARACTER SET utf8mb4 NULL,&#xD;
    `Description` varchar(500) CHARACTER SET utf8mb4 NULL,&#xD;
    `AppCode` varchar(50) CHARACTER SET utf8mb4 NULL,&#xD;
    `CreatedAt` datetime(6) NOT NULL,&#xD;
    `UpdatedAt` datetime(6) NOT NULL,&#xD;
    CONSTRAINT `PK_gateways` PRIMARY KEY (`Id`)&#xD;
) CHARACTER SET=utf8mb4;&#xD;
[15:44:03 INF] Executed DbCommand (183ms) [Parameters=[], CommandType='Text', CommandTimeout='30']&#xD;
CREATE TABLE `plugins` (&#xD;
    `Id` bigint NOT NULL AUTO_INCREMENT,&#xD;
    `Name` varchar(100) CHARACTER SET utf8mb4 NOT NULL,&#xD;
    `Version` varchar(50) CHARACTER SET utf8mb4 NOT NULL,&#xD;
    `Status` varchar(50) CHARACTER SET utf8mb4 NOT NULL,&#xD;
    `IsActive` tinyint(1) NOT NULL,&#xD;
    `PluginType` varchar(50) CHARACTER SET utf8mb4 NULL,&#xD;
    `Description` varchar(500) CHARACTER SET utf8mb4 NULL,&#xD;
    `Author` varchar(100) CHARACTER SET utf8mb4 NULL,&#xD;
    `FilePath` varchar(500) CHARACTER SET utf8mb4 NULL,&#xD;
    `Config` longtext CHARACTER SET utf8mb4 NULL,&#xD;
    `Dependencies` longtext CHARACTER SET utf8mb4 NULL,&#xD;
    `InstalledAt` datetime(6) NULL,&#xD;
    `AppCode` varchar(50) CHARACTER SET utf8mb4 NULL,&#xD;
    `CreatedAt` datetime(6) NOT NULL,&#xD;
    `UpdatedAt` datetime(6) NOT NULL,&#xD;
    CONSTRAINT `PK_plugins` PRIMARY KEY (`Id`)&#xD;
) CHARACTER SET=utf8mb4;&#xD;
[15:44:03 INF] Executed DbCommand (194ms) [Parameters=[], CommandType='Text', CommandTimeout='30']&#xD;
CREATE TABLE `tunnels` (&#xD;
[...]
SELECT `d`.`Status`&#xD;
FROM `devices` AS `d`&#xD;
WHERE `d`.`SerialNumber` = @__imei_0&#xD;
LIMIT 1&#xD;
[15:44:37 INF] Executed DbCommand (0ms) [Parameters=[@__imei_0='?' (Size = 100)], CommandType='Text', CommandTimeout='30']&#xD;
SELECT `d`.`Status`&#xD;
FROM `devices` AS `d`&#xD;
WHERE `d`.`SerialNumber` = @__imei_0&#xD;
LIMIT 1&#xD;
[15:44:37 INF] Executed DbCommand (0ms) [Parameters=[@__imei_0='?' (Size = 100)], CommandType='Text', CommandTimeout='30']&#xD;
SELECT `d`.`Status`&#xD;
FROM `devices` AS `d`&#xD;
WHERE `d`.`SerialNumber` = @__imei_0&#xD;
LIMIT 1&#xD;
[15:44:38 INF] Executed DbCommand (0ms) [Parameters=[@__imei_0='?' (Size = 100)], CommandType='Text', CommandTimeout='30']&#xD;
SELECT `d`.`Status`&#xD;
FROM `devices` AS `d`&#xD;
WHERE `d`.`SerialNumber` = @__imei_0&#xD;
LIMIT 1&#xD;
[15:44:38 INF] Executed DbCommand (0ms) [Parameters=[@__imei_0='?' (Size = 100)], CommandType='Text', CommandTimeout='30']&#xD;
SELECT `d`.`Status`&#xD;
FROM `devices` AS `d`&#xD;
WHERE `d`.`SerialNumber` = @__imei_0&#xD;
LIMIT 1&#xD;
[15:44:38 INF] Executed DbCommand (0ms) [Parameters=[@__imei_0='?' (Size = 100)], CommandType='Text', CommandTimeout='30']&#xD;
SELECT `d`.`Status`&#xD;
FROM `devices` AS `d`&#xD;
WHERE `d`.`SerialNumber` = @__imei_0&#xD;
LIMIT 1&#xD;
[15:44:38 INF] Executed DbCommand (0ms) [Parameters=[@__imei_0='?' (Size = 100)], CommandType='Text', CommandTimeout='30']&#xD;
SELECT `d`.`Status`&#xD;
FROM `devices` AS `d`&#xD;
WHERE `d`.`SerialNumber` = @__imei_0&#xD;
LIMIT 1&#xD;
[15:44:38 INF] Executed DbCommand (0ms) [Parameters=[@__imei_0='?' (Size = 100)], CommandType='Text', CommandTimeout='30']&#xD;
SELECT `d`.`Status`&#xD;
FROM `devices` AS `d`&#xD;
WHERE `d`.`SerialNumber` = @__imei_0&#xD;
LIMIT 1&#xD;
[15:44:38 INF] Executed DbCommand (0ms) [Parameters=[@__imei_0='?' (Size = 100)], CommandType='Text', CommandTimeout='30']&#xD;
SELECT `d`.`Status`&#xD;
FROM `devices` AS `d`&#xD;
WHERE `d`.`SerialNumber` = @__imei_0&#xD;
LIMIT 1&#xD;
[15:44:38 INF] Executed DbCommand (0ms) [Parameters=[@__imei_0='?' (Size = 100)], CommandType='Text', CommandTimeout='30']&#xD;
SELECT `d`.`Status`&#xD;
FROM `devices` AS `d`&#xD;
WHERE `d`.`SerialNumber` = @__imei_0&#xD;
LIMIT 1&#xD;
[15:44:38 INF] Executed DbCommand (0ms) [Parameters=[@__imei_0='?' (Size = 100)], CommandType='Text', CommandTimeout='30']&#xD;
SELECT `d`.`Status`&#xD;
FROM `devices` AS `d`&#xD;
WHERE `d`.`SerialNumber` = @__imei_0&#xD;
LIMIT 1&#xD;
[15:44:38 INF] Executed DbCommand (0ms) [Parameters=[@__imei_0='?' (Size = 100)], CommandType='Text', CommandTimeout='30']&#xD;
SELECT `d`.`Status`&#xD;
FROM `devices` AS `d`&#xD;
WHERE `d`.`SerialNumber` = @__imei_0&#xD;
LIMIT 1&#xD;
[15:44:38 INF] Executed DbCommand (0ms) [Parameters=[@__imei_0='?' (Size = 100)], CommandType='Text', CommandTimeout='30']&#xD;
SELECT `d`.`Status`&#xD;
FROM `devices` AS `d`&#xD;
WHERE `d`.`SerialNumber` = @__imei_0&#xD;
LIMIT 1&#xD;
[15:44:38 INF] Executed DbCommand (0ms) [Parameters=[@__imei_0='?' (Size = 100)], CommandType='Text', CommandTimeout='30']&#xD;
SELECT `d`.`Status`&#xD;
FROM `devices` AS `d`&#xD;
WHERE `d`.`SerialNumber` = @__imei_0&#xD;
LIMIT 1&#xD;
[15:44:38 INF] Executed DbCommand (0ms) [Parameters=[@__imei_0='?' (Size = 100)], CommandType='Text', CommandTimeout='30']&#xD;
SELECT `d`.`Status`&#xD;
FROM `devices` AS `d`&#xD;
WHERE `d`.`SerialNumber` = @__imei_0&#xD;
LIMIT 1&#xD;
[15:44:38 INF] Executed DbCommand (0ms) [Parameters=[@__imei_0='?' (Size = 100)], CommandType='Text', CommandTimeout='30']&#xD;
SELECT `d`.`Status`&#xD;
FROM `devices` AS `d`&#xD;
WHERE `d`.`SerialNumber` = @__imei_0&#xD;
LIMIT 1&#xD;
[15:44:38 INF] Executed DbCommand (1ms) [Parameters=[@__imei_0='?' (Size = 100)], CommandType='Text', CommandTimeout='30']&#xD;
SELECT `d`.`Status`&#xD;
FROM `devices` AS `d`&#xD;
WHERE `d`.`SerialNumber` = @__imei_0&#xD;
LIMIT 1&#xD;
[15:44:38 INF] Executed DbCommand (0ms) [Parameters=[@__imei_0='?' (Size = 100)], CommandType='Text', CommandTimeout='30']&#xD;
SELECT `d`.`Status`&#xD;
FROM `devices` AS `d`&#xD;
WHERE `d`.`SerialNumber` = @__imei_0&#xD;
LIMIT 1&#xD;
[15:44:39 INF] Executed DbCommand (0ms) [Parameters=[@__imei_0='?' (Size = 100)], CommandType='Text', CommandTimeout='30']&#xD;
SELECT `d`.`Status`&#xD;
FROM `devices` AS `d`&#xD;
WHERE `d`.`SerialNumber` = @__imei_0&#xD;
LIMIT 1&#xD;
[15:44:39 INF] Executed DbCommand (0ms) [Parameters=[@__imei_0='?' (Size = 100)], CommandType='Text', CommandTimeout='30']&#xD;
SELECT `d`.`Status`&#xD;
FROM `devices` AS `d`&#xD;
WHERE `d`.`SerialNumber` = @__imei_0&#xD;
LIMIT 1&#xD;
[15:44:39 INF] Executed DbCommand (0ms) [Parameters=[@__imei_0='?' (Size = 100)], CommandType='Text', CommandTimeout='30']&#xD;
SELECT `d`.`Status`&#xD;
FROM `devices` AS `d`&#xD;
WHERE `d`.`SerialNumber` = @__imei_0&#xD;
LIMIT 1&#xD;
[15:44:39 INF] Executed DbCommand (0ms) [Parameters=[@__imei_0='?' (Size = 100)], CommandType='Text', CommandTimeout='30']&#xD;
SELECT `d`.`Status`&#xD;
FROM `devices` AS `d`&#xD;
WHERE `d`.`SerialNumber` = @__imei_0&#xD;
LIMIT 1&#xD;
[15:44:39 INF] ��ʥ�豸 Will ����: IMEI=864536072949900, AppCode=TEST&#xD;
[15:44:39 INF] Executed DbCommand (1ms) [Parameters=[@__imei_0='?' (Size = 100)], CommandType='Text', CommandTimeout='30']&#xD;
SELECT `d`.`Status`&#xD;
FROM `devices` AS `d`&#xD;
WHERE `d`.`SerialNumber` = @__imei_0&#xD;
LIMIT 1&#xD;
[15:44:39 INF] Executed DbCommand (0ms) [Parameters=[@__imei_0='?' (Size = 50), @__appCode_1='?' (Size = 50)], CommandType='Text', CommandTimeout='30']&#xD;
SELECT `d`.`Id`, `d`.`AppCode`, `d`.`ClaimedDeviceId`, `d`.`DiscoveredAt`, `d`.`Iccid`, `d`.`Imei`, `d`.`IsClaimed`, `d`.`Kind`, `d`.`LastProbedAt`, `d`.`LastSeenAt`, `d`.`Model`, `d`.`NetType`, `d`.`ProbeError`, `d`.`ProbeStatus`, `d`.`SlotAmount`, `d`.`Version`&#xD;
FROM `discovered_ansheng_devices` AS `d`&#xD;
WHERE (`d`.`Imei` = @__imei_0) AND (`d`.`AppCode` = @__appCode_1)&#xD;
LIMIT 1&#xD;
[15:44:39 INF] Executed DbCommand (50ms) [Parameters=[@p1='?' (DbType = Int64), @p0='?' (DbType = DateTime)], CommandType='Text', CommandTimeout='30']&#xD;
SET AUTOCOMMIT = 1;&#xD;
UPDATE `discovered_ansheng_devices` SET `LastSeenAt` = @p0&#xD;
WHERE `Id` = @p1;&#xD;
SELECT ROW_COUNT();&#xD;
[15:44:39 INF] Executed DbCommand (0ms) [Parameters=[@__imei_0='?' (Size = 100)], CommandType='Text', CommandTimeout='30']&#xD;
SELECT `d`.`Id`, `d`.`AppCode`, `d`.`AreaId`, `d`.`Category`, `d`.`CreatedAt`, `d`.`EnergyTypes`, `d`.`InstallDate`, `d`.`LastMaintenance`, `d`.`Location`, `d`.`MeterInstalled`, `d`.`Model`, `d`.`Name`, `d`.`Power`, `d`.`ProjectId`, `d`.`ProjectName`, `d`.`ProtocolConfigId`, `d`.`SerialNumber`, `d`.`Status`, `d`.`Supplier`, `d`.`UpdatedAt`, `d`.`Voltage`, `d`.`WarrantyDate`&#xD;
FROM `devices` AS `d`&#xD;
WHERE `d`.`SerialNumber` = @__imei_0&#xD;
LIMIT 1&#xD;
[15:44:39 INF] Executed DbCommand (0ms) [Parameters=[@__imei_0='?' (Size = 100)], CommandType='Text', CommandTimeout='30']&#xD;
SELECT `d`.`Status`&#xD;
FROM `devices` AS `d`&#xD;
WHERE `d`.`SerialNumber` = @__imei_0&#xD;
LIMIT 1&#xD;
[15:44:39 INF] Executed DbCommand (183ms) [Parameters=[@p2='?' (DbType = Int64), @p0='?' (Size = 20), @p1='?' (DbType = DateTime)], CommandType='Text', CommandTimeout='30']&#xD;
SET AUTOCOMMIT = 1;&#xD;
UPDATE `devices` SET `Status` = @p0, `UpdatedAt` = @p1&#xD;
WHERE `Id` = @p2;&#xD;
SELECT ROW_COUNT();&#xD;
[15:44:39 INF] �Ѹ����豸����״̬: DeviceId=10, IMEI=864536072949900&#xD;
[15:44:39 INF] [AnShengDebounce] ���ڵ��ڣ��豸������ imei=864536072949900 appCode=TEST&#xD;
[15:44:39 INF] Executed DbCommand (0ms) [Parameters=[@p0='?' (Size = 500), @p1='?' (Size = 50), @p2='?' (Size = 50), @p3='?' (Size = 100), @p4='?' (Size = 100), @p5='?' (Size = 20), @p6='?' (DbType = DateTime), @p7='?' (Size = 100), @p8='?' (DbType = DateTime), @p9='?' (Size = 100), @p10='?' (DbType = Int32), @p11='?' (DbType = Int32), @p12='?' (DbType = Int32), @p13='?' (Size = 200), @p14='?' (Size = 20), @p15='?' (Size = 20), @p16='?' (DbType = DateTime), @p17='?' (Size = 50), @p18='?' (Size = 4000), @p19='?' (DbType = DateTime), @p20='?' (Size = 500), @p21='?' (Size = 4000), @p22='?' (DbType = Boolean), @p23='?' (Size = 100), @p24='?' (Size = 50), @p25='?' (Size = 20), @p26='?' (Size = 50), @p27='?' (DbType = DateTime), @p28='?' (Size = 255), @p29='?' (Size = 50), @p30='?' (DbType = DateTime), @p31='?' (Size = 10), @p32='?' (Size = 500), @p33='?' (DbType = Boolean), @p34='?' (DbType = Boolean), @p35='?' (Size = 100), @p36='?' (Size = 4000), @p37='?' (Size = 4000), @p38='?' (DbType = DateTime)], CommandType='Text', CommandTimeout='30']&#xD;
INSERT INTO `customers` (`Address`, `AppCode`, `Code`, `ContactEmail`, `ContactPerson`, `ContactPhone`, `CreatedAt`, `Industry`, `LicenseExpireDate`, `LicenseKey`, `MaxAreaCount`, `MaxDeviceCount`, `MaxUserCount`, `Name`, `Phone`, `Status`, `UpdatedAt`)&#xD;
VALUES (@p0, @p1, @p2, @p3, @p4, @p5, @p6, @p7, @p8, @p9, @p10, @p11, @p12, @p13, @p14, @p15, @p16);&#xD;
SELECT `Id`&#xD;
FROM `customers`&#xD;
WHERE ROW_COUNT() = 1 AND `Id` = LAST_INSERT_ID();&#xD;
INSERT INTO `protocol_configs` (`AppCode`, `Config`, `CreatedAt`, `Description`, `DeviceIds`, `IsActive`, `Name`, `ProtocolType`, `Status`, `Type`, `UpdatedAt`)&#xD;
VALUES (@p17, @p18, @p19, @p20, @p21, @p22, @p23, @p24, @p25, @p26, @p27);&#xD;
SELECT `Id`&#xD;
FROM `protocol_configs`&#xD;
WHERE ROW_COUNT() = 1 AND `Id` = LAST_INSERT_ID();&#xD;
INSERT INTO `roles` (`AppCode`, `Code`, `CreatedAt`, `DataScope`, `Description`, `IsDefault`, `IsSystem`, `Name`, `Permissions`, `Status`, `UpdatedAt`)&#xD;
VALUES (@p28, @p29, @p30, @p31, @p32, @p33, @p34, @p35, @p36, @p37, @p38);&#xD;
SELECT `Id`&#xD;
FROM `roles`&#xD;
WHERE ROW_COUNT() = 1 AND `Id` = LAST_INSERT_ID();&#xD;
[15:44:39 INF] Executed DbCommand (0ms) [Parameters=[@p0='?' (Size = 50), @p1='?' (DbType = Int64), @p2='?' (Size = 100), @p3='?' (DbType = DateTime), @p4='?' (Size = 4000), @p5='?' (DbType = DateTime), @p6='?' (DbType = DateTime), @p7='?' (Size = 200), @p8='?' (DbType = Boolean), @p9='?' (Size = 100), @p10='?' (Size = 200), @p11='?' (DbType = Double), @p12='?' (DbType = Int64), @p13='?' (Size = 200), @p14='?' (DbType = Int64), @p15='?' (Size = 100), @p16='?' (Size = 20), @p17='?' (Size = 200), @p18='?' (DbType = DateTime), @p19='?' (Size = 20), @p20='?' (DbType = DateTime), @p21='?' (Size = 50), @p22='?' (DbType = Int64), @p23='?' (DbType = DateTime), @p24='?' (Size = 50), @p25='?' (Size = 50), @p26='?' (DbType = Boolean), @p27='?' (DbType = Int32), @p28='?' (DbType = DateTime), @p29='?' (DbType = DateTime), @p30='?' (Size = 100), @p31='?' (Size = 50), @p32='?' (Size = 500), @p33='?' (DbType = Int32), @p34='?' (DbType = Int32), @p35='?' (Size = 100), @p36='?' (Size = 4000), @p37='?' (Size = 255), @p38='?' (Size = 200), @p39='?' (DbType = DateTime), @p40='?' (DbType = Int64), @p41='?' (Size = 200), @p42='?' (Size = 4000), @p43='?' (Size = 100), @p44='?' (DbType = Boolean), @p45='?' (DbType = Boolean), @p46='?' (DbType = DateTime), @p47='?' (Size = 100), @p48='?' (Size = 500), @p49='?' (Size = 20), @p50='?' (Size = 50), @p51='?' (DbType = Int64), @p52='?' (Size = 20), @p53='?' (DbType = DateTime), @p54='?' (Size = 100)], CommandType='Text', CommandTimeout='30']&#xD;
INSERT INTO `devices` (`AppCode`, `AreaId`, `Category`, `CreatedAt`, `EnergyTypes`, `InstallDate`, `LastMaintenance`, `Location`, `MeterInstalled`, `Model`, `Name`, `Power`, `ProjectId`, `ProjectName`, `ProtocolConfigId`, `SerialNumber`, `Status`, `Supplier`, `UpdatedAt`, `Voltage`, `WarrantyDate`)&#xD;
VALUES (@p0, @p1, @p2, @p3, @p4, @p5, @p6, @p7, @p8, @p9, @p10, @p11, @p12, @p13, @p14, @p15, @p16, @p17, @p18, @p19, @p20);&#xD;
SELECT `Id`&#xD;
FROM `devices`&#xD;
WHERE ROW_COUNT() = 1 AND `Id` = LAST_INSERT_ID();&#xD;
INSERT INTO `discovered_ansheng_devices` (`AppCode`, `ClaimedDeviceId`, `DiscoveredAt`, `Iccid`, `Imei`, `IsClaimed`, `Kind`, `LastProbedAt`, `LastSeenAt`, `Model`, `NetType`, `ProbeError`, `ProbeStatus`, `SlotAmount`, `Version`)&#xD;
VALUES (@p21, @p22, @p23, @p24, @p25, @p26, @p27, @p28, @p29, @p30, @p31, @p32, @p33, @p34, @p35);&#xD;
SELECT `Id`&#xD;
FROM `discovered_ansheng_devices`&#xD;
WHERE ROW_COUNT() = 1 AND `Id` = LAST_INSERT_ID();&#xD;
INSERT INTO `users` (`AllowedAreaIds`, `AppCode`, `Avatar`, `CreatedAt`, `CustomerId`, `Email`, `EnergyTypes`, `FullName`, `IsActive`, `IsSuperAdmin`, `LastLoginTime`, `Name`, `Password`, `Phone`, `Role`, `RoleId`, `Status`, `UpdatedAt`, `Username`)&#xD;
VALUES (@p36, @p37, @p38, @p39, @p40, @p41, @p42, @p43, @p44, @p45, @p46, @p47, @p48, @p49, @p50, @p51, @p52, @p53, @p54);&#xD;
SELECT `Id`&#xD;
FROM `users`&#xD;
WHERE ROW_COUNT() = 1 AND `Id` = LAST_INSERT_ID();&#xD;
[15:44:39 INF] Executed DbCommand (0ms) [Parameters=[], CommandType='Text', CommandTimeout='30']&#xD;
SELECT COUNT(*)&#xD;
FROM `AnShengDeviceEvents` AS `a`&#xD;
[15:44:39 INF] Executed DbCommand (0ms) [Parameters=[@__imei_0='?' (Size = 100)], CommandType='Text', CommandTimeout='30']&#xD;
SELECT `d`.`Id`, `d`.`AppCode`&#xD;
FROM `devices` AS `d`&#xD;
WHERE `d`.`SerialNumber` = @__imei_0&#xD;
LIMIT 1&#xD;
[15:44:39 INF] Executed DbCommand (0ms) [Parameters=[@__imei_0='?' (Size = 50)], CommandType='Text', CommandTimeout='30']&#xD;
SELECT `a`.`Id`, `a`.`AppCode`, `a`.`CreatedAt`, `a`.`DeviceId`, `a`.`Iccid`, `a`.`Imei`, `a`.`Kind`, `a`.`KindSource`, `a`.`LastProbedAt`, `a`.`Model`, `a`.`NetType`, `a`.`PhaseAmount`, `a`.`ProbeError`, `a`.`ProbeStatus`, `a`.`Signal`, `a`.`SlotAmount`, `a`.`UpdatedAt`, `a`.`Version`&#xD;
FROM `ansheng_device_profiles` AS `a`&#xD;
WHERE `a`.`Imei` = @__imei_0&#xD;
LIMIT 1&#xD;
[15:44:39 INF] Executed DbCommand (0ms) [Parameters=[@p0='?' (Size = 50), @p1='?' (DbType = DateTime), @p2='?' (DbType = Int64), @p3='?' (DbType = DateTime), @p4='?' (Size = 512), @p5='?' (DbType = Boolean), @p6='?' (Size = 64), @p7='?' (Size = 32), @p8='?' (DbType = Int32), @p9='?' (Size = 32), @p10='?' (DbType = DateTime), @p11='?' (Size = 4000), @p12='?' (Size = 4000), @p13='?' (DbType = DateTime), @p14='?' (DbType = Int32), @p15='?' (DbType = Int32)], CommandType='Text', CommandTimeout='30']&#xD;
INSERT INTO `AnShengDeviceEvents` (`AppCode`, `CreatedAt`, `DeviceId`, `DeviceTimestampUtc`, `DispatchError`, `DispatchedToRules`, `FrameId`, `Imei`, `Kind`, `Method`, `OccurredAt`, `PayloadJson`, `RawJson`, `ReceivedAt`, `Severity`, `SlotNum`)&#xD;
VALUES (@p0, @p1, @p2, @p3, @p4, @p5, @p6, @p7, @p8, @p9, @p10, @p11, @p12, @p13, @p14, @p15);&#xD;
SELECT `Id`&#xD;
FROM `AnShengDeviceEvents`&#xD;
WHERE ROW_COUNT() = 1 AND `Id` = LAST_INSERT_ID();&#xD;
[15:44:39 INF] Executed DbCommand (0ms) [Parameters=[@__id_0='?' (DbType = Int64)], CommandType='Text', CommandTimeout='30']&#xD;
SELECT `d`.`Id`, `d`.`AppCode`, `d`.`AreaId`, `d`.`Category`, `d`.`CreatedAt`, `d`.`EnergyTypes`, `d`.`InstallDate`, `d`.`LastMaintenance`, `d`.`Location`, `d`.`MeterInstalled`, `d`.`Model`, `d`.`Name`, `d`.`Power`, `d`.`ProjectId`, `d`.`ProjectName`, `d`.`ProtocolConfigId`, `d`.`SerialNumber`, `d`.`Status`, `d`.`Supplier`, `d`.`UpdatedAt`, `d`.`Voltage`, `d`.`WarrantyDate`&#xD;
FROM `devices` AS `d`&#xD;
WHERE (`d`.`AppCode` = 'TEST') AND (`d`.`Id` = @__id_0)&#xD;
LIMIT 1&#xD;
[15:44:39 INF] Executed DbCommand (0ms) [Parameters=[@p0='?' (Size = 4000), @p1='?' (DbType = Int64), @p2='?' (Size = 4000), @p3='?' (DbType = Double), @p4='?' (DbType = Double), @p5='?' (DbType = Double), @p6='?' (DbType = Int64), @p7='?' (Size = 4000), @p8='?' (DbType = Double), @p9='?' (DbType = Double), @p10='?' (DbType = Double), @p11='?' (DbType = Double), @p12='?' (DbType = Double), @p13='?' (DbType = Double), @p14='?' (DbType = Double), @p15='?' (DbType = Double), @p16='?' (Size = 4000), @p17='?' (DbType = Double), @p18='?' (DbType = Double), @p19='?' (DbType = Double), @p20='?' (DbType = Double), @p21='?' (DbType = DateTime), @p22='?' (Size = 4000), @p23='?' (DbType = Double), @p24='?' (DbType = Double), @p25='?' (Size = 4000), @p26='?' (DbType = Double), @p27='?' (DbType = Double), @p28='?' (DbType = DateTime), @p29='?' (DbType = Double), @p30='?' (DbType = Double)], CommandType='Text', CommandTimeout='30']&#xD;
INSERT INTO `device_data_records` (`AppCode`, `AreaId`, `AreaName`, `CO`, `CO2`, `CombustibleGas`, `DeviceId`, `DeviceName`, `ElectricKWh`, `ElectricPower`, `ExhaustVolume`, `Formaldehyde`, `FreshAirVolume`, `GasFlow`, `GasTotal`, `Humidity`, `Level`, `Noise`, `OilFume`, `PM10`, `PM25`, `RecordTime`, `SensorData`, `Smoke`, `SmokeConcentration`, `Status`, `TVOC`, `Temperature`, `Timestamp`, `WaterFlow`, `WaterTotal`)&#xD;
VALUES (@p0, @p1, @p2, @p3, @p4, @p5, @p6, @p7, @p8, @p9, @p10, @p11, @p12, @p13, @p14, @p15, @p16, @p17, @p18, @p19, @p20, @p21, @p22, @p23, @p24, @p25, @p26, @p27, @p28, @p29, @p30);&#xD;
SELECT `Id`&#xD;
FROM `device_data_records`&#xD;
WHERE ROW_COUNT() = 1 AND `Id` = LAST_INSERT_ID();&#xD;
[15:44:39 INF] Executed DbCommand (0ms) [Parameters=[@__deviceId_0='?' (DbType = Int64)], CommandType='Text', CommandTimeout='30']&#xD;
SELECT `d`.`Id`, `d`.`AppCode`, `d`.`DeviceId`, `d`.`LastValue`, `d`.`Name`, `d`.`SensorType`, `d`.`Unit`&#xD;
FROM `device_sensors` AS `d`&#xD;
WHERE (`d`.`AppCode` = 'TEST') AND (`d`.`DeviceId` = @__deviceId_0)&#xD;
[15:44:39 INF] Executed DbCommand (0ms) [Parameters=[@__appCode_0='?' (Size = 255), @__deviceId_1='?' (DbType = Int64)], CommandType='Text', CommandTimeout='30']&#xD;
SELECT `d`.`Id`, `d`.`AppCode`, `d`.`AreaId`, `d`.`CreatedAt`, `d`.`DataType`, `d`.`Description`, `d`.`DeviceId`, `d`.`IsActive`, `d`.`Level`, `d`.`MaxValue`, `d`.`MinValue`, `d`.`Name`, `d`.`Priority`, `d`.`RuleExpression`, `d`.`RuleType`, `d`.`UpdatedAt`&#xD;
FROM `data_rules` AS `d`&#xD;
WHERE (`d`.`IsActive` AND (`d`.`AppCode` = @__appCode_0)) AND (`d`.`DeviceId` IS NULL OR (`d`.`DeviceId` = @__deviceId_1))&#xD;
[15:44:39 INF] Executed DbCommand (33ms) [Parameters=[@p1='?' (DbType = Int64), @p0='?' (DbType = Boolean)], CommandType='Text', CommandTimeout='30']&#xD;
SET AUTOCOMMIT = 1;&#xD;
UPDATE `AnShengDeviceEvents` SET `DispatchedToRules` = @p0&#xD;
WHERE `Id` = @p1;&#xD;
SELECT ROW_COUNT();&#xD;
[15:44:39 INF] [AnShengEvent] 864536072949900 keyEvent eventId=4 kind=Key dispatched=True&#xD;
[15:44:39 INF] Executed DbCommand (0ms) [Parameters=[@__imei_0='?' (Size = 32)], CommandType='Text', CommandTimeout='30']&#xD;
SELECT `a`.`Id`, `a`.`AppCode`, `a`.`CreatedAt`, `a`.`DeviceId`, `a`.`DeviceTimestampUtc`, `a`.`DispatchError`, `a`.`DispatchedToRules`, `a`.`FrameId`, `a`.`Imei`, `a`.`Kind`, `a`.`Method`, `a`.`OccurredAt`, `a`.`PayloadJson`, `a`.`RawJson`, `a`.`ReceivedAt`, `a`.`Severity`, `a`.`SlotNum`&#xD;
FROM `AnShengDeviceEvents` AS `a`&#xD;
WHERE `a`.`Imei` = @__imei_0&#xD;
[15:44:39 INF] Executed DbCommand (0ms) [Parameters=[@__Seed_DeviceId_0='?' (DbType = Int64)], CommandType='Text', CommandTimeout='30']&#xD;
SELECT `d`.`Id`, `d`.`AppCode`, `d`.`AreaId`, `d`.`AreaName`, `d`.`CO`, `d`.`CO2`, `d`.`CombustibleGas`, `d`.`DeviceId`, `d`.`DeviceName`, `d`.`ElectricKWh`, `d`.`ElectricPower`, `d`.`ExhaustVolume`, `d`.`Formaldehyde`, `d`.`FreshAirVolume`, `d`.`GasFlow`, `d`.`GasTotal`, `d`.`Humidity`, `d`.`Level`, `d`.`Noise`, `d`.`OilFume`, `d`.`PM10`, `d`.`PM25`, `d`.`RecordTime`, `d`.`SensorData`, `d`.`Smoke`, `d`.`SmokeConcentration`, `d`.`Status`, `d`.`TVOC`, `d`.`Temperature`, `d`.`Timestamp`, `d`.`WaterFlow`, `d`.`WaterTotal`&#xD;
FROM `device_data_records` AS `d`&#xD;
WHERE `d`.`DeviceId` = @__Seed_DeviceId_0&#xD;
[15:44:39 INF] AnShengUplinkPipeline ���˶���������&#xD;
[MySqlDbProvisioner] ��ɾ�����Կ� `iot_platform_test_main_20260804154309_0166`&#xD;
[xUnit.net 00:01:37.16]   Finished:    IoTPlatform.IntegrationTests&#xD;
</StdOut>
    </Output>
    <RunInfos>
      <RunInfo computerName="DESKTOP-M8N84JA" outcome="Error" timestamp="2026-08-04T15:44:27.0994507+08:00">
        <Text>[xUnit.net 00:01:17.43]     验收#6 GET /catalog 不传 deviceId → 36 条，且字段齐全 [FAIL]</Text>
      </RunInfo>
    </RunInfos>
  </ResultSummary>
</TestRun>