<?xml version="1.0" encoding="utf-8"?>
<TestRun id="4b3e505a-7751-43d3-9ea7-fa963c36afa1" name="Administrator@DESKTOP-M8N84JA 2026-08-04 15:49:37" runUser="DESKTOP-M8N84JA\Administrator" xmlns="http://microsoft.com/schemas/VisualStudio/TeamTest/2010">
  <Times creation="2026-08-04T15:49:37.0381009+08:00" queuing="2026-08-04T15:49:37.0381012+08:00" start="2026-08-04T15:48:23.0674953+08:00" finish="2026-08-04T15:50:00.3935297+08:00" />
  <TestSettings name="default" id="30820f68-6213-45ca-9468-dc573dd90c36">
    <Deployment runDeploymentRoot="Administrator_DESKTOP-M8N84JA_2026-08-04_15_49_37" />
  </TestSettings>
  <Results>
    <UnitTestResult executionId="8dfc85ec-2912-475d-b20c-f6ba490730e2" testId="27c4e5ee-9088-d632-f91c-9d82e0a6c0ed" testName="QA-03 请求级 AppCode 过滤生效：换租户看不到基线数据（真隔离仍须另起 Factory）" computerName="DESKTOP-M8N84JA" duration="00:00:00.0944904" startTime="2026-08-04T15:49:40.0249338+08:00" endTime="2026-08-04T15:49:40.0249339+08:00" testType="13cdc9d9-ddb5-4fa4-a97d-d965ccfc6d4b" outcome="Passed" testListId="8c84fa94-04c1-424b-9868-57a2d4851a1d" relativeResultsDirectory="8dfc85ec-2912-475d-b20c-f6ba490730e2" />
    <UnitTestResult executionId="85ba6716-5d29-4860-a469-9bbf76ec3b2e" testId="efc0cd90-6c9e-97cd-42cf-d30d443fab44" testName="QA-01 两处进程级状态被真实污染后，ResetAll() 经生产读 API 观测确实归零" computerName="DESKTOP-M8N84JA" duration="00:00:00.0024724" startTime="2026-08-04T15:49:39.7780546+08:00" endTime="2026-08-04T15:49:39.7780547+08:00" testType="13cdc9d9-ddb5-4fa4-a97d-d965ccfc6d4b" outcome="Passed" testListId="8c84fa94-04c1-424b-9868-57a2d4851a1d" relativeResultsDirectory="85ba6716-5d29-4860-a469-9bbf76ec3b2e" />
    <UnitTestResult executionId="8a4f59d7-9656-401a-b647-2f70679b8365" testId="388e9dc6-30fb-23e9-8854-de5d9c357858" testName="验收#5 批量无应答 → 一轮清扫后在途表归零且逐条置 Timeout" computerName="DESKTOP-M8N84JA" duration="00:00:03.0460957" startTime="2026-08-04T15:49:44.8159531+08:00" endTime="2026-08-04T15:49:44.8159532+08:00" testType="13cdc9d9-ddb5-4fa4-a97d-d965ccfc6d4b" outcome="Passed" testListId="8c84fa94-04c1-424b-9868-57a2d4851a1d" relativeResultsDirectory="8a4f59d7-9656-401a-b647-2f70679b8365" />
    <UnitTestResult executionId="af82227b-a10d-45b9-a60c-09aa0def0f3c" testId="da6b50fd-def8-2e5c-ebfe-bab134fcf19c" testName="示例-06 下发协议外命令 → 适配器层「默认拒绝」，一条都不外发" computerName="DESKTOP-M8N84JA" duration="00:00:00.0732621" startTime="2026-08-04T15:49:38.5097583+08:00" endTime="2026-08-04T15:49:38.5097584+08:00" testType="13cdc9d9-ddb5-4fa4-a97d-d965ccfc6d4b" outcome="Passed" testListId="8c84fa94-04c1-424b-9868-57a2d4851a1d" relativeResultsDirectory="af82227b-a10d-45b9-a60c-09aa0def0f3c" />
    <UnitTestResult executionId="614edfa4-79d3-454b-875d-22e3949ac682" testId="1f8ab0dc-b8ce-0b7c-1f3a-7b17aa178bc0" testName="验收#5-护栏 close 后无 connected → 窗口到期设备置 offline（证明上一条断言非平凡真）" computerName="DESKTOP-M8N84JA" duration="00:00:02.1368654" startTime="2026-08-04T15:49:53.2204866+08:00" endTime="2026-08-04T15:49:53.2204867+08:00" testType="13cdc9d9-ddb5-4fa4-a97d-d965ccfc6d4b" outcome="Passed" testListId="8c84fa94-04c1-424b-9868-57a2d4851a1d" relativeResultsDirectory="614edfa4-79d3-454b-875d-22e3949ac682" />
    <UnitTestResult executionId="972ec0d0-42b7-4aca-8005-bcc061178f1e" testId="eb78201f-b3b6-88b1-740c-fe4943a1b4ac" testName="示例-07 设备不存在 → 拒绝下发，适配器无副作用" computerName="DESKTOP-M8N84JA" duration="00:00:00.6095793" startTime="2026-08-04T15:49:36.6367949+08:00" endTime="2026-08-04T15:49:36.6368132+08:00" testType="13cdc9d9-ddb5-4fa4-a97d-d965ccfc6d4b" outcome="Passed" testListId="8c84fa94-04c1-424b-9868-57a2d4851a1d" relativeResultsDirectory="972ec0d0-42b7-4aca-8005-bcc061178f1e" />
    <UnitTestResult executionId="314fbeb2-cd82-4b64-8ca7-97f230b1aa6a" testId="6b05371f-d0ac-b9c4-9266-38f7ec1bafd7" testName="验收#5 无应答超时 → Record=Timeout/ErrorCode=TIMEOUT/在途表归零" computerName="DESKTOP-M8N84JA" duration="00:00:01.1998069" startTime="2026-08-04T15:49:46.2731341+08:00" endTime="2026-08-04T15:49:46.2731342+08:00" testType="13cdc9d9-ddb5-4fa4-a97d-d965ccfc6d4b" outcome="Passed" testListId="8c84fa94-04c1-424b-9868-57a2d4851a1d" relativeResultsDirectory="314fbeb2-cd82-4b64-8ca7-97f230b1aa6a" />
    <UnitTestResult executionId="6a9a19dd-80f7-4633-88fd-3ec7e7db9f99" testId="a7cbc5d7-e026-7516-2269-5a6f848ae8bd" testName="验收#4 keyEvent 上行 → 事件表落库(IMEI/Method/Kind/AppCode/SlotNum/OccurredAt) + DispatchedToRules=true" computerName="DESKTOP-M8N84JA" duration="00:00:00.1373691" startTime="2026-08-04T15:49:53.5002637+08:00" endTime="2026-08-04T15:49:53.5002638+08:00" testType="13cdc9d9-ddb5-4fa4-a97d-d965ccfc6d4b" outcome="Passed" testListId="8c84fa94-04c1-424b-9868-57a2d4851a1d" relativeResultsDirectory="6a9a19dd-80f7-4633-88fd-3ec7e7db9f99" />
    <UnitTestResult executionId="548fb215-b63c-4aa6-8740-62793f61e069" testId="2fd2f4bb-01f7-7605-30a6-71a0acf9dfad" testName="示例-03 超级管理员绕过权限校验，但仍受 AppCode 数据过滤" computerName="DESKTOP-M8N84JA" duration="00:00:00.1270158" startTime="2026-08-04T15:49:38.8606019+08:00" endTime="2026-08-04T15:49:38.8606020+08:00" testType="13cdc9d9-ddb5-4fa4-a97d-d965ccfc6d4b" outcome="Passed" testListId="8c84fa94-04c1-424b-9868-57a2d4851a1d" relativeResultsDirectory="548fb215-b63c-4aa6-8740-62793f61e069" />
    <UnitTestResult executionId="0b5e285d-af27-47c3-b84c-e3c744832ede" testId="926ee394-1ca9-3add-d4c8-69cd1f582020" testName="验收#6 getDevStatus 自动上报 → DeviceDataRecord 落库(slot1_voltage/slot1_power/temperature + 专用列 + 旧键)" computerName="DESKTOP-M8N84JA" duration="00:00:00.1982566" startTime="2026-08-04T15:49:50.9046301+08:00" endTime="2026-08-04T15:49:50.9046303+08:00" testType="13cdc9d9-ddb5-4fa4-a97d-d965ccfc6d4b" outcome="Passed" testListId="8c84fa94-04c1-424b-9868-57a2d4851a1d" relativeResultsDirectory="0b5e285d-af27-47c3-b84c-e3c744832ede" />
    <UnitTestResult executionId="f48e2380-ffaa-48f2-a7f4-17435bfe1931" testId="0a84268f-f2e4-8988-79cd-3ce42386ea4e" testName="验收#4 探测超时 → 返回 PROBE_FAILED、ProbeStatus=ProbeFailed，且不创建任何设备行" computerName="DESKTOP-M8N84JA" duration="00:00:00.3983684" startTime="2026-08-04T15:49:41.4885048+08:00" endTime="2026-08-04T15:49:41.4885049+08:00" testType="13cdc9d9-ddb5-4fa4-a97d-d965ccfc6d4b" outcome="Passed" testListId="8c84fa94-04c1-424b-9868-57a2d4851a1d" relativeResultsDirectory="f48e2380-ffaa-48f2-a7f4-17435bfe1931" />
    <UnitTestResult executionId="0b8edbb7-66fa-46f5-9ff6-5ad556e8e63c" testId="52154cfe-8b32-e17d-bcb5-e79cc080e605" testName="示例-10 测试替身的 Legacy 白名单与生产同源（防止双份真相漂移）" computerName="DESKTOP-M8N84JA" duration="00:00:00.0011604" startTime="2026-08-04T15:49:38.6160537+08:00" endTime="2026-08-04T15:49:38.6160538+08:00" testType="13cdc9d9-ddb5-4fa4-a97d-d965ccfc6d4b" outcome="Passed" testListId="8c84fa94-04c1-424b-9868-57a2d4851a1d" relativeResultsDirectory="0b8edbb7-66fa-46f5-9ff6-5ad556e8e63c" />
    <UnitTestResult executionId="fa3a07fc-1e97-43ff-a5b8-e58c9236c301" testId="87952c75-59b9-b5db-f17a-ae77300c590a" testName="示例-08 匿名下发 → HTTP 401，适配器无副作用" computerName="DESKTOP-M8N84JA" duration="00:00:00.2787591" startTime="2026-08-04T15:49:37.2626555+08:00" endTime="2026-08-04T15:49:37.2626557+08:00" testType="13cdc9d9-ddb5-4fa4-a97d-d965ccfc6d4b" outcome="Passed" testListId="8c84fa94-04c1-424b-9868-57a2d4851a1d" relativeResultsDirectory="fa3a07fc-1e97-43ff-a5b8-e58c9236c301" />
    <UnitTestResult executionId="b66a15e3-381d-421c-98ad-2d753d102da9" testId="278c81a8-2ed8-baf2-b5e0-5fc192974680" testName="示例-05 下发目录内命令 → 适配器恰好收到 1 条，且参数透传正确" computerName="DESKTOP-M8N84JA" duration="00:00:00.4114727" startTime="2026-08-04T15:49:38.0381679+08:00" endTime="2026-08-04T15:49:38.0381682+08:00" testType="13cdc9d9-ddb5-4fa4-a97d-d965ccfc6d4b" outcome="Passed" testListId="8c84fa94-04c1-424b-9868-57a2d4851a1d" relativeResultsDirectory="b66a15e3-381d-421c-98ad-2d753d102da9" />
    <UnitTestResult executionId="12873ae2-7f1b-4fe6-a37b-45e0c4bb9dec" testId="53fbc453-77ef-6515-4f79-6eebd79ff7e7" testName="示例-04 静态状态清理器可用（清理入口失效时会失败告警）" computerName="DESKTOP-M8N84JA" duration="00:00:00.0003604" startTime="2026-08-04T15:49:38.9697720+08:00" endTime="2026-08-04T15:49:38.9697721+08:00" testType="13cdc9d9-ddb5-4fa4-a97d-d965ccfc6d4b" outcome="Passed" testListId="8c84fa94-04c1-424b-9868-57a2d4851a1d" relativeResultsDirectory="12873ae2-7f1b-4fe6-a37b-45e0c4bb9dec" />
    <UnitTestResult executionId="51aa5474-0ff7-45ed-90d2-1d0f37eec4ed" testId="e540d417-7e79-cbb1-562f-cd515269e153" testName="示例-02 管理员请求已发现设备列表 → 业务码 200 且能读到播种的 IMEI" computerName="DESKTOP-M8N84JA" duration="00:00:00.0511007" startTime="2026-08-04T15:49:39.3338335+08:00" endTime="2026-08-04T15:49:39.3338336+08:00" testType="13cdc9d9-ddb5-4fa4-a97d-d965ccfc6d4b" outcome="Passed" testListId="8c84fa94-04c1-424b-9868-57a2d4851a1d" relativeResultsDirectory="51aa5474-0ff7-45ed-90d2-1d0f37eec4ed" />
    <UnitTestResult executionId="a518dc74-f066-44a1-99a9-bd3b1f35d80f" testId="5831a692-258d-9678-b65d-8820e2c9fe81" testName="验收#2 认领 4G 四路开关 → 探测两条指令、品类=Switch4G、Profile 落库、Category=4G开关" computerName="DESKTOP-M8N84JA" duration="00:00:00.5350842" startTime="2026-08-04T15:49:40.9030719+08:00" endTime="2026-08-04T15:49:40.9030720+08:00" testType="13cdc9d9-ddb5-4fa4-a97d-d965ccfc6d4b" outcome="Passed" testListId="8c84fa94-04c1-424b-9868-57a2d4851a1d" relativeResultsDirectory="a518dc74-f066-44a1-99a9-bd3b1f35d80f" />
    <UnitTestResult executionId="de80765d-a49f-4293-bb31-e6d626c18628" testId="41a22cf0-f6dc-e797-548b-ad2969f0fd67" testName="QA-04 匿名响应确为空包体：对它调用 ReadAsync&lt;T&gt; 必然抛异常（锁定「裸 401」口径）" computerName="DESKTOP-M8N84JA" duration="00:00:00.0457792" startTime="2026-08-04T15:49:39.6569821+08:00" endTime="2026-08-04T15:49:39.6569823+08:00" testType="13cdc9d9-ddb5-4fa4-a97d-d965ccfc6d4b" outcome="Passed" testListId="8c84fa94-04c1-424b-9868-57a2d4851a1d" relativeResultsDirectory="de80765d-a49f-4293-bb31-e6d626c18628" />
    <UnitTestResult executionId="9644eda3-127e-46cc-b745-077e6dccdaa0" testId="b9e9a936-e843-c308-272e-4f9735155297" testName="QA-02 用例级钩子会清掉 GetOrCreateFor 登记的额外分身，而不只是默认分身" computerName="DESKTOP-M8N84JA" duration="00:00:00.1190682" startTime="2026-08-04T15:49:40.2615882+08:00" endTime="2026-08-04T15:49:40.2615884+08:00" testType="13cdc9d9-ddb5-4fa4-a97d-d965ccfc6d4b" outcome="Passed" testListId="8c84fa94-04c1-424b-9868-57a2d4851a1d" relativeResultsDirectory="9644eda3-127e-46cc-b745-077e6dccdaa0" />
    <UnitTestResult executionId="ab8f710f-6d29-4275-a1b6-90cffebee709" testId="0fdf791b-5d38-ef08-fb29-650946fc40a3" testName="示例-09 Legacy 白名单内命令 → 放行（orderStart）" computerName="DESKTOP-M8N84JA" duration="00:00:00.1090798" startTime="2026-08-04T15:49:38.3313033+08:00" endTime="2026-08-04T15:49:38.3313035+08:00" testType="13cdc9d9-ddb5-4fa4-a97d-d965ccfc6d4b" outcome="Passed" testListId="8c84fa94-04c1-424b-9868-57a2d4851a1d" relativeResultsDirectory="ab8f710f-6d29-4275-a1b6-90cffebee709" />
    <UnitTestResult executionId="38889e7a-88c5-4045-a4da-e4f2be74316a" testId="cb67dde9-3057-3e14-f69c-c20834992112" testName="验收#6 GET /catalog 不传 deviceId → 36 条，且字段齐全" computerName="DESKTOP-M8N84JA" duration="00:00:00.0648861" startTime="2026-08-04T15:49:41.6607561+08:00" endTime="2026-08-04T15:49:41.6607564+08:00" testType="13cdc9d9-ddb5-4fa4-a97d-d965ccfc6d4b" outcome="Passed" testListId="8c84fa94-04c1-424b-9868-57a2d4851a1d" relativeResultsDirectory="38889e7a-88c5-4045-a4da-e4f2be74316a" />
    <UnitTestResult executionId="dad16347-0850-4a0a-9ff7-c067b682da4b" testId="4cda831a-8373-0593-48bb-7d7001cd05ec" testName="验收#5 close 后窗口内收到 connected → 设备保持 online（去抖生效、无直连置离线通路）" computerName="DESKTOP-M8N84JA" duration="00:00:04.1474972" startTime="2026-08-04T15:49:50.5312807+08:00" endTime="2026-08-04T15:49:50.5312808+08:00" testType="13cdc9d9-ddb5-4fa4-a97d-d965ccfc6d4b" outcome="Passed" testListId="8c84fa94-04c1-424b-9868-57a2d4851a1d" relativeResultsDirectory="dad16347-0850-4a0a-9ff7-c067b682da4b" />
    <UnitTestResult executionId="3977a901-ed17-40e7-a6f1-77dd446cb291" testId="b7edc980-1e44-0a5f-fc49-e311b753c748" testName="示例-01 匿名请求已发现设备列表 → HTTP 401（裸状态码，无 ApiResponse 包体）" computerName="DESKTOP-M8N84JA" duration="00:00:00.0487909" startTime="2026-08-04T15:49:39.4946160+08:00" endTime="2026-08-04T15:49:39.4946162+08:00" testType="13cdc9d9-ddb5-4fa4-a97d-d965ccfc6d4b" outcome="Passed" testListId="8c84fa94-04c1-424b-9868-57a2d4851a1d" relativeResultsDirectory="3977a901-ed17-40e7-a6f1-77dd446cb291" />
    <UnitTestResult executionId="92d75cfb-fad7-4232-8464-287b94151dbd" testId="ef2170be-3d71-7f9c-42da-323af5ddacda" testName="验收#6变体 GET /catalog?deviceId → 按 Kind 过滤，条数 ≤36" computerName="DESKTOP-M8N84JA" duration="00:00:00.0531984" startTime="2026-08-04T15:49:44.9724457+08:00" endTime="2026-08-04T15:49:44.9724459+08:00" testType="13cdc9d9-ddb5-4fa4-a97d-d965ccfc6d4b" outcome="Passed" testListId="8c84fa94-04c1-424b-9868-57a2d4851a1d" relativeResultsDirectory="92d75cfb-fad7-4232-8464-287b94151dbd" />
  </Results>
  <TestDefinitions>
    <UnitTest name="验收#6 getDevStatus 自动上报 → DeviceDataRecord 落库(slot1_voltage/slot1_power/temperature + 专用列 + 旧键)" storage="h:\iotplatform\tests\iotplatform.integrationtests\bin\debug\net8.0\iotplatform.integrationtests.dll" id="926ee394-1ca9-3add-d4c8-69cd1f582020">
      <Execution id="0b5e285d-af27-47c3-b84c-e3c744832ede" />
      <TestMethod codeBase="H:\IoTPlatform\tests\IoTPlatform.IntegrationTests\bin\Debug\net8.0\IoTPlatform.IntegrationTests.dll" adapterTypeName="executor://xunit/VsTestRunner2/netcoreapp" className="IoTPlatform.IntegrationTests.AnSheng.AnShengEventTests" name="Acceptance6_GetDevStatus_AutoReport_Should_Persist_Flattened_Slot_Fields" />
    </UnitTest>
    <UnitTest name="QA-04 匿名响应确为空包体：对它调用 ReadAsync&lt;T&gt; 必然抛异常（锁定「裸 401」口径）" storage="h:\iotplatform\tests\iotplatform.integrationtests\bin\debug\net8.0\iotplatform.integrationtests.dll" id="41a22cf0-f6dc-e797-548b-ad2969f0fd67">
      <Execution id="de80765d-a49f-4293-bb31-e6d626c18628" />
      <TestMethod codeBase="H:\IoTPlatform\tests\IoTPlatform.IntegrationTests\bin\Debug\net8.0\IoTPlatform.IntegrationTests.dll" adapterTypeName="executor://xunit/VsTestRunner2/netcoreapp" className="IoTPlatform.IntegrationTests.Samples.ScaffoldFalsificationTests" name="AnonymousResponse_HasNoApiResponseBody_SoReadAsyncMustThrow" />
    </UnitTest>
    <UnitTest name="验收#5 无应答超时 → Record=Timeout/ErrorCode=TIMEOUT/在途表归零" storage="h:\iotplatform\tests\iotplatform.integrationtests\bin\debug\net8.0\iotplatform.integrationtests.dll" id="6b05371f-d0ac-b9c4-9266-38f7ec1bafd7">
      <Execution id="314fbeb2-cd82-4b64-8ca7-97f230b1aa6a" />
      <TestMethod codeBase="H:\IoTPlatform\tests\IoTPlatform.IntegrationTests\bin\Debug\net8.0\IoTPlatform.IntegrationTests.dll" adapterTypeName="executor://xunit/VsTestRunner2/netcoreapp" className="IoTPlatform.IntegrationTests.AnSheng.AnShengCommandAcceptanceTests" name="Timeout_MarksRecordTimeout_AndClearsStore" />
    </UnitTest>
    <UnitTest name="验收#4 探测超时 → 返回 PROBE_FAILED、ProbeStatus=ProbeFailed，且不创建任何设备行" storage="h:\iotplatform\tests\iotplatform.integrationtests\bin\debug\net8.0\iotplatform.integrationtests.dll" id="0a84268f-f2e4-8988-79cd-3ce42386ea4e">
      <Execution id="f48e2380-ffaa-48f2-a7f4-17435bfe1931" />
      <TestMethod codeBase="H:\IoTPlatform\tests\IoTPlatform.IntegrationTests\bin\Debug\net8.0\IoTPlatform.IntegrationTests.dll" adapterTypeName="executor://xunit/VsTestRunner2/netcoreapp" className="IoTPlatform.IntegrationTests.AnSheng.AnShengClaimTests" name="Claim_WhenProbeTimesOut_ShouldFailExplicitlyAndCreateNoDevice" />
    </UnitTest>
    <UnitTest name="QA-02 用例级钩子会清掉 GetOrCreateFor 登记的额外分身，而不只是默认分身" storage="h:\iotplatform\tests\iotplatform.integrationtests\bin\debug\net8.0\iotplatform.integrationtests.dll" id="b9e9a936-e843-c308-272e-4f9735155297">
      <Execution id="9644eda3-127e-46cc-b745-077e6dccdaa0" />
      <TestMethod codeBase="H:\IoTPlatform\tests\IoTPlatform.IntegrationTests\bin\Debug\net8.0\IoTPlatform.IntegrationTests.dll" adapterTypeName="executor://xunit/VsTestRunner2/netcoreapp" className="IoTPlatform.IntegrationTests.Samples.ScaffoldFalsificationTests" name="PerTestHook_AlsoResetsExtraAdapterClones" />
    </UnitTest>
    <UnitTest name="示例-05 下发目录内命令 → 适配器恰好收到 1 条，且参数透传正确" storage="h:\iotplatform\tests\iotplatform.integrationtests\bin\debug\net8.0\iotplatform.integrationtests.dll" id="278c81a8-2ed8-baf2-b5e0-5fc192974680">
      <Execution id="b66a15e3-381d-421c-98ad-2d753d102da9" />
      <TestMethod codeBase="H:\IoTPlatform\tests\IoTPlatform.IntegrationTests\bin\Debug\net8.0\IoTPlatform.IntegrationTests.dll" adapterTypeName="executor://xunit/VsTestRunner2/netcoreapp" className="IoTPlatform.IntegrationTests.Samples.CommandDispatchSampleTests" name="SendCommand_WithCatalogMethod_ReachesAdapterExactlyOnce" />
    </UnitTest>
    <UnitTest name="验收#5-护栏 close 后无 connected → 窗口到期设备置 offline（证明上一条断言非平凡真）" storage="h:\iotplatform\tests\iotplatform.integrationtests\bin\debug\net8.0\iotplatform.integrationtests.dll" id="1f8ab0dc-b8ce-0b7c-1f3a-7b17aa178bc0">
      <Execution id="614edfa4-79d3-454b-875d-22e3949ac682" />
      <TestMethod codeBase="H:\IoTPlatform\tests\IoTPlatform.IntegrationTests\bin\Debug\net8.0\IoTPlatform.IntegrationTests.dll" adapterTypeName="executor://xunit/VsTestRunner2/netcoreapp" className="IoTPlatform.IntegrationTests.AnSheng.AnShengEventTests" name="Guard_Close_Without_Connected_Should_Set_Device_Offline" />
    </UnitTest>
    <UnitTest name="验收#6 GET /catalog 不传 deviceId → 36 条，且字段齐全" storage="h:\iotplatform\tests\iotplatform.integrationtests\bin\debug\net8.0\iotplatform.integrationtests.dll" id="cb67dde9-3057-3e14-f69c-c20834992112">
      <Execution id="38889e7a-88c5-4045-a4da-e4f2be74316a" />
      <TestMethod codeBase="H:\IoTPlatform\tests\IoTPlatform.IntegrationTests\bin\Debug\net8.0\IoTPlatform.IntegrationTests.dll" adapterTypeName="executor://xunit/VsTestRunner2/netcoreapp" className="IoTPlatform.IntegrationTests.AnSheng.AnShengCommandAcceptanceTests" name="GetCatalog_Returns36Items" />
    </UnitTest>
    <UnitTest name="示例-07 设备不存在 → 拒绝下发，适配器无副作用" storage="h:\iotplatform\tests\iotplatform.integrationtests\bin\debug\net8.0\iotplatform.integrationtests.dll" id="eb78201f-b3b6-88b1-740c-fe4943a1b4ac">
      <Execution id="972ec0d0-42b7-4aca-8005-bcc061178f1e" />
      <TestMethod codeBase="H:\IoTPlatform\tests\IoTPlatform.IntegrationTests\bin\Debug\net8.0\IoTPlatform.IntegrationTests.dll" adapterTypeName="executor://xunit/VsTestRunner2/netcoreapp" className="IoTPlatform.IntegrationTests.Samples.CommandDispatchSampleTests" name="SendCommand_WithUnknownDevice_IsRejectedBeforeDispatch" />
    </UnitTest>
    <UnitTest name="示例-04 静态状态清理器可用（清理入口失效时会失败告警）" storage="h:\iotplatform\tests\iotplatform.integrationtests\bin\debug\net8.0\iotplatform.integrationtests.dll" id="53fbc453-77ef-6515-4f79-6eebd79ff7e7">
      <Execution id="12873ae2-7f1b-4fe6-a37b-45e0c4bb9dec" />
      <TestMethod codeBase="H:\IoTPlatform\tests\IoTPlatform.IntegrationTests\bin\Debug\net8.0\IoTPlatform.IntegrationTests.dll" adapterTypeName="executor://xunit/VsTestRunner2/netcoreapp" className="IoTPlatform.IntegrationTests.Samples.SampleEndpointTests" name="StaticStateResetter_CanClearAllKnownStaticState" />
    </UnitTest>
    <UnitTest name="示例-09 Legacy 白名单内命令 → 放行（orderStart）" storage="h:\iotplatform\tests\iotplatform.integrationtests\bin\debug\net8.0\iotplatform.integrationtests.dll" id="0fdf791b-5d38-ef08-fb29-650946fc40a3">
      <Execution id="ab8f710f-6d29-4275-a1b6-90cffebee709" />
      <TestMethod codeBase="H:\IoTPlatform\tests\IoTPlatform.IntegrationTests\bin\Debug\net8.0\IoTPlatform.IntegrationTests.dll" adapterTypeName="executor://xunit/VsTestRunner2/netcoreapp" className="IoTPlatform.IntegrationTests.Samples.CommandDispatchSampleTests" name="SendCommand_WithLegacyWhitelistedMethod_IsDispatched" />
    </UnitTest>
    <UnitTest name="QA-01 两处进程级状态被真实污染后，ResetAll() 经生产读 API 观测确实归零" storage="h:\iotplatform\tests\iotplatform.integrationtests\bin\debug\net8.0\iotplatform.integrationtests.dll" id="efc0cd90-6c9e-97cd-42cf-d30d443fab44">
      <Execution id="85ba6716-5d29-4860-a469-9bbf76ec3b2e" />
      <TestMethod codeBase="H:\IoTPlatform\tests\IoTPlatform.IntegrationTests\bin\Debug\net8.0\IoTPlatform.IntegrationTests.dll" adapterTypeName="executor://xunit/VsTestRunner2/netcoreapp" className="IoTPlatform.IntegrationTests.Samples.ScaffoldFalsificationTests" name="StaticStateResetter_ActuallyEmptiesPollutedState" />
    </UnitTest>
    <UnitTest name="验收#4 keyEvent 上行 → 事件表落库(IMEI/Method/Kind/AppCode/SlotNum/OccurredAt) + DispatchedToRules=true" storage="h:\iotplatform\tests\iotplatform.integrationtests\bin\debug\net8.0\iotplatform.integrationtests.dll" id="a7cbc5d7-e026-7516-2269-5a6f848ae8bd">
      <Execution id="6a9a19dd-80f7-4633-88fd-3ec7e7db9f99" />
      <TestMethod codeBase="H:\IoTPlatform\tests\IoTPlatform.IntegrationTests\bin\Debug\net8.0\IoTPlatform.IntegrationTests.dll" adapterTypeName="executor://xunit/VsTestRunner2/netcoreapp" className="IoTPlatform.IntegrationTests.AnSheng.AnShengEventTests" name="Acceptance4_KeyEvent_Should_Persist_Event_Row_And_Dispatch_To_Rules" />
    </UnitTest>
    <UnitTest name="QA-03 请求级 AppCode 过滤生效：换租户看不到基线数据（真隔离仍须另起 Factory）" storage="h:\iotplatform\tests\iotplatform.integrationtests\bin\debug\net8.0\iotplatform.integrationtests.dll" id="27c4e5ee-9088-d632-f91c-9d82e0a6c0ed">
      <Execution id="8dfc85ec-2912-475d-b20c-f6ba490730e2" />
      <TestMethod codeBase="H:\IoTPlatform\tests\IoTPlatform.IntegrationTests\bin\Debug\net8.0\IoTPlatform.IntegrationTests.dll" adapterTypeName="executor://xunit/VsTestRunner2/netcoreapp" className="IoTPlatform.IntegrationTests.Samples.ScaffoldFalsificationTests" name="DiscoveredDevices_AreFilteredByAppCodeClaim" />
    </UnitTest>
    <UnitTest name="示例-01 匿名请求已发现设备列表 → HTTP 401（裸状态码，无 ApiResponse 包体）" storage="h:\iotplatform\tests\iotplatform.integrationtests\bin\debug\net8.0\iotplatform.integrationtests.dll" id="b7edc980-1e44-0a5f-fc49-e311b753c748">
      <Execution id="3977a901-ed17-40e7-a6f1-77dd446cb291" />
      <TestMethod codeBase="H:\IoTPlatform\tests\IoTPlatform.IntegrationTests\bin\Debug\net8.0\IoTPlatform.IntegrationTests.dll" adapterTypeName="executor://xunit/VsTestRunner2/netcoreapp" className="IoTPlatform.IntegrationTests.Samples.SampleEndpointTests" name="GetDiscoveredDevices_WithoutIdentity_ReturnsBareHttp401" />
    </UnitTest>
    <UnitTest name="示例-02 管理员请求已发现设备列表 → 业务码 200 且能读到播种的 IMEI" storage="h:\iotplatform\tests\iotplatform.integrationtests\bin\debug\net8.0\iotplatform.integrationtests.dll" id="e540d417-7e79-cbb1-562f-cd515269e153">
      <Execution id="51aa5474-0ff7-45ed-90d2-1d0f37eec4ed" />
      <TestMethod codeBase="H:\IoTPlatform\tests\IoTPlatform.IntegrationTests\bin\Debug\net8.0\IoTPlatform.IntegrationTests.dll" adapterTypeName="executor://xunit/VsTestRunner2/netcoreapp" className="IoTPlatform.IntegrationTests.Samples.SampleEndpointTests" name="GetDiscoveredDevices_AsAdmin_ReturnsSeededDevice" />
    </UnitTest>
    <UnitTest name="示例-06 下发协议外命令 → 适配器层「默认拒绝」，一条都不外发" storage="h:\iotplatform\tests\iotplatform.integrationtests\bin\debug\net8.0\iotplatform.integrationtests.dll" id="da6b50fd-def8-2e5c-ebfe-bab134fcf19c">
      <Execution id="af82227b-a10d-45b9-a60c-09aa0def0f3c" />
      <TestMethod codeBase="H:\IoTPlatform\tests\IoTPlatform.IntegrationTests\bin\Debug\net8.0\IoTPlatform.IntegrationTests.dll" adapterTypeName="executor://xunit/VsTestRunner2/netcoreapp" className="IoTPlatform.IntegrationTests.Samples.CommandDispatchSampleTests" name="SendCommand_WithUnknownMethod_IsRejectedByAdapterGuard" />
    </UnitTest>
    <UnitTest name="示例-03 超级管理员绕过权限校验，但仍受 AppCode 数据过滤" storage="h:\iotplatform\tests\iotplatform.integrationtests\bin\debug\net8.0\iotplatform.integrationtests.dll" id="2fd2f4bb-01f7-7605-30a6-71a0acf9dfad">
      <Execution id="548fb215-b63c-4aa6-8740-62793f61e069" />
      <TestMethod codeBase="H:\IoTPlatform\tests\IoTPlatform.IntegrationTests\bin\Debug\net8.0\IoTPlatform.IntegrationTests.dll" adapterTypeName="executor://xunit/VsTestRunner2/netcoreapp" className="IoTPlatform.IntegrationTests.Samples.SampleEndpointTests" name="GetDiscoveredDevices_AsSuperAdmin_StillCarriesAppCode" />
    </UnitTest>
    <UnitTest name="验收#2 认领 4G 四路开关 → 探测两条指令、品类=Switch4G、Profile 落库、Category=4G开关" storage="h:\iotplatform\tests\iotplatform.integrationtests\bin\debug\net8.0\iotplatform.integrationtests.dll" id="5831a692-258d-9678-b65d-8820e2c9fe81">
      <Execution id="a518dc74-f066-44a1-99a9-bd3b1f35d80f" />
      <TestMethod codeBase="H:\IoTPlatform\tests\IoTPlatform.IntegrationTests\bin\Debug\net8.0\IoTPlatform.IntegrationTests.dll" adapterTypeName="executor://xunit/VsTestRunner2/netcoreapp" className="IoTPlatform.IntegrationTests.AnSheng.AnShengClaimTests" name="Claim_4GSwitch_ProbesAndCreatesDeviceWithCorrectProfile" />
    </UnitTest>
    <UnitTest name="示例-10 测试替身的 Legacy 白名单与生产同源（防止双份真相漂移）" storage="h:\iotplatform\tests\iotplatform.integrationtests\bin\debug\net8.0\iotplatform.integrationtests.dll" id="52154cfe-8b32-e17d-bcb5-e79cc080e605">
      <Execution id="0b8edbb7-66fa-46f5-9ff6-5ad556e8e63c" />
      <TestMethod codeBase="H:\IoTPlatform\tests\IoTPlatform.IntegrationTests\bin\Debug\net8.0\IoTPlatform.IntegrationTests.dll" adapterTypeName="executor://xunit/VsTestRunner2/netcoreapp" className="IoTPlatform.IntegrationTests.Samples.CommandDispatchSampleTests" name="RecordingAdapter_MirrorsProductionLegacyWhitelist" />
    </UnitTest>
    <UnitTest name="验收#6变体 GET /catalog?deviceId → 按 Kind 过滤，条数 ≤36" storage="h:\iotplatform\tests\iotplatform.integrationtests\bin\debug\net8.0\iotplatform.integrationtests.dll" id="ef2170be-3d71-7f9c-42da-323af5ddacda">
      <Execution id="92d75cfb-fad7-4232-8464-287b94151dbd" />
      <TestMethod codeBase="H:\IoTPlatform\tests\IoTPlatform.IntegrationTests\bin\Debug\net8.0\IoTPlatform.IntegrationTests.dll" adapterTypeName="executor://xunit/VsTestRunner2/netcoreapp" className="IoTPlatform.IntegrationTests.AnSheng.AnShengCommandAcceptanceTests" name="GetCatalog_WithDeviceId_FiltersByKind" />
    </UnitTest>
    <UnitTest name="示例-08 匿名下发 → HTTP 401，适配器无副作用" storage="h:\iotplatform\tests\iotplatform.integrationtests\bin\debug\net8.0\iotplatform.integrationtests.dll" id="87952c75-59b9-b5db-f17a-ae77300c590a">
      <Execution id="fa3a07fc-1e97-43ff-a5b8-e58c9236c301" />
      <TestMethod codeBase="H:\IoTPlatform\tests\IoTPlatform.IntegrationTests\bin\Debug\net8.0\IoTPlatform.IntegrationTests.dll" adapterTypeName="executor://xunit/VsTestRunner2/netcoreapp" className="IoTPlatform.IntegrationTests.Samples.CommandDispatchSampleTests" name="SendCommand_WithoutIdentity_ReturnsBareHttp401AndDispatchesNothing" />
    </UnitTest>
    <UnitTest name="验收#5 close 后窗口内收到 connected → 设备保持 online（去抖生效、无直连置离线通路）" storage="h:\iotplatform\tests\iotplatform.integrationtests\bin\debug\net8.0\iotplatform.integrationtests.dll" id="4cda831a-8373-0593-48bb-7d7001cd05ec">
      <Execution id="dad16347-0850-4a0a-9ff7-c067b682da4b" />
      <TestMethod codeBase="H:\IoTPlatform\tests\IoTPlatform.IntegrationTests\bin\Debug\net8.0\IoTPlatform.IntegrationTests.dll" adapterTypeName="executor://xunit/VsTestRunner2/netcoreapp" className="IoTPlatform.IntegrationTests.AnSheng.AnShengEventTests" name="Acceptance5_Connected_Within_DebounceWindow_Should_Keep_Device_Online" />
    </UnitTest>
    <UnitTest name="验收#5 批量无应答 → 一轮清扫后在途表归零且逐条置 Timeout" storage="h:\iotplatform\tests\iotplatform.integrationtests\bin\debug\net8.0\iotplatform.integrationtests.dll" id="388e9dc6-30fb-23e9-8854-de5d9c357858">
      <Execution id="8a4f59d7-9656-401a-b647-2f70679b8365" />
      <TestMethod codeBase="H:\IoTPlatform\tests\IoTPlatform.IntegrationTests\bin\Debug\net8.0\IoTPlatform.IntegrationTests.dll" adapterTypeName="executor://xunit/VsTestRunner2/netcoreapp" className="IoTPlatform.IntegrationTests.AnSheng.AnShengCommandAcceptanceTests" name="Timeout_ManyCommands_AllMarkedAndStoreDrainsToZero" />
    </UnitTest>
  </TestDefinitions>
  <TestEntries>
    <TestEntry testId="27c4e5ee-9088-d632-f91c-9d82e0a6c0ed" executionId="8dfc85ec-2912-475d-b20c-f6ba490730e2" testListId="8c84fa94-04c1-424b-9868-57a2d4851a1d" />
    <TestEntry testId="efc0cd90-6c9e-97cd-42cf-d30d443fab44" executionId="85ba6716-5d29-4860-a469-9bbf76ec3b2e" testListId="8c84fa94-04c1-424b-9868-57a2d4851a1d" />
    <TestEntry testId="388e9dc6-30fb-23e9-8854-de5d9c357858" executionId="8a4f59d7-9656-401a-b647-2f70679b8365" testListId="8c84fa94-04c1-424b-9868-57a2d4851a1d" />
    <TestEntry testId="da6b50fd-def8-2e5c-ebfe-bab134fcf19c" executionId="af82227b-a10d-45b9-a60c-09aa0def0f3c" testListId="8c84fa94-04c1-424b-9868-57a2d4851a1d" />
    <TestEntry testId="1f8ab0dc-b8ce-0b7c-1f3a-7b17aa178bc0" executionId="614edfa4-79d3-454b-875d-22e3949ac682" testListId="8c84fa94-04c1-424b-9868-57a2d4851a1d" />
    <TestEntry testId="eb78201f-b3b6-88b1-740c-fe4943a1b4ac" executionId="972ec0d0-42b7-4aca-8005-bcc061178f1e" testListId="8c84fa94-04c1-424b-9868-57a2d4851a1d" />
    <TestEntry testId="6b05371f-d0ac-b9c4-9266-38f7ec1bafd7" executionId="314fbeb2-cd82-4b64-8ca7-97f230b1aa6a" testListId="8c84fa94-04c1-424b-9868-57a2d4851a1d" />
    <TestEntry testId="a7cbc5d7-e026-7516-2269-5a6f848ae8bd" executionId="6a9a19dd-80f7-4633-88fd-3ec7e7db9f99" testListId="8c84fa94-04c1-424b-9868-57a2d4851a1d" />
    <TestEntry testId="2fd2f4bb-01f7-7605-30a6-71a0acf9dfad" executionId="548fb215-b63c-4aa6-8740-62793f61e069" testListId="8c84fa94-04c1-424b-9868-57a2d4851a1d" />
    <TestEntry testId="926ee394-1ca9-3add-d4c8-69cd1f582020" executionId="0b5e285d-af27-47c3-b84c-e3c744832ede" testListId="8c84fa94-04c1-424b-9868-57a2d4851a1d" />
    <TestEntry testId="0a84268f-f2e4-8988-79cd-3ce42386ea4e" executionId="f48e2380-ffaa-48f2-a7f4-17435bfe1931" testListId="8c84fa94-04c1-424b-9868-57a2d4851a1d" />
    <TestEntry testId="52154cfe-8b32-e17d-bcb5-e79cc080e605" executionId="0b8edbb7-66fa-46f5-9ff6-5ad556e8e63c" testListId="8c84fa94-04c1-424b-9868-57a2d4851a1d" />
    <TestEntry testId="87952c75-59b9-b5db-f17a-ae77300c590a" executionId="fa3a07fc-1e97-43ff-a5b8-e58c9236c301" testListId="8c84fa94-04c1-424b-9868-57a2d4851a1d" />
    <TestEntry testId="278c81a8-2ed8-baf2-b5e0-5fc192974680" executionId="b66a15e3-381d-421c-98ad-2d753d102da9" testListId="8c84fa94-04c1-424b-9868-57a2d4851a1d" />
    <TestEntry testId="53fbc453-77ef-6515-4f79-6eebd79ff7e7" executionId="12873ae2-7f1b-4fe6-a37b-45e0c4bb9dec" testListId="8c84fa94-04c1-424b-9868-57a2d4851a1d" />
    <TestEntry testId="e540d417-7e79-cbb1-562f-cd515269e153" executionId="51aa5474-0ff7-45ed-90d2-1d0f37eec4ed" testListId="8c84fa94-04c1-424b-9868-57a2d4851a1d" />
    <TestEntry testId="5831a692-258d-9678-b65d-8820e2c9fe81" executionId="a518dc74-f066-44a1-99a9-bd3b1f35d80f" testListId="8c84fa94-04c1-424b-9868-57a2d4851a1d" />
    <TestEntry testId="41a22cf0-f6dc-e797-548b-ad2969f0fd67" executionId="de80765d-a49f-4293-bb31-e6d626c18628" testListId="8c84fa94-04c1-424b-9868-57a2d4851a1d" />
    <TestEntry testId="b9e9a936-e843-c308-272e-4f9735155297" executionId="9644eda3-127e-46cc-b745-077e6dccdaa0" testListId="8c84fa94-04c1-424b-9868-57a2d4851a1d" />
    <TestEntry testId="0fdf791b-5d38-ef08-fb29-650946fc40a3" executionId="ab8f710f-6d29-4275-a1b6-90cffebee709" testListId="8c84fa94-04c1-424b-9868-57a2d4851a1d" />
    <TestEntry testId="cb67dde9-3057-3e14-f69c-c20834992112" executionId="38889e7a-88c5-4045-a4da-e4f2be74316a" testListId="8c84fa94-04c1-424b-9868-57a2d4851a1d" />
    <TestEntry testId="4cda831a-8373-0593-48bb-7d7001cd05ec" executionId="dad16347-0850-4a0a-9ff7-c067b682da4b" testListId="8c84fa94-04c1-424b-9868-57a2d4851a1d" />
    <TestEntry testId="b7edc980-1e44-0a5f-fc49-e311b753c748" executionId="3977a901-ed17-40e7-a6f1-77dd446cb291" testListId="8c84fa94-04c1-424b-9868-57a2d4851a1d" />
    <TestEntry testId="ef2170be-3d71-7f9c-42da-323af5ddacda" executionId="92d75cfb-fad7-4232-8464-287b94151dbd" testListId="8c84fa94-04c1-424b-9868-57a2d4851a1d" />
  </TestEntries>
  <TestLists>
    <TestList name="列表中未列出的结果" id="8c84fa94-04c1-424b-9868-57a2d4851a1d" />
    <TestList name="所有已加载的结果" id="19431567-8539-422a-85d7-44ee4e166bda" />
  </TestLists>
  <ResultSummary outcome="Completed">
    <Counters total="24" executed="24" passed="24" failed="0" error="0" timeout="0" aborted="0" inconclusive="0" passedButRunAborted="0" notRunnable="0" notExecuted="0" disconnected="0" warning="0" completed="0" inProgress="0" pending="0" />
    <Output>
      <StdOut>[xUnit.net 00:00:00.00] xUnit.net VSTest Adapter v2.8.2+699d445a1a (64-bit .NET 8.0.26)&#xD;
[xUnit.net 00:00:00.21]   Discovering: IoTPlatform.IntegrationTests&#xD;
[xUnit.net 00:00:00.27]   Discovered:  IoTPlatform.IntegrationTests&#xD;
[xUnit.net 00:00:00.27]   Starting:    IoTPlatform.IntegrationTests&#xD;
[MySqlDbProvisioner] �Ѵ������Կ� `iot_platform_test_main_20260804154824_7ae3` @ 192.168.3.7:3306 (server=5.7.26, ��Դ=�ֿ�� appsettings*.json:ConnectionStrings:DefaultConnection���Ѱ��� Database��)&#xD;
[15:48:25 INF] ��鲢Ӧ�����ݿ�Ǩ��...&#xD;
[15:48:27 INF] Executed DbCommand (3ms) [Parameters=[], CommandType='Text', CommandTimeout='30']&#xD;
SELECT 1 FROM INFORMATION_SCHEMA.TABLES WHERE TABLE_SCHEMA='iot_platform_test_main_20260804154824_7ae3' AND TABLE_NAME='__EFMigrationsHistory';&#xD;
[15:48:29 INF] Executed DbCommand (2,004ms) [Parameters=[], CommandType='Text', CommandTimeout='30']&#xD;
CREATE TABLE `__EFMigrationsHistory` (&#xD;
    `MigrationId` varchar(150) CHARACTER SET utf8mb4 NOT NULL,&#xD;
    `ProductVersion` varchar(32) CHARACTER SET utf8mb4 NOT NULL,&#xD;
    CONSTRAINT `PK___EFMigrationsHistory` PRIMARY KEY (`MigrationId`)&#xD;
) CHARACTER SET=utf8mb4;&#xD;
[15:48:29 INF] Executed DbCommand (1ms) [Parameters=[], CommandType='Text', CommandTimeout='30']&#xD;
SELECT 1 FROM INFORMATION_SCHEMA.TABLES WHERE TABLE_SCHEMA='iot_platform_test_main_20260804154824_7ae3' AND TABLE_NAME='__EFMigrationsHistory';&#xD;
[15:48:29 INF] Executed DbCommand (14ms) [Parameters=[], CommandType='Text', CommandTimeout='30']&#xD;
SELECT `MigrationId`, `ProductVersion`&#xD;
FROM `__EFMigrationsHistory`&#xD;
ORDER BY `MigrationId`;&#xD;
[15:48:29 INF] Applying migration '20260330025826_Initial'.&#xD;
[15:48:30 INF] Executed DbCommand (1ms) [Parameters=[], CommandType='Text', CommandTimeout='30']&#xD;
ALTER DATABASE CHARACTER SET utf8mb4;&#xD;
[15:48:31 INF] Executed DbCommand (619ms) [Parameters=[], CommandType='Text', CommandTimeout='30']&#xD;
CREATE TABLE `customers` (&#xD;
    `Id` bigint NOT NULL AUTO_INCREMENT,&#xD;
    `Name` varchar(200) CHARACTER SET utf8mb4 NOT NULL,&#xD;
    `Code` varchar(50) CHARACTER SET utf8mb4 NOT NULL,&#xD;
    `AppCode` varchar(50) CHARACTER SET utf8mb4 NOT NULL,&#xD;
    `ContactPerson` varchar(100) CHARACTER SET utf8mb4 NULL,&#xD;
    `ContactPhone` varchar(20) CHARACTER SET utf8mb4 NULL,&#xD;
    `ContactEmail` varchar(100) CHARACTER SET utf8mb4 NULL,&#xD;
    `Phone` varchar(20) CHARACTER SET utf8mb4 NULL,&#xD;
    `Address` varchar(500) CHARACTER SET utf8mb4 NULL,&#xD;
    `Industry` varchar(100) CHARACTER SET utf8mb4 NULL,&#xD;
    `LicenseKey` varchar(100) CHARACTER SET utf8mb4 NULL,&#xD;
    `LicenseExpireDate` datetime(6) NULL,&#xD;
    `MaxDeviceCount` int NOT NULL,&#xD;
    `MaxUserCount` int NOT NULL,&#xD;
    `MaxAreaCount` int NOT NULL,&#xD;
    `Status` varchar(20) CHARACTER SET utf8mb4 NOT NULL,&#xD;
    `CreatedAt` datetime(6) NOT NULL,&#xD;
    `UpdatedAt` datetime(6) NOT NULL,&#xD;
    CONSTRAINT `PK_customers` PRIMARY KEY (`Id`)&#xD;
) CHARACTER SET=utf8mb4;&#xD;
[15:48:31 INF] Executed DbCommand (194ms) [Parameters=[], CommandType='Text', CommandTimeout='30']&#xD;
CREATE TABLE `dictionary_types` (&#xD;
    `Id` bigint NOT NULL AUTO_INCREMENT,&#xD;
    `Code` varchar(50) CHARACTER SET utf8mb4 NOT NULL,&#xD;
    `Name` varchar(100) CHARACTER SET utf8mb4 NOT NULL,&#xD;
    `Description` varchar(500) CHARACTER SET utf8mb4 NULL,&#xD;
    `SortOrder` int NOT NULL,&#xD;
    `IsActive` tinyint(1) NOT NULL,&#xD;
    `AppCode` varchar(255) CHARACTER SET utf8mb4 NULL,&#xD;
    `CreatedAt` datetime(6) NOT NULL,&#xD;
    `UpdatedAt` datetime(6) NOT NULL,&#xD;
    CONSTRAINT `PK_dictionary_types` PRIMARY KEY (`Id`)&#xD;
) CHARACTER SET=utf8mb4;&#xD;
[15:48:31 INF] Executed DbCommand (474ms) [Parameters=[], CommandType='Text', CommandTimeout='30']&#xD;
CREATE TABLE `login_logs` (&#xD;
    `Id` bigint NOT NULL AUTO_INCREMENT,&#xD;
    `UserId` bigint NULL,&#xD;
    `Email` varchar(200) CHARACTER SET utf8mb4 NULL,&#xD;
    `UserName` varchar(100) CHARACTER SET utf8mb4 NULL,&#xD;
    `Role` varchar(100) CHARACTER SET utf8mb4 NULL,&#xD;
    `IpAddress` varchar(50) CHARACTER SET utf8mb4 NULL,&#xD;
    `IP` varchar(50) CHARACTER SET utf8mb4 NULL,&#xD;
    `UserAgent` varchar(500) CHARACTER SET utf8mb4 NULL,&#xD;
    `Status` varchar(20) CHARACTER SET utf8mb4 NULL,&#xD;
    `FailureReason` varchar(500) CHARACTER SET utf8mb4 NULL,&#xD;
    `LoginTime` datetime(6) NOT NULL,&#xD;
    `Location` varchar(50) CHARACTER SET utf8mb4 NULL,&#xD;
    `AppCode` longtext CHARACTER SET utf8mb4 NULL,&#xD;
    CONSTRAINT `PK_login_logs` PRIMARY KEY (`Id`)&#xD;
) CHARACTER SET=utf8mb4;&#xD;
[15:48:32 INF] Executed DbCommand (405ms) [Parameters=[], CommandType='Text', CommandTimeout='30']&#xD;
CREATE TABLE `operation_logs` (&#xD;
    `Id` bigint NOT NULL AUTO_INCREMENT,&#xD;
    `UserId` bigint NOT NULL,&#xD;
    `UserName` varchar(100) CHARACTER SET utf8mb4 NULL,&#xD;
    `Role` varchar(50) CHARACTER SET utf8mb4 NULL,&#xD;
    `CreatedAt` datetime(6) NOT NULL,&#xD;
    `OperationTime` datetime(6) NOT NULL,&#xD;
    `Time` datetime(6) NOT NULL,&#xD;
    `Module` varchar(50) CHARACTER SET utf8mb4 NULL,&#xD;
    `Operation` varchar(50) CHARACTER SET utf8mb4 NOT NULL,&#xD;
    `Action` varchar(50) CHARACTER SET utf8mb4 NOT NULL,&#xD;
    `Target` varchar(200) CHARACTER SET utf8mb4 NULL,&#xD;
    `Detail` varchar(2000) CHARACTER SET utf8mb4 NULL,&#xD;
    `IP` varchar(50) CHARACTER SET utf8mb4 NULL,&#xD;
    `Status` varchar(20) CHARACTER SET utf8mb4 NOT NULL,&#xD;
    `Duration` int NULL,&#xD;
    `AppCode` longtext CHARACTER SET utf8mb4 NULL,&#xD;
    CONSTRAINT `PK_operation_logs` PRIMARY KEY (`Id`)&#xD;
) CHARACTER SET=utf8mb4;&#xD;
[15:48:32 INF] Executed DbCommand (439ms) [Parameters=[], CommandType='Text', CommandTimeout='30']&#xD;
CREATE TABLE `protocol_configs` (&#xD;
    `Id` bigint NOT NULL AUTO_INCREMENT,&#xD;
    `Name` varchar(100) CHARACTER SET utf8mb4 NOT NULL,&#xD;
    `Type` varchar(50) CHARACTER SET utf8mb4 NOT NULL,&#xD;
    `ProtocolType` varchar(50) CHARACTER SET utf8mb4 NULL,&#xD;
    `Status` varchar(20) CHARACTER SET utf8mb4 NOT NULL,&#xD;
    `IsActive` tinyint(1) NOT NULL,&#xD;
    `DeviceIds` longtext CHARACTER SET utf8mb4 NULL,&#xD;
    `Config` longtext CHARACTER SET utf8mb4 NULL,&#xD;
    `Description` varchar(500) CHARACTER SET utf8mb4 NULL,&#xD;
    `AppCode` varchar(255) CHARACTER SET utf8mb4 NULL,&#xD;
    `CreatedAt` datetime(6) NOT NULL,&#xD;
    `UpdatedAt` datetime(6) NOT NULL,&#xD;
    CONSTRAINT `PK_protocol_configs` PRIMARY KEY (`Id`)&#xD;
) CHARACTER SET=utf8mb4;&#xD;
[15:48:33 INF] Executed DbCommand (272ms) [Parameters=[], CommandType='Text', CommandTimeout='30']&#xD;
CREATE TABLE `roles` (&#xD;
    `Id` bigint NOT NULL AUTO_INCREMENT,&#xD;
    `Code` varchar(50) CHARACTER SET utf8mb4 NOT NULL,&#xD;
    `Name` varchar(100) CHARACTER SET utf8mb4 NOT NULL,&#xD;
    `Description` varchar(500) CHARACTER SET utf8mb4 NULL,&#xD;
    `Permissions` longtext CHARACTER SET utf8mb4 NULL,&#xD;
    `DataScope` varchar(10) CHARACTER SET utf8mb4 NOT NULL,&#xD;
    `AppCode` varchar(255) CHARACTER SET utf8mb4 NULL,&#xD;
    `IsSystem` tinyint(1) NOT NULL,&#xD;
    `IsDefault` tinyint(1) NOT NULL,&#xD;
    `Status` longtext CHARACTER SET utf8mb4 NOT NULL,&#xD;
    `CreatedAt` datetime(6) NOT NULL,&#xD;
    `UpdatedAt` datetime(6) NOT NULL,&#xD;
    CONSTRAINT `PK_roles` PRIMARY KEY (`Id`)&#xD;
) CHARACTER SET=utf8mb4;&#xD;
[15:48:33 INF] Executed DbCommand (235ms) [Parameters=[], CommandType='Text', CommandTimeout='30']&#xD;
CREATE TABLE `system_settings` (&#xD;
    `Id` bigint NOT NULL AUTO_INCREMENT,&#xD;
    `Key` varchar(100) CHARACTER SET utf8mb4 NOT NULL,&#xD;
    `Value` longtext CHARACTER SET utf8mb4 NOT NULL,&#xD;
    `Description` varchar(200) CHARACTER SET utf8mb4 NULL,&#xD;
    `Category` varchar(50) CHARACTER SET utf8mb4 NULL,&#xD;
    `ValueType` varchar(20) CHARACTER SET utf8mb4 NULL,&#xD;
    `AppCode` varchar(255) CHARACTER SET utf8mb4 NULL,&#xD;
    `IsActive` tinyint(1) NOT NULL,&#xD;
    `SortOrder` int NOT NULL,&#xD;
    `CreatedAt` datetime(6) NOT NULL,&#xD;
    `UpdatedAt` datetime(6) NOT NULL,&#xD;
    CONSTRAINT `PK_system_settings` PRIMARY KEY (`Id`)&#xD;
) CHARACTER SET=utf8mb4;&#xD;
[15:48:33 INF] Executed DbCommand (371ms) [Parameters=[], CommandType='Text', CommandTimeout='30']&#xD;
CREATE TABLE `areas` (&#xD;
    `Id` bigint NOT NULL AUTO_INCREMENT,&#xD;
    `Name` varchar(200) CHARACTER SET utf8mb4 NOT NULL,&#xD;
    `Type` varchar(10) CHARACTER SET utf8mb4 NOT NULL,&#xD;
    `Image` varchar(500) CHARACTER SET utf8mb4 NULL,&#xD;
    `ParentId` bigint NULL,&#xD;
    `CustomerId` bigint NULL,&#xD;
    `AppCode` varchar(255) CHARACTER SET utf8mb4 NULL,&#xD;
    `Description` varchar(500) CHARACTER SET utf8mb4 NULL,&#xD;
    `DeviceCount` int NOT NULL,&#xD;
    `SortOrder` int NOT NULL,&#xD;
    `CreatedAt` datetime(6) NOT NULL,&#xD;
    `UpdatedAt` datetime(6) NOT NULL,&#xD;
    CONSTRAINT `PK_areas` PRIMARY KEY (`Id`),&#xD;
    CONSTRAINT `FK_areas_areas_ParentId` FOREIGN KEY (`ParentId`) REFERENCES `areas` (`Id`) ON DELETE RESTRICT,&#xD;
    CONSTRAINT `FK_areas_customers_CustomerId` FOREIGN KEY (`CustomerId`) REFERENCES `customers` (`Id`)&#xD;
) CHARACTER SET=utf8mb4;&#xD;
[15:48:34 INF] Executed DbCommand (379ms) [Parameters=[], CommandType='Text', CommandTimeout='30']&#xD;
CREATE TABLE `projects` (&#xD;
    `Id` bigint NOT NULL AUTO_INCREMENT,&#xD;
    `CustomerId` bigint NOT NULL,&#xD;
    `Name` varchar(200) CHARACTER SET utf8mb4 NOT NULL,&#xD;
    `Address` varchar(500) CHARACTER SET utf8mb4 NULL,&#xD;
    `DeviceCount` int NOT NULL,&#xD;
    `OnlineDate` datetime(6) NULL,&#xD;
    `Status` varchar(20) CHARACTER SET utf8mb4 NOT NULL,&#xD;
    `AppCode` varchar(255) CHARACTER SET utf8mb4 NULL,&#xD;
    `CreatedAt` datetime(6) NOT NULL,&#xD;
    `UpdatedAt` datetime(6) NOT NULL,&#xD;
    CONSTRAINT `PK_projects` PRIMARY KEY (`Id`),&#xD;
    CONSTRAINT `FK_projects_customers_CustomerId` FOREIGN KEY (`CustomerId`) REFERENCES `customers` (`Id`) ON DELETE CASCADE&#xD;
) CHARACTER SET=utf8mb4;&#xD;
[15:48:34 INF] Executed DbCommand (208ms) [Parameters=[], CommandType='Text', CommandTimeout='30']&#xD;
CREATE TABLE `dictionary_items` (&#xD;
    `Id` bigint NOT NULL AUTO_INCREMENT,&#xD;
    `Type` varchar(50) CHARACTER SET utf8mb4 NOT NULL,&#xD;
    `TypeCode` varchar(50) CHARACTER SET utf8mb4 NULL,&#xD;
    `Code` varchar(50) CHARACTER SET utf8mb4 NOT NULL,&#xD;
    `Name` varchar(100) CHARACTER SET utf8mb4 NOT NULL,&#xD;
    `Sort` int NOT NULL,&#xD;
    `Description` varchar(500) CHARACTER SET utf8mb4 NULL,&#xD;
    `Status` varchar(20) CHARACTER SET utf8mb4 NOT NULL,&#xD;
    `AppCode` varchar(255) CHARACTER SET utf8mb4 NULL,&#xD;
    `CreatedAt` datetime(6) NOT NULL,&#xD;
    `UpdatedAt` datetime(6) NOT NULL,&#xD;
    `DictionaryTypeConfigId` bigint NULL,&#xD;
    CONSTRAINT `PK_dictionary_items` PRIMARY KEY (`Id`),&#xD;
    CONSTRAINT `FK_dictionary_items_dictionary_types_DictionaryTypeConfigId` FOREIGN KEY (`DictionaryTypeConfigId`) REFERENCES `dictionary_types` (`Id`)&#xD;
) CHARACTER SET=utf8mb4;&#xD;
[15:48:34 INF] Executed DbCommand (244ms) [Parameters=[], CommandType='Text', CommandTimeout='30']&#xD;
CREATE TABLE `users` (&#xD;
    `Id` bigint NOT NULL AUTO_INCREMENT,&#xD;
    `Username` varchar(100) CHARACTER SET utf8mb4 NOT NULL,&#xD;
    `Password` varchar(500) CHARACTER SET utf8mb4 NOT NULL,&#xD;
    `Name` varchar(100) CHARACTER SET utf8mb4 NOT NULL,&#xD;
    `FullName` varchar(100) CHARACTER SET utf8mb4 NOT NULL,&#xD;
    `Email` varchar(200) CHARACTER SET utf8mb4 NOT NULL,&#xD;
    `Phone` varchar(20) CHARACTER SET utf8mb4 NULL,&#xD;
    `Status` varchar(20) CHARACTER SET utf8mb4 NOT NULL,&#xD;
    `IsSuperAdmin` tinyint(1) NOT NULL,&#xD;
    `RoleId` bigint NULL,&#xD;
    `Role` varchar(50) CHARACTER SET utf8mb4 NOT NULL,&#xD;
    `CustomerId` bigint NULL,&#xD;
    `AppCode` varchar(255) CHARACTER SET utf8mb4 NULL,&#xD;
    `Avatar` varchar(200) CHARACTER SET utf8mb4 NULL,&#xD;
    `AllowedAreaIds` longtext CHARACTER SET utf8mb4 NULL,&#xD;
    `EnergyTypes` json NULL,&#xD;
    `IsActive` tinyint(1) NOT NULL,&#xD;
    `LastLoginTime` datetime(6) NULL,&#xD;
    `CreatedAt` datetime(6) NOT NULL,&#xD;
    `UpdatedAt` datetime(6) NOT NULL,&#xD;
    CONSTRAINT `PK_users` PRIMARY KEY (`Id`),&#xD;
    CONSTRAINT `FK_users_customers_CustomerId` FOREIGN KEY (`CustomerId`) REFERENCES `customers` (`Id`),&#xD;
    CONSTRAINT `FK_users_roles_RoleId` FOREIGN KEY (`RoleId`) REFERENCES `roles` (`Id`)&#xD;
) CHARACTER SET=utf8mb4;&#xD;
[15:48:34 INF] Executed DbCommand (221ms) [Parameters=[], CommandType='Text', CommandTimeout='30']&#xD;
CREATE TABLE `archives` (&#xD;
    `Id` bigint NOT NULL AUTO_INCREMENT,&#xD;
    `Name` varchar(200) CHARACTER SET utf8mb4 NOT NULL,&#xD;
    `AppCode` varchar(50) CHARACTER SET utf8mb4 NULL,&#xD;
    `Type` varchar(50) CHARACTER SET utf8mb4 NULL,&#xD;
    `Size` varchar(20) CHARACTER SET utf8mb4 NULL,&#xD;
    `Date` datetime(6) NULL,&#xD;
    `Category` varchar(50) CHARACTER SET utf8mb4 NULL,&#xD;
    `Is3DModel` tinyint(1) NOT NULL,&#xD;
    `ProjectId` bigint NULL,&#xD;
    `AreaId` bigint NULL,&#xD;
    `ImageUrl` varchar(500) CHARACTER SET utf8mb4 NULL,&#xD;
    `FilePath` varchar(500) CHARACTER SET utf8mb4 NULL,&#xD;
    `SceneConfig` longtext CHARACTER SET utf8mb4 NULL,&#xD;
    `AppCodeTenant` longtext CHARACTER SET utf8mb4 NULL,&#xD;
    `CreatedAt` datetime(6) NOT NULL,&#xD;
    `UpdatedAt` datetime(6) NOT NULL,&#xD;
    CONSTRAINT `PK_archives` PRIMARY KEY (`Id`),&#xD;
    CONSTRAINT `FK_archives_areas_AreaId` FOREIGN KEY (`AreaId`) REFERENCES `areas` (`Id`)&#xD;
) CHARACTER SET=utf8mb4;&#xD;
[15:48:34 INF] Executed DbCommand (255ms) [Parameters=[], CommandType='Text', CommandTimeout='30']&#xD;
CREATE TABLE `cameras` (&#xD;
    `Id` bigint NOT NULL AUTO_INCREMENT,&#xD;
    `Name` varchar(200) CHARACTER SET utf8mb4 NOT NULL,&#xD;
    `AreaId` bigint NULL,&#xD;
    `StreamUrl` varchar(500) CHARACTER SET utf8mb4 NULL,&#xD;
    `ImageUrl` varchar(500) CHARACTER SET utf8mb4 NULL,&#xD;
    `Protocol` varchar(20) CHARACTER SET utf8mb4 NULL,&#xD;
    `Type` varchar(50) CHARACTER SET utf8mb4 NULL,&#xD;
    `Resolution` varchar(20) CHARACTER SET utf8mb4 NULL,&#xD;
    `Status` varchar(20) CHARACTER SET utf8mb4 NOT NULL,&#xD;
    `AppCode` varchar(255) CHARACTER SET utf8mb4 NULL,&#xD;
    `CreatedAt` datetime(6) NOT NULL,&#xD;
    `UpdatedAt` datetime(6) NOT NULL,&#xD;
    CONSTRAINT `PK_cameras` PRIMARY KEY (`Id`),&#xD;
    CONSTRAINT `FK_cameras_areas_AreaId` FOREIGN KEY (`AreaId`) REFERENCES `areas` (`Id`)&#xD;
) CHARACTER SET=utf8mb4;&#xD;
[15:48:35 INF] Executed DbCommand (713ms) [Parameters=[], CommandType='Text', CommandTimeout='30']&#xD;
CREATE TABLE `contracts` (&#xD;
    `Id` bigint NOT NULL AUTO_INCREMENT,&#xD;
    `ProjectId` bigint NOT NULL,&#xD;
    `Name` varchar(200) CHARACTER SET utf8mb4 NOT NULL,&#xD;
    `Type` varchar(20) CHARACTER SET utf8mb4 NOT NULL,&#xD;
    `FileUrl` varchar(500) CHARACTER SET utf8mb4 NULL,&#xD;
    `FileSize` varchar(20) CHARACTER SET utf8mb4 NULL,&#xD;
    `UploadDate` datetime(6) NOT NULL,&#xD;
    `AppCode` varchar(255) CHARACTER SET utf8mb4 NULL,&#xD;
    CONSTRAINT `PK_contracts` PRIMARY KEY (`Id`),&#xD;
    CONSTRAINT `FK_contracts_projects_ProjectId` FOREIGN KEY (`ProjectId`) REFERENCES `projects` (`Id`) ON DELETE CASCADE&#xD;
) CHARACTER SET=utf8mb4;&#xD;
[15:48:36 INF] Executed DbCommand (637ms) [Parameters=[], CommandType='Text', CommandTimeout='30']&#xD;
CREATE TABLE `devices` (&#xD;
    `Id` bigint NOT NULL AUTO_INCREMENT,&#xD;
    `AppCode` varchar(50) CHARACTER SET utf8mb4 NOT NULL,&#xD;
    `Name` varchar(200) CHARACTER SET utf8mb4 NOT NULL,&#xD;
    `Model` varchar(100) CHARACTER SET utf8mb4 NULL,&#xD;
    `SerialNumber` varchar(100) CHARACTER SET utf8mb4 NULL,&#xD;
    `Category` varchar(100) CHARACTER SET utf8mb4 NULL,&#xD;
    `Location` varchar(200) CHARACTER SET utf8mb4 NULL,&#xD;
    `AreaId` bigint NULL,&#xD;
    `ProjectId` bigint NULL,&#xD;
    `ProjectName` varchar(200) CHARACTER SET utf8mb4 NULL,&#xD;
    `EnergyTypes` json NULL,&#xD;
    `Status` varchar(20) CHARACTER SET utf8mb4 NOT NULL,&#xD;
    `InstallDate` datetime(6) NULL,&#xD;
    `LastMaintenance` datetime(6) NULL,&#xD;
    `Supplier` varchar(200) CHARACTER SET utf8mb4 NULL,&#xD;
    `WarrantyDate` datetime(6) NULL,&#xD;
    `Power` double NULL,&#xD;
    `Voltage` varchar(20) CHARACTER SET utf8mb4 NULL,&#xD;
    `MeterInstalled` tinyint(1) NOT NULL,&#xD;
    `CreatedAt` datetime(6) NOT NULL,&#xD;
    `UpdatedAt` datetime(6) NOT NULL,&#xD;
    CONSTRAINT `PK_devices` PRIMARY KEY (`Id`),&#xD;
    CONSTRAINT `FK_devices_areas_AreaId` FOREIGN KEY (`AreaId`) REFERENCES `areas` (`Id`),&#xD;
    CONSTRAINT `FK_devices_projects_ProjectId` FOREIGN KEY (`ProjectId`) REFERENCES `projects` (`Id`)&#xD;
) CHARACTER SET=utf8mb4;&#xD;
[15:48:36 INF] Executed DbCommand (441ms) [Parameters=[], CommandType='Text', CommandTimeout='30']&#xD;
CREATE TABLE `work_summaries` (&#xD;
    `Id` bigint NOT NULL AUTO_INCREMENT,&#xD;
    `ProjectId` bigint NOT NULL,&#xD;
    `FeedbackPerson` varchar(100) CHARACTER SET utf8mb4 NULL,&#xD;
    `Assignee` varchar(100) CHARACTER SET utf8mb4 NULL,&#xD;
    `Assistant` varchar(100) CHARACTER SET utf8mb4 NULL,&#xD;
    `WorkContent` varchar(2000) CHARACTER SET utf8mb4 NULL,&#xD;
    `Date` datetime(6) NOT NULL,&#xD;
    `AppCode` varchar(255) CHARACTER SET utf8mb4 NULL,&#xD;
    CONSTRAINT `PK_work_summaries` PRIMARY KEY (`Id`),&#xD;
    CONSTRAINT `FK_work_summaries_projects_ProjectId` FOREIGN KEY (`ProjectId`) REFERENCES `projects` (`Id`) ON DELETE CASCADE&#xD;
) CHARACTER SET=utf8mb4;&#xD;
[15:48:37 INF] Executed DbCommand (268ms) [Parameters=[], CommandType='Text', CommandTimeout='30']&#xD;
CREATE TABLE `air_quality_data` (&#xD;
    `Id` bigint NOT NULL AUTO_INCREMENT,&#xD;
    `DeviceId` bigint NULL,&#xD;
    `AreaId` bigint NULL,&#xD;
    `AreaName` varchar(200) CHARACTER SET utf8mb4 NULL,&#xD;
    `FreshAirVolume` double NULL,&#xD;
    `ExhaustVolume` double NULL,&#xD;
    `SmokeConcentration` double NULL,&#xD;
    `PM25` double NULL,&#xD;
    `Temperature` double NULL,&#xD;
    `Humidity` double NULL,&#xD;
    `CO2` double NULL,&#xD;
    `OilFume` double NULL,&#xD;
    `RecordTime` datetime(6) NOT NULL,&#xD;
    `Timestamp` datetime(6) NOT NULL,&#xD;
    `AppCode` varchar(255) CHARACTER SET utf8mb4 NULL,&#xD;
    CONSTRAINT `PK_air_quality_data` PRIMARY KEY (`Id`),&#xD;
    CONSTRAINT `FK_air_quality_data_areas_AreaId` FOREIGN KEY (`AreaId`) REFERENCES `areas` (`Id`),&#xD;
    CONSTRAINT `FK_air_quality_data_devices_DeviceId` FOREIGN KEY (`DeviceId`) REFERENCES `devices` (`Id`)&#xD;
) CHARACTER SET=utf8mb4;&#xD;
[15:48:37 INF] Executed DbCommand (301ms) [Parameters=[], CommandType='Text', CommandTimeout='30']&#xD;
CREATE TABLE `alert_records` (&#xD;
    `Id` bigint NOT NULL AUTO_INCREMENT,&#xD;
    `AlertNo` varchar(50) CHARACTER SET utf8mb4 NOT NULL,&#xD;
    `DeviceName` varchar(200) CHARACTER SET utf8mb4 NOT NULL,&#xD;
    `DeviceCode` varchar(50) CHARACTER SET utf8mb4 NULL,&#xD;
    `AreaName` varchar(200) CHARACTER SET utf8mb4 NULL,&#xD;
    `AlertType` varchar(50) CHARACTER SET utf8mb4 NOT NULL,&#xD;
    `Level` varchar(20) CHARACTER SET utf8mb4 NOT NULL,&#xD;
    `Value` double NULL,&#xD;
    `Threshold` double NULL,&#xD;
    `AlertTime` datetime(6) NOT NULL,&#xD;
    `Status` varchar(20) CHARACTER SET utf8mb4 NOT NULL,&#xD;
    `Assignee` varchar(100) CHARACTER SET utf8mb4 NULL,&#xD;
    `ResolveTime` datetime(6) NULL,&#xD;
    `Remark` varchar(1000) CHARACTER SET utf8mb4 NULL,&#xD;
    `DeviceId` bigint NULL,&#xD;
    `AreaId` bigint NULL,&#xD;
    `AppCode` varchar(255) CHARACTER SET utf8mb4 NULL,&#xD;
    `CreatedAt` datetime(6) NOT NULL,&#xD;
    `UpdatedAt` datetime(6) NOT NULL,&#xD;
    CONSTRAINT `PK_alert_records` PRIMARY KEY (`Id`),&#xD;
    CONSTRAINT `FK_alert_records_areas_AreaId` FOREIGN KEY (`AreaId`) REFERENCES `areas` (`Id`),&#xD;
    CONSTRAINT `FK_alert_records_devices_DeviceId` FOREIGN KEY (`DeviceId`) REFERENCES `devices` (`Id`)&#xD;
) CHARACTER SET=utf8mb4;&#xD;
[15:48:37 INF] Executed DbCommand (244ms) [Parameters=[], CommandType='Text', CommandTimeout='30']&#xD;
CREATE TABLE `archive_device_markers` (&#xD;
    `Id` bigint NOT NULL AUTO_INCREMENT,&#xD;
    `ArchiveId` bigint NOT NULL,&#xD;
    `DeviceId` bigint NULL,&#xD;
    `Name` varchar(200) CHARACTER SET utf8mb4 NOT NULL,&#xD;
    `DeviceType` varchar(100) CHARACTER SET utf8mb4 NULL,&#xD;
    `Model` varchar(100) CHARACTER SET utf8mb4 NULL,&#xD;
    `X` double NOT NULL,&#xD;
    `Y` double NOT NULL,&#xD;
    `Z` double NOT NULL,&#xD;
    `Sensors` longtext CHARACTER SET utf8mb4 NULL,&#xD;
    `CreatedAt` datetime(6) NOT NULL,&#xD;
    `UpdatedAt` datetime(6) NOT NULL,&#xD;
    CONSTRAINT `PK_archive_device_markers` PRIMARY KEY (`Id`),&#xD;
    CONSTRAINT `FK_archive_device_markers_archives_ArchiveId` FOREIGN KEY (`ArchiveId`) REFERENCES `archives` (`Id`) ON DELETE CASCADE,&#xD;
    CONSTRAINT `FK_archive_device_markers_devices_DeviceId` FOREIGN KEY (`DeviceId`) REFERENCES `devices` (`Id`)&#xD;
) CHARACTER SET=utf8mb4;&#xD;
[15:48:37 INF] Executed DbCommand (393ms) [Parameters=[], CommandType='Text', CommandTimeout='30']&#xD;
CREATE TABLE `area_devices` (&#xD;
    `Id` bigint NOT NULL AUTO_INCREMENT,&#xD;
    `AreaId` bigint NOT NULL,&#xD;
    `DeviceId` bigint NOT NULL,&#xD;
    `Name` varchar(200) CHARACTER SET utf8mb4 NOT NULL,&#xD;
    `DeviceType` varchar(100) CHARACTER SET utf8mb4 NULL,&#xD;
    `Status` varchar(20) CHARACTER SET utf8mb4 NOT NULL,&#xD;
    `X` double NOT NULL,&#xD;
    `Y` double NOT NULL,&#xD;
    `AppCode` longtext CHARACTER SET utf8mb4 NULL,&#xD;
    CONSTRAINT `PK_area_devices` PRIMARY KEY (`Id`),&#xD;
    CONSTRAINT `FK_area_devices_areas_AreaId` FOREIGN KEY (`AreaId`) REFERENCES `areas` (`Id`) ON DELETE CASCADE,&#xD;
    CONSTRAINT `FK_area_devices_devices_DeviceId` FOREIGN KEY (`DeviceId`) REFERENCES `devices` (`Id`) ON DELETE CASCADE&#xD;
) CHARACTER SET=utf8mb4;&#xD;
[15:48:38 INF] Executed DbCommand (244ms) [Parameters=[], CommandType='Text', CommandTimeout='30']&#xD;
CREATE TABLE `data_rules` (&#xD;
    `Id` bigint NOT NULL AUTO_INCREMENT,&#xD;
    `Name` varchar(100) CHARACTER SET utf8mb4 NOT NULL,&#xD;
    `RuleType` varchar(50) CHARACTER SET utf8mb4 NULL,&#xD;
    `DataType` varchar(50) CHARACTER SET utf8mb4 NULL,&#xD;
    `MinValue` double NULL,&#xD;
    `MaxValue` double NULL,&#xD;
    `Level` varchar(20) CHARACTER SET utf8mb4 NULL,&#xD;
    `Priority` int NOT NULL,&#xD;
    `IsActive` tinyint(1) NOT NULL,&#xD;
    `DeviceId` bigint NULL,&#xD;
    `AreaId` bigint NULL,&#xD;
    `AppCode` varchar(255) CHARACTER SET utf8mb4 NULL,&#xD;
    `RuleExpression` varchar(1000) CHARACTER SET utf8mb4 NULL,&#xD;
    `Description` varchar(1000) CHARACTER SET utf8mb4 NULL,&#xD;
    `CreatedAt` datetime(6) NOT NULL,&#xD;
    `UpdatedAt` datetime(6) NOT NULL,&#xD;
    CONSTRAINT `PK_data_rules` PRIMARY KEY (`Id`),&#xD;
    CONSTRAINT `FK_data_rules_areas_AreaId` FOREIGN KEY (`AreaId`) REFERENCES `areas` (`Id`),&#xD;
    CONSTRAINT `FK_data_rules_devices_DeviceId` FOREIGN KEY (`DeviceId`) REFERENCES `devices` (`Id`)&#xD;
) CHARACTER SET=utf8mb4;&#xD;
[15:48:38 INF] Executed DbCommand (233ms) [Parameters=[], CommandType='Text', CommandTimeout='30']&#xD;
CREATE TABLE `device_data_records` (&#xD;
    `Id` bigint NOT NULL AUTO_INCREMENT,&#xD;
    `DeviceId` bigint NOT NULL,&#xD;
    `SensorData` longtext CHARACTER SET utf8mb4 NULL,&#xD;
    `Temperature` double NULL,&#xD;
    `Humidity` double NULL,&#xD;
    `PM25` double NULL,&#xD;
    `PM10` double NULL,&#xD;
    `CO2` double NULL,&#xD;
    `CO` double NULL,&#xD;
    `FreshAirVolume` double NULL,&#xD;
    `CombustibleGas` double NULL,&#xD;
    `Formaldehyde` double NULL,&#xD;
    `Smoke` double NULL,&#xD;
    `TVOC` double NULL,&#xD;
    `ExhaustVolume` double NULL,&#xD;
    `SmokeConcentration` double NULL,&#xD;
    `OilFume` double NULL,&#xD;
    `Noise` double NULL,&#xD;
    `AreaId` bigint NULL,&#xD;
    `AreaName` longtext CHARACTER SET utf8mb4 NULL,&#xD;
    `DeviceName` longtext CHARACTER SET utf8mb4 NULL,&#xD;
    `Status` longtext CHARACTER SET utf8mb4 NULL,&#xD;
    `Level` longtext CHARACTER SET utf8mb4 NULL,&#xD;
    `RecordTime` datetime(6) NOT NULL,&#xD;
    `Timestamp` datetime(6) NOT NULL,&#xD;
    `AppCode` longtext CHARACTER SET utf8mb4 NULL,&#xD;
    CONSTRAINT `PK_device_data_records` PRIMARY KEY (`Id`),&#xD;
    CONSTRAINT `FK_device_data_records_areas_AreaId` FOREIGN KEY (`AreaId`) REFERENCES `areas` (`Id`),&#xD;
    CONSTRAINT `FK_device_data_records_devices_DeviceId` FOREIGN KEY (`DeviceId`) REFERENCES `devices` (`Id`) ON DELETE CASCADE&#xD;
) CHARACTER SET=utf8mb4;&#xD;
[15:48:38 INF] Executed DbCommand (197ms) [Parameters=[], CommandType='Text', CommandTimeout='30']&#xD;
CREATE TABLE `device_sensors` (&#xD;
    `Id` bigint NOT NULL AUTO_INCREMENT,&#xD;
    `DeviceId` bigint NOT NULL,&#xD;
    `Name` varchar(100) CHARACTER SET utf8mb4 NOT NULL,&#xD;
    `SensorType` varchar(50) CHARACTER SET utf8mb4 NULL,&#xD;
    `LastValue` varchar(50) CHARACTER SET utf8mb4 NULL,&#xD;
    `Unit` varchar(20) CHARACTER SET utf8mb4 NULL,&#xD;
    `AppCode` longtext CHARACTER SET utf8mb4 NULL,&#xD;
    CONSTRAINT `PK_device_sensors` PRIMARY KEY (`Id`),&#xD;
    CONSTRAINT `FK_device_sensors_devices_DeviceId` FOREIGN KEY (`DeviceId`) REFERENCES `devices` (`Id`) ON DELETE CASCADE&#xD;
) CHARACTER SET=utf8mb4;&#xD;
[15:48:39 INF] Executed DbCommand (393ms) [Parameters=[], CommandType='Text', CommandTimeout='30']&#xD;
CREATE TABLE `environment_data` (&#xD;
    `Id` bigint NOT NULL AUTO_INCREMENT,&#xD;
    `DeviceId` bigint NOT NULL,&#xD;
    `DeviceName` varchar(200) CHARACTER SET utf8mb4 NULL,&#xD;
    `AreaId` bigint NULL,&#xD;
    `AreaName` varchar(200) CHARACTER SET utf8mb4 NULL,&#xD;
    `PM25` double NULL,&#xD;
    `PM10` double NULL,&#xD;
    `CO2` double NULL,&#xD;
    `CO` double NULL,&#xD;
    `Temperature` double NULL,&#xD;
    `Humidity` double NULL,&#xD;
    `Noise` double NULL,&#xD;
    `CombustibleGas` double NULL,&#xD;
    `Formaldehyde` double NULL,&#xD;
    `Smoke` double NULL,&#xD;
    `TVOC` double NULL,&#xD;
    `RecordTime` datetime(6) NOT NULL,&#xD;
    `Timestamp` datetime(6) NOT NULL,&#xD;
    `AppCode` varchar(255) CHARACTER SET utf8mb4 NULL,&#xD;
    CONSTRAINT `PK_environment_data` PRIMARY KEY (`Id`),&#xD;
    CONSTRAINT `FK_environment_data_areas_AreaId` FOREIGN KEY (`AreaId`) REFERENCES `areas` (`Id`),&#xD;
    CONSTRAINT `FK_environment_data_devices_DeviceId` FOREIGN KEY (`DeviceId`) REFERENCES `devices` (`Id`) ON DELETE CASCADE&#xD;
) CHARACTER SET=utf8mb4;&#xD;
[15:48:39 INF] Executed DbCommand (341ms) [Parameters=[], CommandType='Text', CommandTimeout='30']&#xD;
CREATE TABLE `alert_process_logs` (&#xD;
    `Id` bigint NOT NULL AUTO_INCREMENT,&#xD;
    `AlertRecordId` bigint NULL,&#xD;
    `ProcessedBy` varchar(100) CHARACTER SET utf8mb4 NULL,&#xD;
    `Action` varchar(50) CHARACTER SET utf8mb4 NOT NULL,&#xD;
    `Comment` varchar(2000) CHARACTER SET utf8mb4 NULL,&#xD;
    `CreatedAt` datetime(6) NOT NULL,&#xD;
    CONSTRAINT `PK_alert_process_logs` PRIMARY KEY (`Id`),&#xD;
    CONSTRAINT `FK_alert_process_logs_alert_records_AlertRecordId` FOREIGN KEY (`AlertRecordId`) REFERENCES `alert_records` (`Id`) ON DELETE CASCADE&#xD;
) CHARACTER SET=utf8mb4;&#xD;
[15:48:39 INF] Executed DbCommand (328ms) [Parameters=[], CommandType='Text', CommandTimeout='30']&#xD;
CREATE TABLE `work_orders` (&#xD;
    `Id` bigint NOT NULL AUTO_INCREMENT,&#xD;
    `OrderNo` varchar(50) CHARACTER SET utf8mb4 NOT NULL,&#xD;
    `Title` varchar(200) CHARACTER SET utf8mb4 NOT NULL,&#xD;
    `Type` varchar(50) CHARACTER SET utf8mb4 NOT NULL,&#xD;
    `Priority` varchar(20) CHARACTER SET utf8mb4 NOT NULL,&#xD;
    `Status` varchar(20) CHARACTER SET utf8mb4 NOT NULL,&#xD;
    `CustomerId` bigint NULL,&#xD;
    `DeviceId` bigint NULL,&#xD;
    `AreaId` bigint NULL,&#xD;
    `DeviceName` varchar(200) CHARACTER SET utf8mb4 NULL,&#xD;
    `DeviceCode` varchar(50) CHARACTER SET utf8mb4 NULL,&#xD;
    `AreaName` varchar(200) CHARACTER SET utf8mb4 NULL,&#xD;
    `Description` varchar(2000) CHARACTER SET utf8mb4 NULL,&#xD;
    `Reporter` varchar(100) CHARACTER SET utf8mb4 NULL,&#xD;
    `ReportTime` datetime(6) NOT NULL,&#xD;
    `Assignee` varchar(100) CHARACTER SET utf8mb4 NULL,&#xD;
    `AssignTime` datetime(6) NULL,&#xD;
    `EstimatedTime` datetime(6) NULL,&#xD;
    `ResolvedTime` datetime(6) NULL,&#xD;
    `ClosedTime` datetime(6) NULL,&#xD;
    `ResolveDescription` varchar(2000) CHARACTER SET utf8mb4 NULL,&#xD;
    `ProjectName` varchar(100) CHARACTER SET utf8mb4 NULL,&#xD;
    `CreatedBy` varchar(100) CHARACTER SET utf8mb4 NULL,&#xD;
    `AppCode` varchar(255) CHARACTER SET utf8mb4 NULL,&#xD;
    `CreatedAt` datetime(6) NOT NULL,&#xD;
    `UpdatedAt` datetime(6) NOT NULL,&#xD;
    `AlertRecordId` bigint NULL,&#xD;
    CONSTRAINT `PK_work_orders` PRIMARY KEY (`Id`),&#xD;
    CONSTRAINT `FK_work_orders_alert_records_AlertRecordId` FOREIGN KEY (`AlertRecordId`) REFERENCES `alert_records` (`Id`),&#xD;
    CONSTRAINT `FK_work_orders_areas_AreaId` FOREIGN KEY (`AreaId`) REFERENCES `areas` (`Id`),&#xD;
    CONSTRAINT `FK_work_orders_customers_CustomerId` FOREIGN KEY (`CustomerId`) REFERENCES `customers` (`Id`),&#xD;
    CONSTRAINT `FK_work_orders_devices_DeviceId` FOREIGN KEY (`DeviceId`) REFERENCES `devices` (`Id`)&#xD;
) CHARACTER SET=utf8mb4;&#xD;
[15:48:39 INF] Executed DbCommand (244ms) [Parameters=[], CommandType='Text', CommandTimeout='30']&#xD;
CREATE TABLE `etl_tasks` (&#xD;
    `Id` bigint NOT NULL AUTO_INCREMENT,&#xD;
    `Name` varchar(100) CHARACTER SET utf8mb4 NOT NULL,&#xD;
    `TaskType` varchar(50) CHARACTER SET utf8mb4 NULL,&#xD;
    `TriggerType` varchar(50) CHARACTER SET utf8mb4 NULL,&#xD;
    `SourceConfig` varchar(1000) CHARACTER SET utf8mb4 NULL,&#xD;
    `TargetConfig` varchar(1000) CHARACTER SET utf8mb4 NULL,&#xD;
    `TransformRule` varchar(1000) CHARACTER SET utf8mb4 NULL,&#xD;
    `Schedule` varchar(20) CHARACTER SET utf8mb4 NULL,&#xD;
    `Status` varchar(20) CHARACTER SET utf8mb4 NULL,&#xD;
    `LastRunTime` datetime(6) NULL,&#xD;
    `NextRunTime` datetime(6) NULL,&#xD;
    `CompletedAt` datetime(6) NULL,&#xD;
    `IsActive` tinyint(1) NOT NULL,&#xD;
    `LastRunAt` varchar(20) CHARACTER SET utf8mb4 NULL,&#xD;
    `NextRunAt` varchar(20) CHARACTER SET utf8mb4 NULL,&#xD;
    `AppCode` varchar(255) CHARACTER SET utf8mb4 NULL,&#xD;
    `DataRuleId` bigint NULL,&#xD;
    `Description` varchar(1000) CHARACTER SET utf8mb4 NULL,&#xD;
    `CreatedAt` datetime(6) NOT NULL,&#xD;
    `UpdatedAt` datetime(6) NOT NULL,&#xD;
    CONSTRAINT `PK_etl_tasks` PRIMARY KEY (`Id`),&#xD;
    CONSTRAINT `FK_etl_tasks_data_rules_DataRuleId` FOREIGN KEY (`DataRuleId`) REFERENCES `data_rules` (`Id`)&#xD;
) CHARACTER SET=utf8mb4;&#xD;
[15:48:40 INF] Executed DbCommand (219ms) [Parameters=[], CommandType='Text', CommandTimeout='30']&#xD;
CREATE TABLE `work_order_attachments` (&#xD;
    `Id` bigint NOT NULL AUTO_INCREMENT,&#xD;
    `WorkOrderId` bigint NOT NULL,&#xD;
    `FileName` varchar(200) CHARACTER SET utf8mb4 NOT NULL,&#xD;
    `FileUrl` varchar(500) CHARACTER SET utf8mb4 NULL,&#xD;
    `FileSize` varchar(20) CHARACTER SET utf8mb4 NULL,&#xD;
    `FileType` varchar(50) CHARACTER SET utf8mb4 NULL,&#xD;
    `FileSizeBytes` bigint NOT NULL,&#xD;
    `CreatedAt` datetime(6) NOT NULL,&#xD;
    CONSTRAINT `PK_work_order_attachments` PRIMARY KEY (`Id`),&#xD;
    CONSTRAINT `FK_work_order_attachments_work_orders_WorkOrderId` FOREIGN KEY (`WorkOrderId`) REFERENCES `work_orders` (`Id`) ON DELETE CASCADE&#xD;
) CHARACTER SET=utf8mb4;&#xD;
[15:48:40 INF] Executed DbCommand (208ms) [Parameters=[], CommandType='Text', CommandTimeout='30']&#xD;
CREATE TABLE `work_order_logs` (&#xD;
    `Id` bigint NOT NULL AUTO_INCREMENT,&#xD;
    `WorkOrderId` bigint NOT NULL,&#xD;
    `Operator` varchar(100) CHARACTER SET utf8mb4 NULL,&#xD;
    `OperatorName` varchar(100) CHARACTER SET utf8mb4 NULL,&#xD;
    `Action` varchar(50) CHARACTER SET utf8mb4 NOT NULL,&#xD;
    `Comment` varchar(2000) CHARACTER SET utf8mb4 NULL,&#xD;
    `CreatedAt` datetime(6) NOT NULL,&#xD;
    CONSTRAINT `PK_work_order_logs` PRIMARY KEY (`Id`),&#xD;
    CONSTRAINT `FK_work_order_logs_work_orders_WorkOrderId` FOREIGN KEY (`WorkOrderId`) REFERENCES `work_orders` (`Id`) ON DELETE CASCADE&#xD;
) CHARACTER SET=utf8mb4;&#xD;
[15:48:40 INF] Executed DbCommand (342ms) [Parameters=[], CommandType='Text', CommandTimeout='30']&#xD;
CREATE INDEX `IX_air_quality_data_AppCode` ON `air_quality_data` (`AppCode`);&#xD;
[15:48:41 INF] Executed DbCommand (781ms) [Parameters=[], CommandType='Text', CommandTimeout='30']&#xD;
CREATE INDEX `IX_air_quality_data_AreaId` ON `air_quality_data` (`AreaId`);&#xD;
[15:48:41 INF] Executed DbCommand (205ms) [Parameters=[], CommandType='Text', CommandTimeout='30']&#xD;
CREATE INDEX `IX_air_quality_data_DeviceId` ON `air_quality_data` (`DeviceId`);&#xD;
[15:48:42 INF] Executed DbCommand (296ms) [Parameters=[], CommandType='Text', CommandTimeout='30']&#xD;
CREATE INDEX `IX_air_quality_data_RecordTime` ON `air_quality_data` (`RecordTime`);&#xD;
[15:48:42 INF] Executed DbCommand (262ms) [Parameters=[], CommandType='Text', CommandTimeout='30']&#xD;
CREATE INDEX `IX_alert_process_logs_AlertRecordId` ON `alert_process_logs` (`AlertRecordId`);&#xD;
[15:48:42 INF] Executed DbCommand (168ms) [Parameters=[], CommandType='Text', CommandTimeout='30']&#xD;
CREATE INDEX `IX_alert_process_logs_ProcessedBy` ON `alert_process_logs` (`ProcessedBy`);&#xD;
[15:48:42 INF] Executed DbCommand (225ms) [Parameters=[], CommandType='Text', CommandTimeout='30']&#xD;
CREATE UNIQUE INDEX `IX_alert_records_AlertNo` ON `alert_records` (`AlertNo`);&#xD;
[15:48:42 INF] Executed DbCommand (208ms) [Parameters=[], CommandType='Text', CommandTimeout='30']&#xD;
CREATE INDEX `IX_alert_records_AlertTime` ON `alert_records` (`AlertTime`);&#xD;
[15:48:43 INF] Executed DbCommand (192ms) [Parameters=[], CommandType='Text', CommandTimeout='30']&#xD;
CREATE INDEX `IX_alert_records_AlertType` ON `alert_records` (`AlertType`);&#xD;
[15:48:43 INF] Executed DbCommand (181ms) [Parameters=[], CommandType='Text', CommandTimeout='30']&#xD;
CREATE INDEX `IX_alert_records_AppCode` ON `alert_records` (`AppCode`);&#xD;
[15:48:43 INF] Executed DbCommand (364ms) [Parameters=[], CommandType='Text', CommandTimeout='30']&#xD;
CREATE INDEX `IX_alert_records_AreaId` ON `alert_records` (`AreaId`);&#xD;
[15:48:43 INF] Executed DbCommand (252ms) [Parameters=[], CommandType='Text', CommandTimeout='30']&#xD;
CREATE INDEX `IX_alert_records_DeviceId` ON `alert_records` (`DeviceId`);&#xD;
[15:48:44 INF] Executed DbCommand (168ms) [Parameters=[], CommandType='Text', CommandTimeout='30']&#xD;
CREATE INDEX `IX_alert_records_Level` ON `alert_records` (`Level`);&#xD;
[15:48:44 INF] Executed DbCommand (169ms) [Parameters=[], CommandType='Text', CommandTimeout='30']&#xD;
CREATE INDEX `IX_alert_records_Status` ON `alert_records` (`Status`);&#xD;
[15:48:44 INF] Executed DbCommand (333ms) [Parameters=[], CommandType='Text', CommandTimeout='30']&#xD;
CREATE INDEX `IX_archive_device_markers_ArchiveId` ON `archive_device_markers` (`ArchiveId`);&#xD;
[15:48:44 INF] Executed DbCommand (468ms) [Parameters=[], CommandType='Text', CommandTimeout='30']&#xD;
CREATE INDEX `IX_archive_device_markers_DeviceId` ON `archive_device_markers` (`DeviceId`);&#xD;
[15:48:45 INF] Executed DbCommand (181ms) [Parameters=[], CommandType='Text', CommandTimeout='30']&#xD;
CREATE INDEX `IX_archives_AppCode` ON `archives` (`AppCode`);&#xD;
[15:48:45 INF] Executed DbCommand (252ms) [Parameters=[], CommandType='Text', CommandTimeout='30']&#xD;
CREATE INDEX `IX_archives_AreaId` ON `archives` (`AreaId`);&#xD;
[15:48:45 INF] Executed DbCommand (157ms) [Parameters=[], CommandType='Text', CommandTimeout='30']&#xD;
CREATE INDEX `IX_archives_ProjectId` ON `archives` (`ProjectId`);&#xD;
[15:48:45 INF] Executed DbCommand (214ms) [Parameters=[], CommandType='Text', CommandTimeout='30']&#xD;
CREATE INDEX `IX_archives_Type` ON `archives` (`Type`);&#xD;
[15:48:46 INF] Executed DbCommand (308ms) [Parameters=[], CommandType='Text', CommandTimeout='30']&#xD;
CREATE INDEX `IX_area_devices_AreaId` ON `area_devices` (`AreaId`);&#xD;
[15:48:46 INF] Executed DbCommand (217ms) [Parameters=[], CommandType='Text', CommandTimeout='30']&#xD;
CREATE INDEX `IX_area_devices_DeviceId` ON `area_devices` (`DeviceId`);&#xD;
[15:48:46 INF] Executed DbCommand (545ms) [Parameters=[], CommandType='Text', CommandTimeout='30']&#xD;
CREATE INDEX `IX_areas_AppCode` ON `areas` (`AppCode`);&#xD;
[15:48:47 INF] Executed DbCommand (285ms) [Parameters=[], CommandType='Text', CommandTimeout='30']&#xD;
CREATE INDEX `IX_areas_CustomerId` ON `areas` (`CustomerId`);&#xD;
[15:48:47 INF] Executed DbCommand (329ms) [Parameters=[], CommandType='Text', CommandTimeout='30']&#xD;
CREATE INDEX `IX_areas_ParentId` ON `areas` (`ParentId`);&#xD;
[15:48:47 INF] Executed DbCommand (166ms) [Parameters=[], CommandType='Text', CommandTimeout='30']&#xD;
CREATE INDEX `IX_areas_Type` ON `areas` (`Type`);&#xD;
[15:48:47 INF] Executed DbCommand (253ms) [Parameters=[], CommandType='Text', CommandTimeout='30']&#xD;
CREATE INDEX `IX_cameras_AppCode` ON `cameras` (`AppCode`);&#xD;
[15:48:48 INF] Executed DbCommand (218ms) [Parameters=[], CommandType='Text', CommandTimeout='30']&#xD;
CREATE INDEX `IX_cameras_AreaId` ON `cameras` (`AreaId`);&#xD;
[15:48:48 INF] Executed DbCommand (204ms) [Parameters=[], CommandType='Text', CommandTimeout='30']&#xD;
CREATE INDEX `IX_contracts_AppCode` ON `contracts` (`AppCode`);&#xD;
[15:48:48 INF] Executed DbCommand (240ms) [Parameters=[], CommandType='Text', CommandTimeout='30']&#xD;
CREATE INDEX `IX_contracts_ProjectId` ON `contracts` (`ProjectId`);&#xD;
[15:48:48 INF] Executed DbCommand (273ms) [Parameters=[], CommandType='Text', CommandTimeout='30']&#xD;
CREATE UNIQUE INDEX `IX_customers_AppCode` ON `customers` (`AppCode`);&#xD;
[15:48:49 INF] Executed DbCommand (194ms) [Parameters=[], CommandType='Text', CommandTimeout='30']&#xD;
CREATE UNIQUE INDEX `IX_customers_Code` ON `customers` (`Code`);&#xD;
[15:48:49 INF] Executed DbCommand (181ms) [Parameters=[], CommandType='Text', CommandTimeout='30']&#xD;
CREATE INDEX `IX_customers_Status` ON `customers` (`Status`);&#xD;
[15:48:49 INF] Executed DbCommand (215ms) [Parameters=[], CommandType='Text', CommandTimeout='30']&#xD;
CREATE INDEX `IX_data_rules_AppCode` ON `data_rules` (`AppCode`);&#xD;
[15:48:49 INF] Executed DbCommand (229ms) [Parameters=[], CommandType='Text', CommandTimeout='30']&#xD;
CREATE INDEX `IX_data_rules_AreaId` ON `data_rules` (`AreaId`);&#xD;
[15:48:49 INF] Executed DbCommand (253ms) [Parameters=[], CommandType='Text', CommandTimeout='30']&#xD;
CREATE INDEX `IX_data_rules_DeviceId` ON `data_rules` (`DeviceId`);&#xD;
[15:48:50 INF] Executed DbCommand (168ms) [Parameters=[], CommandType='Text', CommandTimeout='30']&#xD;
CREATE INDEX `IX_data_rules_IsActive` ON `data_rules` (`IsActive`);&#xD;
[15:48:50 INF] Executed DbCommand (248ms) [Parameters=[], CommandType='Text', CommandTimeout='30']&#xD;
CREATE INDEX `IX_data_rules_RuleType` ON `data_rules` (`RuleType`);&#xD;
[15:48:50 INF] Executed DbCommand (388ms) [Parameters=[], CommandType='Text', CommandTimeout='30']&#xD;
CREATE INDEX `IX_device_data_records_AreaId` ON `device_data_records` (`AreaId`);&#xD;
[15:48:50 INF] Executed DbCommand (207ms) [Parameters=[], CommandType='Text', CommandTimeout='30']&#xD;
CREATE INDEX `IX_device_data_records_DeviceId` ON `device_data_records` (`DeviceId`);&#xD;
[15:48:51 INF] Executed DbCommand (144ms) [Parameters=[], CommandType='Text', CommandTimeout='30']&#xD;
CREATE INDEX `IX_device_data_records_RecordTime` ON `device_data_records` (`RecordTime`);&#xD;
[15:48:51 INF] Executed DbCommand (232ms) [Parameters=[], CommandType='Text', CommandTimeout='30']&#xD;
CREATE INDEX `IX_device_sensors_DeviceId` ON `device_sensors` (`DeviceId`);&#xD;
[15:48:51 INF] Executed DbCommand (369ms) [Parameters=[], CommandType='Text', CommandTimeout='30']&#xD;
CREATE INDEX `IX_devices_AppCode` ON `devices` (`AppCode`);&#xD;
[15:48:52 INF] Executed DbCommand (335ms) [Parameters=[], CommandType='Text', CommandTimeout='30']&#xD;
CREATE INDEX `IX_devices_AreaId` ON `devices` (`AreaId`);&#xD;
[15:48:52 INF] Executed DbCommand (417ms) [Parameters=[], CommandType='Text', CommandTimeout='30']&#xD;
CREATE INDEX `IX_devices_ProjectId` ON `devices` (`ProjectId`);&#xD;
[15:48:52 INF] Executed DbCommand (178ms) [Parameters=[], CommandType='Text', CommandTimeout='30']&#xD;
CREATE INDEX `IX_devices_SerialNumber` ON `devices` (`SerialNumber`);&#xD;
[15:48:52 INF] Executed DbCommand (216ms) [Parameters=[], CommandType='Text', CommandTimeout='30']&#xD;
CREATE INDEX `IX_devices_Status` ON `devices` (`Status`);&#xD;
[15:48:53 INF] Executed DbCommand (270ms) [Parameters=[], CommandType='Text', CommandTimeout='30']&#xD;
CREATE INDEX `IX_dictionary_items_AppCode` ON `dictionary_items` (`AppCode`);&#xD;
[15:48:53 INF] Executed DbCommand (180ms) [Parameters=[], CommandType='Text', CommandTimeout='30']&#xD;
CREATE INDEX `IX_dictionary_items_Code` ON `dictionary_items` (`Code`);&#xD;
[15:48:53 INF] Executed DbCommand (241ms) [Parameters=[], CommandType='Text', CommandTimeout='30']&#xD;
CREATE INDEX `IX_dictionary_items_DictionaryTypeConfigId` ON `dictionary_items` (`DictionaryTypeConfigId`);&#xD;
[15:48:53 INF] Executed DbCommand (157ms) [Parameters=[], CommandType='Text', CommandTimeout='30']&#xD;
CREATE INDEX `IX_dictionary_items_TypeCode` ON `dictionary_items` (`TypeCode`);&#xD;
[15:48:53 INF] Executed DbCommand (206ms) [Parameters=[], CommandType='Text', CommandTimeout='30']&#xD;
CREATE INDEX `IX_dictionary_types_AppCode` ON `dictionary_types` (`AppCode`);&#xD;
[15:48:54 INF] Executed DbCommand (181ms) [Parameters=[], CommandType='Text', CommandTimeout='30']&#xD;
CREATE UNIQUE INDEX `IX_dictionary_types_Code` ON `dictionary_types` (`Code`);&#xD;
[15:48:54 INF] Executed DbCommand (293ms) [Parameters=[], CommandType='Text', CommandTimeout='30']&#xD;
CREATE INDEX `IX_dictionary_types_IsActive` ON `dictionary_types` (`IsActive`);&#xD;
[15:48:54 INF] Executed DbCommand (171ms) [Parameters=[], CommandType='Text', CommandTimeout='30']&#xD;
CREATE INDEX `IX_environment_data_AppCode` ON `environment_data` (`AppCode`);&#xD;
[15:48:54 INF] Executed DbCommand (262ms) [Parameters=[], CommandType='Text', CommandTimeout='30']&#xD;
CREATE INDEX `IX_environment_data_AreaId` ON `environment_data` (`AreaId`);&#xD;
[15:48:55 INF] Executed DbCommand (228ms) [Parameters=[], CommandType='Text', CommandTimeout='30']&#xD;
CREATE INDEX `IX_environment_data_DeviceId` ON `environment_data` (`DeviceId`);&#xD;
[15:48:55 INF] Executed DbCommand (156ms) [Parameters=[], CommandType='Text', CommandTimeout='30']&#xD;
CREATE INDEX `IX_environment_data_RecordTime` ON `environment_data` (`RecordTime`);&#xD;
[15:48:55 INF] Executed DbCommand (193ms) [Parameters=[], CommandType='Text', CommandTimeout='30']&#xD;
CREATE INDEX `IX_etl_tasks_AppCode` ON `etl_tasks` (`AppCode`);&#xD;
[15:48:55 INF] Executed DbCommand (309ms) [Parameters=[], CommandType='Text', CommandTimeout='30']&#xD;
CREATE INDEX `IX_etl_tasks_DataRuleId` ON `etl_tasks` (`DataRuleId`);&#xD;
[15:48:55 INF] Executed DbCommand (191ms) [Parameters=[], CommandType='Text', CommandTimeout='30']&#xD;
CREATE INDEX `IX_etl_tasks_Status` ON `etl_tasks` (`Status`);&#xD;
[15:48:56 INF] Executed DbCommand (170ms) [Parameters=[], CommandType='Text', CommandTimeout='30']&#xD;
CREATE INDEX `IX_etl_tasks_TaskType` ON `etl_tasks` (`TaskType`);&#xD;
[15:48:56 INF] Executed DbCommand (321ms) [Parameters=[], CommandType='Text', CommandTimeout='30']&#xD;
CREATE INDEX `IX_login_logs_Email` ON `login_logs` (`Email`);&#xD;
[15:48:56 INF] Executed DbCommand (330ms) [Parameters=[], CommandType='Text', CommandTimeout='30']&#xD;
CREATE INDEX `IX_login_logs_LoginTime` ON `login_logs` (`LoginTime`);&#xD;
[15:48:56 INF] Executed DbCommand (206ms) [Parameters=[], CommandType='Text', CommandTimeout='30']&#xD;
CREATE INDEX `IX_login_logs_UserId` ON `login_logs` (`UserId`);&#xD;
[15:48:57 INF] Executed DbCommand (348ms) [Parameters=[], CommandType='Text', CommandTimeout='30']&#xD;
CREATE INDEX `IX_operation_logs_Module` ON `operation_logs` (`Module`);&#xD;
[15:48:57 INF] Executed DbCommand (169ms) [Parameters=[], CommandType='Text', CommandTimeout='30']&#xD;
CREATE INDEX `IX_operation_logs_Operation` ON `operation_logs` (`Operation`);&#xD;
[15:48:57 INF] Executed DbCommand (181ms) [Parameters=[], CommandType='Text', CommandTimeout='30']&#xD;
CREATE INDEX `IX_operation_logs_OperationTime` ON `operation_logs` (`OperationTime`);&#xD;
[15:48:58 INF] Executed DbCommand (553ms) [Parameters=[], CommandType='Text', CommandTimeout='30']&#xD;
CREATE INDEX `IX_operation_logs_UserId` ON `operation_logs` (`UserId`);&#xD;
[15:48:58 INF] Executed DbCommand (236ms) [Parameters=[], CommandType='Text', CommandTimeout='30']&#xD;
CREATE INDEX `IX_projects_AppCode` ON `projects` (`AppCode`);&#xD;
[15:48:58 INF] Executed DbCommand (264ms) [Parameters=[], CommandType='Text', CommandTimeout='30']&#xD;
CREATE INDEX `IX_projects_CustomerId` ON `projects` (`CustomerId`);&#xD;
[15:48:58 INF] Executed DbCommand (193ms) [Parameters=[], CommandType='Text', CommandTimeout='30']&#xD;
CREATE INDEX `IX_projects_Status` ON `projects` (`Status`);&#xD;
[15:48:59 INF] Executed DbCommand (253ms) [Parameters=[], CommandType='Text', CommandTimeout='30']&#xD;
CREATE INDEX `IX_protocol_configs_AppCode` ON `protocol_configs` (`AppCode`);&#xD;
[15:48:59 INF] Executed DbCommand (181ms) [Parameters=[], CommandType='Text', CommandTimeout='30']&#xD;
CREATE INDEX `IX_protocol_configs_IsActive` ON `protocol_configs` (`IsActive`);&#xD;
[15:48:59 INF] Executed DbCommand (181ms) [Parameters=[], CommandType='Text', CommandTimeout='30']&#xD;
CREATE INDEX `IX_protocol_configs_ProtocolType` ON `protocol_configs` (`ProtocolType`);&#xD;
[15:49:00 INF] Executed DbCommand (667ms) [Parameters=[], CommandType='Text', CommandTimeout='30']&#xD;
CREATE INDEX `IX_roles_AppCode` ON `roles` (`AppCode`);&#xD;
[15:49:00 INF] Executed DbCommand (292ms) [Parameters=[], CommandType='Text', CommandTimeout='30']&#xD;
CREATE UNIQUE INDEX `IX_roles_Code` ON `roles` (`Code`);&#xD;
[15:49:00 INF] Executed DbCommand (181ms) [Parameters=[], CommandType='Text', CommandTimeout='30']&#xD;
CREATE INDEX `IX_system_settings_AppCode` ON `system_settings` (`AppCode`);&#xD;
[15:49:00 INF] Executed DbCommand (192ms) [Parameters=[], CommandType='Text', CommandTimeout='30']&#xD;
CREATE INDEX `IX_system_settings_Category` ON `system_settings` (`Category`);&#xD;
[15:49:00 INF] Executed DbCommand (181ms) [Parameters=[], CommandType='Text', CommandTimeout='30']&#xD;
CREATE UNIQUE INDEX `IX_system_settings_Key` ON `system_settings` (`Key`);&#xD;
[15:49:01 INF] Executed DbCommand (247ms) [Parameters=[], CommandType='Text', CommandTimeout='30']&#xD;
CREATE INDEX `IX_users_AppCode` ON `users` (`AppCode`);&#xD;
[15:49:01 INF] Executed DbCommand (253ms) [Parameters=[], CommandType='Text', CommandTimeout='30']&#xD;
CREATE INDEX `IX_users_CustomerId` ON `users` (`CustomerId`);&#xD;
[15:49:01 INF] Executed DbCommand (145ms) [Parameters=[], CommandType='Text', CommandTimeout='30']&#xD;
CREATE UNIQUE INDEX `IX_users_Email` ON `users` (`Email`);&#xD;
[...]
LIMIT 1&#xD;
[15:49:51 INF] Executed DbCommand (0ms) [Parameters=[@__imei_0='?' (Size = 100)], CommandType='Text', CommandTimeout='30']&#xD;
SELECT `d`.`Status`&#xD;
FROM `devices` AS `d`&#xD;
WHERE `d`.`SerialNumber` = @__imei_0&#xD;
LIMIT 1&#xD;
[15:49:51 INF] Executed DbCommand (0ms) [Parameters=[@__imei_0='?' (Size = 100)], CommandType='Text', CommandTimeout='30']&#xD;
SELECT `d`.`Status`&#xD;
FROM `devices` AS `d`&#xD;
WHERE `d`.`SerialNumber` = @__imei_0&#xD;
LIMIT 1&#xD;
[15:49:51 INF] Executed DbCommand (0ms) [Parameters=[@__imei_0='?' (Size = 100)], CommandType='Text', CommandTimeout='30']&#xD;
SELECT `d`.`Status`&#xD;
FROM `devices` AS `d`&#xD;
WHERE `d`.`SerialNumber` = @__imei_0&#xD;
LIMIT 1&#xD;
[15:49:52 INF] Executed DbCommand (0ms) [Parameters=[@__imei_0='?' (Size = 100)], CommandType='Text', CommandTimeout='30']&#xD;
SELECT `d`.`Status`&#xD;
FROM `devices` AS `d`&#xD;
WHERE `d`.`SerialNumber` = @__imei_0&#xD;
LIMIT 1&#xD;
[15:49:52 INF] Executed DbCommand (0ms) [Parameters=[@__imei_0='?' (Size = 100)], CommandType='Text', CommandTimeout='30']&#xD;
SELECT `d`.`Status`&#xD;
FROM `devices` AS `d`&#xD;
WHERE `d`.`SerialNumber` = @__imei_0&#xD;
LIMIT 1&#xD;
[15:49:52 INF] Executed DbCommand (0ms) [Parameters=[@__imei_0='?' (Size = 100)], CommandType='Text', CommandTimeout='30']&#xD;
SELECT `d`.`Status`&#xD;
FROM `devices` AS `d`&#xD;
WHERE `d`.`SerialNumber` = @__imei_0&#xD;
LIMIT 1&#xD;
[15:49:52 INF] Executed DbCommand (0ms) [Parameters=[@__imei_0='?' (Size = 100)], CommandType='Text', CommandTimeout='30']&#xD;
SELECT `d`.`Status`&#xD;
FROM `devices` AS `d`&#xD;
WHERE `d`.`SerialNumber` = @__imei_0&#xD;
LIMIT 1&#xD;
[15:49:52 INF] Executed DbCommand (0ms) [Parameters=[@__imei_0='?' (Size = 100)], CommandType='Text', CommandTimeout='30']&#xD;
SELECT `d`.`Status`&#xD;
FROM `devices` AS `d`&#xD;
WHERE `d`.`SerialNumber` = @__imei_0&#xD;
LIMIT 1&#xD;
[15:49:52 INF] Executed DbCommand (0ms) [Parameters=[@__imei_0='?' (Size = 100)], CommandType='Text', CommandTimeout='30']&#xD;
SELECT `d`.`Status`&#xD;
FROM `devices` AS `d`&#xD;
WHERE `d`.`SerialNumber` = @__imei_0&#xD;
LIMIT 1&#xD;
[15:49:52 INF] Executed DbCommand (0ms) [Parameters=[@__imei_0='?' (Size = 100)], CommandType='Text', CommandTimeout='30']&#xD;
SELECT `d`.`Status`&#xD;
FROM `devices` AS `d`&#xD;
WHERE `d`.`SerialNumber` = @__imei_0&#xD;
LIMIT 1&#xD;
[15:49:52 INF] Executed DbCommand (0ms) [Parameters=[@__imei_0='?' (Size = 100)], CommandType='Text', CommandTimeout='30']&#xD;
SELECT `d`.`Status`&#xD;
FROM `devices` AS `d`&#xD;
WHERE `d`.`SerialNumber` = @__imei_0&#xD;
LIMIT 1&#xD;
[15:49:52 INF] Executed DbCommand (0ms) [Parameters=[@__imei_0='?' (Size = 100)], CommandType='Text', CommandTimeout='30']&#xD;
SELECT `d`.`Status`&#xD;
FROM `devices` AS `d`&#xD;
WHERE `d`.`SerialNumber` = @__imei_0&#xD;
LIMIT 1&#xD;
[15:49:52 INF] Executed DbCommand (0ms) [Parameters=[@__imei_0='?' (Size = 100)], CommandType='Text', CommandTimeout='30']&#xD;
SELECT `d`.`Status`&#xD;
FROM `devices` AS `d`&#xD;
WHERE `d`.`SerialNumber` = @__imei_0&#xD;
LIMIT 1&#xD;
[15:49:52 INF] Executed DbCommand (0ms) [Parameters=[@__imei_0='?' (Size = 100)], CommandType='Text', CommandTimeout='30']&#xD;
SELECT `d`.`Status`&#xD;
FROM `devices` AS `d`&#xD;
WHERE `d`.`SerialNumber` = @__imei_0&#xD;
LIMIT 1&#xD;
[15:49:52 INF] Executed DbCommand (0ms) [Parameters=[@__imei_0='?' (Size = 100)], CommandType='Text', CommandTimeout='30']&#xD;
SELECT `d`.`Status`&#xD;
FROM `devices` AS `d`&#xD;
WHERE `d`.`SerialNumber` = @__imei_0&#xD;
LIMIT 1&#xD;
[15:49:52 INF] Executed DbCommand (0ms) [Parameters=[@__imei_0='?' (Size = 100)], CommandType='Text', CommandTimeout='30']&#xD;
SELECT `d`.`Status`&#xD;
FROM `devices` AS `d`&#xD;
WHERE `d`.`SerialNumber` = @__imei_0&#xD;
LIMIT 1&#xD;
[15:49:52 INF] Executed DbCommand (0ms) [Parameters=[@__imei_0='?' (Size = 100)], CommandType='Text', CommandTimeout='30']&#xD;
SELECT `d`.`Status`&#xD;
FROM `devices` AS `d`&#xD;
WHERE `d`.`SerialNumber` = @__imei_0&#xD;
LIMIT 1&#xD;
[15:49:52 INF] Executed DbCommand (0ms) [Parameters=[@__imei_0='?' (Size = 100)], CommandType='Text', CommandTimeout='30']&#xD;
SELECT `d`.`Status`&#xD;
FROM `devices` AS `d`&#xD;
WHERE `d`.`SerialNumber` = @__imei_0&#xD;
LIMIT 1&#xD;
[15:49:52 INF] Executed DbCommand (0ms) [Parameters=[@__imei_0='?' (Size = 100)], CommandType='Text', CommandTimeout='30']&#xD;
SELECT `d`.`Status`&#xD;
FROM `devices` AS `d`&#xD;
WHERE `d`.`SerialNumber` = @__imei_0&#xD;
LIMIT 1&#xD;
[15:49:52 INF] Executed DbCommand (0ms) [Parameters=[@__imei_0='?' (Size = 100)], CommandType='Text', CommandTimeout='30']&#xD;
SELECT `d`.`Status`&#xD;
FROM `devices` AS `d`&#xD;
WHERE `d`.`SerialNumber` = @__imei_0&#xD;
LIMIT 1&#xD;
[15:49:52 INF] Executed DbCommand (0ms) [Parameters=[@__imei_0='?' (Size = 100)], CommandType='Text', CommandTimeout='30']&#xD;
SELECT `d`.`Status`&#xD;
FROM `devices` AS `d`&#xD;
WHERE `d`.`SerialNumber` = @__imei_0&#xD;
LIMIT 1&#xD;
[15:49:53 INF] Executed DbCommand (0ms) [Parameters=[@__imei_0='?' (Size = 100)], CommandType='Text', CommandTimeout='30']&#xD;
SELECT `d`.`Status`&#xD;
FROM `devices` AS `d`&#xD;
WHERE `d`.`SerialNumber` = @__imei_0&#xD;
LIMIT 1&#xD;
[15:49:53 INF] Executed DbCommand (0ms) [Parameters=[@__imei_0='?' (Size = 100)], CommandType='Text', CommandTimeout='30']&#xD;
SELECT `d`.`Status`&#xD;
FROM `devices` AS `d`&#xD;
WHERE `d`.`SerialNumber` = @__imei_0&#xD;
LIMIT 1&#xD;
[15:49:53 INF] ��ʥ�豸 Will ����: IMEI=864536072949900, AppCode=TEST&#xD;
[15:49:53 INF] Executed DbCommand (0ms) [Parameters=[@__imei_0='?' (Size = 50), @__appCode_1='?' (Size = 50)], CommandType='Text', CommandTimeout='30']&#xD;
SELECT `d`.`Id`, `d`.`AppCode`, `d`.`ClaimedDeviceId`, `d`.`DiscoveredAt`, `d`.`Iccid`, `d`.`Imei`, `d`.`IsClaimed`, `d`.`Kind`, `d`.`LastProbedAt`, `d`.`LastSeenAt`, `d`.`Model`, `d`.`NetType`, `d`.`ProbeError`, `d`.`ProbeStatus`, `d`.`SlotAmount`, `d`.`Version`&#xD;
FROM `discovered_ansheng_devices` AS `d`&#xD;
WHERE (`d`.`Imei` = @__imei_0) AND (`d`.`AppCode` = @__appCode_1)&#xD;
LIMIT 1&#xD;
[15:49:53 INF] Executed DbCommand (1ms) [Parameters=[@__imei_0='?' (Size = 100)], CommandType='Text', CommandTimeout='30']&#xD;
SELECT `d`.`Status`&#xD;
FROM `devices` AS `d`&#xD;
WHERE `d`.`SerialNumber` = @__imei_0&#xD;
LIMIT 1&#xD;
[15:49:53 INF] Executed DbCommand (38ms) [Parameters=[@p1='?' (DbType = Int64), @p0='?' (DbType = DateTime)], CommandType='Text', CommandTimeout='30']&#xD;
SET AUTOCOMMIT = 1;&#xD;
UPDATE `discovered_ansheng_devices` SET `LastSeenAt` = @p0&#xD;
WHERE `Id` = @p1;&#xD;
SELECT ROW_COUNT();&#xD;
[15:49:53 INF] Executed DbCommand (0ms) [Parameters=[@__imei_0='?' (Size = 100)], CommandType='Text', CommandTimeout='30']&#xD;
SELECT `d`.`Id`, `d`.`AppCode`, `d`.`AreaId`, `d`.`Category`, `d`.`CreatedAt`, `d`.`EnergyTypes`, `d`.`InstallDate`, `d`.`LastMaintenance`, `d`.`Location`, `d`.`MeterInstalled`, `d`.`Model`, `d`.`Name`, `d`.`Power`, `d`.`ProjectId`, `d`.`ProjectName`, `d`.`ProtocolConfigId`, `d`.`SerialNumber`, `d`.`Status`, `d`.`Supplier`, `d`.`UpdatedAt`, `d`.`Voltage`, `d`.`WarrantyDate`&#xD;
FROM `devices` AS `d`&#xD;
WHERE `d`.`SerialNumber` = @__imei_0&#xD;
LIMIT 1&#xD;
[15:49:53 INF] Executed DbCommand (34ms) [Parameters=[@p2='?' (DbType = Int64), @p0='?' (Size = 20), @p1='?' (DbType = DateTime)], CommandType='Text', CommandTimeout='30']&#xD;
SET AUTOCOMMIT = 1;&#xD;
UPDATE `devices` SET `Status` = @p0, `UpdatedAt` = @p1&#xD;
WHERE `Id` = @p2;&#xD;
SELECT ROW_COUNT();&#xD;
[15:49:53 INF] �Ѹ����豸����״̬: DeviceId=25, IMEI=864536072949900&#xD;
[15:49:53 INF] [AnShengDebounce] ���ڵ��ڣ��豸������ imei=864536072949900 appCode=TEST&#xD;
[15:49:53 INF] Executed DbCommand (0ms) [Parameters=[@__imei_0='?' (Size = 100)], CommandType='Text', CommandTimeout='30']&#xD;
SELECT `d`.`Status`&#xD;
FROM `devices` AS `d`&#xD;
WHERE `d`.`SerialNumber` = @__imei_0&#xD;
LIMIT 1&#xD;
[15:49:53 INF] Executed DbCommand (0ms) [Parameters=[@p0='?' (Size = 500), @p1='?' (Size = 50), @p2='?' (Size = 50), @p3='?' (Size = 100), @p4='?' (Size = 100), @p5='?' (Size = 20), @p6='?' (DbType = DateTime), @p7='?' (Size = 100), @p8='?' (DbType = DateTime), @p9='?' (Size = 100), @p10='?' (DbType = Int32), @p11='?' (DbType = Int32), @p12='?' (DbType = Int32), @p13='?' (Size = 200), @p14='?' (Size = 20), @p15='?' (Size = 20), @p16='?' (DbType = DateTime), @p17='?' (Size = 50), @p18='?' (Size = 4000), @p19='?' (DbType = DateTime), @p20='?' (Size = 500), @p21='?' (Size = 4000), @p22='?' (DbType = Boolean), @p23='?' (Size = 100), @p24='?' (Size = 50), @p25='?' (Size = 20), @p26='?' (Size = 50), @p27='?' (DbType = DateTime), @p28='?' (Size = 255), @p29='?' (Size = 50), @p30='?' (DbType = DateTime), @p31='?' (Size = 10), @p32='?' (Size = 500), @p33='?' (DbType = Boolean), @p34='?' (DbType = Boolean), @p35='?' (Size = 100), @p36='?' (Size = 4000), @p37='?' (Size = 4000), @p38='?' (DbType = DateTime)], CommandType='Text', CommandTimeout='30']&#xD;
INSERT INTO `customers` (`Address`, `AppCode`, `Code`, `ContactEmail`, `ContactPerson`, `ContactPhone`, `CreatedAt`, `Industry`, `LicenseExpireDate`, `LicenseKey`, `MaxAreaCount`, `MaxDeviceCount`, `MaxUserCount`, `Name`, `Phone`, `Status`, `UpdatedAt`)&#xD;
VALUES (@p0, @p1, @p2, @p3, @p4, @p5, @p6, @p7, @p8, @p9, @p10, @p11, @p12, @p13, @p14, @p15, @p16);&#xD;
SELECT `Id`&#xD;
FROM `customers`&#xD;
WHERE ROW_COUNT() = 1 AND `Id` = LAST_INSERT_ID();&#xD;
INSERT INTO `protocol_configs` (`AppCode`, `Config`, `CreatedAt`, `Description`, `DeviceIds`, `IsActive`, `Name`, `ProtocolType`, `Status`, `Type`, `UpdatedAt`)&#xD;
VALUES (@p17, @p18, @p19, @p20, @p21, @p22, @p23, @p24, @p25, @p26, @p27);&#xD;
SELECT `Id`&#xD;
FROM `protocol_configs`&#xD;
WHERE ROW_COUNT() = 1 AND `Id` = LAST_INSERT_ID();&#xD;
INSERT INTO `roles` (`AppCode`, `Code`, `CreatedAt`, `DataScope`, `Description`, `IsDefault`, `IsSystem`, `Name`, `Permissions`, `Status`, `UpdatedAt`)&#xD;
VALUES (@p28, @p29, @p30, @p31, @p32, @p33, @p34, @p35, @p36, @p37, @p38);&#xD;
SELECT `Id`&#xD;
FROM `roles`&#xD;
WHERE ROW_COUNT() = 1 AND `Id` = LAST_INSERT_ID();&#xD;
[15:49:53 INF] Executed DbCommand (0ms) [Parameters=[@p0='?' (Size = 50), @p1='?' (DbType = Int64), @p2='?' (Size = 100), @p3='?' (DbType = DateTime), @p4='?' (Size = 4000), @p5='?' (DbType = DateTime), @p6='?' (DbType = DateTime), @p7='?' (Size = 200), @p8='?' (DbType = Boolean), @p9='?' (Size = 100), @p10='?' (Size = 200), @p11='?' (DbType = Double), @p12='?' (DbType = Int64), @p13='?' (Size = 200), @p14='?' (DbType = Int64), @p15='?' (Size = 100), @p16='?' (Size = 20), @p17='?' (Size = 200), @p18='?' (DbType = DateTime), @p19='?' (Size = 20), @p20='?' (DbType = DateTime), @p21='?' (Size = 50), @p22='?' (DbType = Int64), @p23='?' (DbType = DateTime), @p24='?' (Size = 50), @p25='?' (Size = 50), @p26='?' (DbType = Boolean), @p27='?' (DbType = Int32), @p28='?' (DbType = DateTime), @p29='?' (DbType = DateTime), @p30='?' (Size = 100), @p31='?' (Size = 50), @p32='?' (Size = 500), @p33='?' (DbType = Int32), @p34='?' (DbType = Int32), @p35='?' (Size = 100), @p36='?' (Size = 4000), @p37='?' (Size = 255), @p38='?' (Size = 200), @p39='?' (DbType = DateTime), @p40='?' (DbType = Int64), @p41='?' (Size = 200), @p42='?' (Size = 4000), @p43='?' (Size = 100), @p44='?' (DbType = Boolean), @p45='?' (DbType = Boolean), @p46='?' (DbType = DateTime), @p47='?' (Size = 100), @p48='?' (Size = 500), @p49='?' (Size = 20), @p50='?' (Size = 50), @p51='?' (DbType = Int64), @p52='?' (Size = 20), @p53='?' (DbType = DateTime), @p54='?' (Size = 100)], CommandType='Text', CommandTimeout='30']&#xD;
INSERT INTO `devices` (`AppCode`, `AreaId`, `Category`, `CreatedAt`, `EnergyTypes`, `InstallDate`, `LastMaintenance`, `Location`, `MeterInstalled`, `Model`, `Name`, `Power`, `ProjectId`, `ProjectName`, `ProtocolConfigId`, `SerialNumber`, `Status`, `Supplier`, `UpdatedAt`, `Voltage`, `WarrantyDate`)&#xD;
VALUES (@p0, @p1, @p2, @p3, @p4, @p5, @p6, @p7, @p8, @p9, @p10, @p11, @p12, @p13, @p14, @p15, @p16, @p17, @p18, @p19, @p20);&#xD;
SELECT `Id`&#xD;
FROM `devices`&#xD;
WHERE ROW_COUNT() = 1 AND `Id` = LAST_INSERT_ID();&#xD;
INSERT INTO `discovered_ansheng_devices` (`AppCode`, `ClaimedDeviceId`, `DiscoveredAt`, `Iccid`, `Imei`, `IsClaimed`, `Kind`, `LastProbedAt`, `LastSeenAt`, `Model`, `NetType`, `ProbeError`, `ProbeStatus`, `SlotAmount`, `Version`)&#xD;
VALUES (@p21, @p22, @p23, @p24, @p25, @p26, @p27, @p28, @p29, @p30, @p31, @p32, @p33, @p34, @p35);&#xD;
SELECT `Id`&#xD;
FROM `discovered_ansheng_devices`&#xD;
WHERE ROW_COUNT() = 1 AND `Id` = LAST_INSERT_ID();&#xD;
INSERT INTO `users` (`AllowedAreaIds`, `AppCode`, `Avatar`, `CreatedAt`, `CustomerId`, `Email`, `EnergyTypes`, `FullName`, `IsActive`, `IsSuperAdmin`, `LastLoginTime`, `Name`, `Password`, `Phone`, `Role`, `RoleId`, `Status`, `UpdatedAt`, `Username`)&#xD;
VALUES (@p36, @p37, @p38, @p39, @p40, @p41, @p42, @p43, @p44, @p45, @p46, @p47, @p48, @p49, @p50, @p51, @p52, @p53, @p54);&#xD;
SELECT `Id`&#xD;
FROM `users`&#xD;
WHERE ROW_COUNT() = 1 AND `Id` = LAST_INSERT_ID();&#xD;
[15:49:53 INF] Executed DbCommand (0ms) [Parameters=[], CommandType='Text', CommandTimeout='30']&#xD;
SELECT COUNT(*)&#xD;
FROM `AnShengDeviceEvents` AS `a`&#xD;
[15:49:53 INF] Executed DbCommand (0ms) [Parameters=[@__imei_0='?' (Size = 100)], CommandType='Text', CommandTimeout='30']&#xD;
SELECT `d`.`Id`, `d`.`AppCode`&#xD;
FROM `devices` AS `d`&#xD;
WHERE `d`.`SerialNumber` = @__imei_0&#xD;
LIMIT 1&#xD;
[15:49:53 INF] Executed DbCommand (0ms) [Parameters=[@__imei_0='?' (Size = 50)], CommandType='Text', CommandTimeout='30']&#xD;
SELECT `a`.`Id`, `a`.`AppCode`, `a`.`CreatedAt`, `a`.`DeviceId`, `a`.`Iccid`, `a`.`Imei`, `a`.`Kind`, `a`.`KindSource`, `a`.`LastProbedAt`, `a`.`Model`, `a`.`NetType`, `a`.`PhaseAmount`, `a`.`ProbeError`, `a`.`ProbeStatus`, `a`.`Signal`, `a`.`SlotAmount`, `a`.`UpdatedAt`, `a`.`Version`&#xD;
FROM `ansheng_device_profiles` AS `a`&#xD;
WHERE `a`.`Imei` = @__imei_0&#xD;
LIMIT 1&#xD;
[15:49:53 INF] Executed DbCommand (1ms) [Parameters=[@p0='?' (Size = 50), @p1='?' (DbType = DateTime), @p2='?' (DbType = Int64), @p3='?' (DbType = DateTime), @p4='?' (Size = 512), @p5='?' (DbType = Boolean), @p6='?' (Size = 64), @p7='?' (Size = 32), @p8='?' (DbType = Int32), @p9='?' (Size = 32), @p10='?' (DbType = DateTime), @p11='?' (Size = 4000), @p12='?' (Size = 4000), @p13='?' (DbType = DateTime), @p14='?' (DbType = Int32), @p15='?' (DbType = Int32)], CommandType='Text', CommandTimeout='30']&#xD;
INSERT INTO `AnShengDeviceEvents` (`AppCode`, `CreatedAt`, `DeviceId`, `DeviceTimestampUtc`, `DispatchError`, `DispatchedToRules`, `FrameId`, `Imei`, `Kind`, `Method`, `OccurredAt`, `PayloadJson`, `RawJson`, `ReceivedAt`, `Severity`, `SlotNum`)&#xD;
VALUES (@p0, @p1, @p2, @p3, @p4, @p5, @p6, @p7, @p8, @p9, @p10, @p11, @p12, @p13, @p14, @p15);&#xD;
SELECT `Id`&#xD;
FROM `AnShengDeviceEvents`&#xD;
WHERE ROW_COUNT() = 1 AND `Id` = LAST_INSERT_ID();&#xD;
[15:49:53 INF] Executed DbCommand (0ms) [Parameters=[@__id_0='?' (DbType = Int64)], CommandType='Text', CommandTimeout='30']&#xD;
SELECT `d`.`Id`, `d`.`AppCode`, `d`.`AreaId`, `d`.`Category`, `d`.`CreatedAt`, `d`.`EnergyTypes`, `d`.`InstallDate`, `d`.`LastMaintenance`, `d`.`Location`, `d`.`MeterInstalled`, `d`.`Model`, `d`.`Name`, `d`.`Power`, `d`.`ProjectId`, `d`.`ProjectName`, `d`.`ProtocolConfigId`, `d`.`SerialNumber`, `d`.`Status`, `d`.`Supplier`, `d`.`UpdatedAt`, `d`.`Voltage`, `d`.`WarrantyDate`&#xD;
FROM `devices` AS `d`&#xD;
WHERE (`d`.`AppCode` = 'TEST') AND (`d`.`Id` = @__id_0)&#xD;
LIMIT 1&#xD;
[15:49:53 INF] Executed DbCommand (0ms) [Parameters=[@p0='?' (Size = 4000), @p1='?' (DbType = Int64), @p2='?' (Size = 4000), @p3='?' (DbType = Double), @p4='?' (DbType = Double), @p5='?' (DbType = Double), @p6='?' (DbType = Int64), @p7='?' (Size = 4000), @p8='?' (DbType = Double), @p9='?' (DbType = Double), @p10='?' (DbType = Double), @p11='?' (DbType = Double), @p12='?' (DbType = Double), @p13='?' (DbType = Double), @p14='?' (DbType = Double), @p15='?' (DbType = Double), @p16='?' (Size = 4000), @p17='?' (DbType = Double), @p18='?' (DbType = Double), @p19='?' (DbType = Double), @p20='?' (DbType = Double), @p21='?' (DbType = DateTime), @p22='?' (Size = 4000), @p23='?' (DbType = Double), @p24='?' (DbType = Double), @p25='?' (Size = 4000), @p26='?' (DbType = Double), @p27='?' (DbType = Double), @p28='?' (DbType = DateTime), @p29='?' (DbType = Double), @p30='?' (DbType = Double)], CommandType='Text', CommandTimeout='30']&#xD;
INSERT INTO `device_data_records` (`AppCode`, `AreaId`, `AreaName`, `CO`, `CO2`, `CombustibleGas`, `DeviceId`, `DeviceName`, `ElectricKWh`, `ElectricPower`, `ExhaustVolume`, `Formaldehyde`, `FreshAirVolume`, `GasFlow`, `GasTotal`, `Humidity`, `Level`, `Noise`, `OilFume`, `PM10`, `PM25`, `RecordTime`, `SensorData`, `Smoke`, `SmokeConcentration`, `Status`, `TVOC`, `Temperature`, `Timestamp`, `WaterFlow`, `WaterTotal`)&#xD;
VALUES (@p0, @p1, @p2, @p3, @p4, @p5, @p6, @p7, @p8, @p9, @p10, @p11, @p12, @p13, @p14, @p15, @p16, @p17, @p18, @p19, @p20, @p21, @p22, @p23, @p24, @p25, @p26, @p27, @p28, @p29, @p30);&#xD;
SELECT `Id`&#xD;
FROM `device_data_records`&#xD;
WHERE ROW_COUNT() = 1 AND `Id` = LAST_INSERT_ID();&#xD;
[15:49:53 INF] Executed DbCommand (0ms) [Parameters=[@__deviceId_0='?' (DbType = Int64)], CommandType='Text', CommandTimeout='30']&#xD;
SELECT `d`.`Id`, `d`.`AppCode`, `d`.`DeviceId`, `d`.`LastValue`, `d`.`Name`, `d`.`SensorType`, `d`.`Unit`&#xD;
FROM `device_sensors` AS `d`&#xD;
WHERE (`d`.`AppCode` = 'TEST') AND (`d`.`DeviceId` = @__deviceId_0)&#xD;
[15:49:53 INF] Executed DbCommand (0ms) [Parameters=[@__appCode_0='?' (Size = 255), @__deviceId_1='?' (DbType = Int64)], CommandType='Text', CommandTimeout='30']&#xD;
SELECT `d`.`Id`, `d`.`AppCode`, `d`.`AreaId`, `d`.`CreatedAt`, `d`.`DataType`, `d`.`Description`, `d`.`DeviceId`, `d`.`IsActive`, `d`.`Level`, `d`.`MaxValue`, `d`.`MinValue`, `d`.`Name`, `d`.`Priority`, `d`.`RuleExpression`, `d`.`RuleType`, `d`.`UpdatedAt`&#xD;
FROM `data_rules` AS `d`&#xD;
WHERE (`d`.`IsActive` AND (`d`.`AppCode` = @__appCode_0)) AND (`d`.`DeviceId` IS NULL OR (`d`.`DeviceId` = @__deviceId_1))&#xD;
[15:49:53 INF] Executed DbCommand (33ms) [Parameters=[@p1='?' (DbType = Int64), @p0='?' (DbType = Boolean)], CommandType='Text', CommandTimeout='30']&#xD;
SET AUTOCOMMIT = 1;&#xD;
UPDATE `AnShengDeviceEvents` SET `DispatchedToRules` = @p0&#xD;
WHERE `Id` = @p1;&#xD;
SELECT ROW_COUNT();&#xD;
[15:49:53 INF] [AnShengEvent] 864536072949900 keyEvent eventId=4 kind=Key dispatched=True&#xD;
[15:49:53 INF] Executed DbCommand (0ms) [Parameters=[@__imei_0='?' (Size = 32)], CommandType='Text', CommandTimeout='30']&#xD;
SELECT `a`.`Id`, `a`.`AppCode`, `a`.`CreatedAt`, `a`.`DeviceId`, `a`.`DeviceTimestampUtc`, `a`.`DispatchError`, `a`.`DispatchedToRules`, `a`.`FrameId`, `a`.`Imei`, `a`.`Kind`, `a`.`Method`, `a`.`OccurredAt`, `a`.`PayloadJson`, `a`.`RawJson`, `a`.`ReceivedAt`, `a`.`Severity`, `a`.`SlotNum`&#xD;
FROM `AnShengDeviceEvents` AS `a`&#xD;
WHERE `a`.`Imei` = @__imei_0&#xD;
[15:49:53 INF] Executed DbCommand (0ms) [Parameters=[@__Seed_DeviceId_0='?' (DbType = Int64)], CommandType='Text', CommandTimeout='30']&#xD;
SELECT `d`.`Id`, `d`.`AppCode`, `d`.`AreaId`, `d`.`AreaName`, `d`.`CO`, `d`.`CO2`, `d`.`CombustibleGas`, `d`.`DeviceId`, `d`.`DeviceName`, `d`.`ElectricKWh`, `d`.`ElectricPower`, `d`.`ExhaustVolume`, `d`.`Formaldehyde`, `d`.`FreshAirVolume`, `d`.`GasFlow`, `d`.`GasTotal`, `d`.`Humidity`, `d`.`Level`, `d`.`Noise`, `d`.`OilFume`, `d`.`PM10`, `d`.`PM25`, `d`.`RecordTime`, `d`.`SensorData`, `d`.`Smoke`, `d`.`SmokeConcentration`, `d`.`Status`, `d`.`TVOC`, `d`.`Temperature`, `d`.`Timestamp`, `d`.`WaterFlow`, `d`.`WaterTotal`&#xD;
FROM `device_data_records` AS `d`&#xD;
WHERE `d`.`DeviceId` = @__Seed_DeviceId_0&#xD;
[15:49:53 INF] AnShengUplinkPipeline ���˶���������&#xD;
[MySqlDbProvisioner] ��ɾ�����Կ� `iot_platform_test_main_20260804154824_7ae3`&#xD;
[xUnit.net 00:01:36.28]   Finished:    IoTPlatform.IntegrationTests&#xD;
</StdOut>
    </Output>
  </ResultSummary>
</TestRun>